Symlinking /home/nazir/ws_moveit/devel/include/rosserial_msgs/RequestMessageInfo.h
Symlinking /home/nazir/ws_moveit/devel/include/rosserial_msgs/RequestMessageInfoRequest.h
Symlinking /home/nazir/ws_moveit/devel/include/rosserial_msgs/RequestServiceInfoResponse.h
Symlinking /home/nazir/ws_moveit/devel/include/rosserial_msgs/RequestParamResponse.h
Symlinking /home/nazir/ws_moveit/devel/include/rosserial_msgs/RequestParam.h
Symlinking /home/nazir/ws_moveit/devel/include/rosserial_msgs/RequestMessageInfoResponse.h
Symlinking /home/nazir/ws_moveit/devel/include/rosserial_msgs/RequestServiceInfoRequest.h
Symlinking /home/nazir/ws_moveit/devel/include/rosserial_msgs/RequestServiceInfo.h
Symlinking /home/nazir/ws_moveit/devel/include/rosserial_msgs/RequestParamRequest.h
Symlinking /home/nazir/ws_moveit/devel/include/rosserial_msgs/TopicInfo.h
Symlinking /home/nazir/ws_moveit/devel/include/rosserial_msgs/Log.h
Symlinking /home/nazir/ws_moveit/devel/lib/pkgconfig/rosserial_msgs.pc
Symlinking /home/nazir/ws_moveit/devel/lib/python2.7/dist-packages/rosserial_msgs/__init__.py
Symlinking /home/nazir/ws_moveit/devel/lib/python2.7/dist-packages/rosserial_msgs/msg/_TopicInfo.py
Symlinking /home/nazir/ws_moveit/devel/lib/python2.7/dist-packages/rosserial_msgs/msg/__init__.py
Symlinking /home/nazir/ws_moveit/devel/lib/python2.7/dist-packages/rosserial_msgs/msg/_Log.py
Symlinking /home/nazir/ws_moveit/devel/lib/python2.7/dist-packages/rosserial_msgs/srv/_RequestParam.py
Symlinking /home/nazir/ws_moveit/devel/lib/python2.7/dist-packages/rosserial_msgs/srv/_RequestServiceInfo.py
Symlinking /home/nazir/ws_moveit/devel/lib/python2.7/dist-packages/rosserial_msgs/srv/_RequestMessageInfo.py
Symlinking /home/nazir/ws_moveit/devel/lib/python2.7/dist-packages/rosserial_msgs/srv/__init__.py
Symlinking /home/nazir/ws_moveit/devel/share/gennodejs/ros/rosserial_msgs/_index.js
Symlinking /home/nazir/ws_moveit/devel/share/gennodejs/ros/rosserial_msgs/msg/_index.js
Symlinking /home/nazir/ws_moveit/devel/share/gennodejs/ros/rosserial_msgs/msg/TopicInfo.js
Symlinking /home/nazir/ws_moveit/devel/share/gennodejs/ros/rosserial_msgs/msg/Log.js
Symlinking /home/nazir/ws_moveit/devel/share/gennodejs/ros/rosserial_msgs/srv/RequestMessageInfo.js
Symlinking /home/nazir/ws_moveit/devel/share/gennodejs/ros/rosserial_msgs/srv/RequestParam.js
Symlinking /home/nazir/ws_moveit/devel/share/gennodejs/ros/rosserial_msgs/srv/_index.js
Symlinking /home/nazir/ws_moveit/devel/share/gennodejs/ros/rosserial_msgs/srv/RequestServiceInfo.js
Symlinking /home/nazir/ws_moveit/devel/share/common-lisp/ros/rosserial_msgs/msg/Log.lisp
Symlinking /home/nazir/ws_moveit/devel/share/common-lisp/ros/rosserial_msgs/msg/_package_TopicInfo.lisp
Symlinking /home/nazir/ws_moveit/devel/share/common-lisp/ros/rosserial_msgs/msg/rosserial_msgs-msg.asd
Symlinking /home/nazir/ws_moveit/devel/share/common-lisp/ros/rosserial_msgs/msg/TopicInfo.lisp
Symlinking /home/nazir/ws_moveit/devel/share/common-lisp/ros/rosserial_msgs/msg/_package_Log.lisp
Symlinking /home/nazir/ws_moveit/devel/share/common-lisp/ros/rosserial_msgs/msg/_package.lisp
Symlinking /home/nazir/ws_moveit/devel/share/common-lisp/ros/rosserial_msgs/srv/rosserial_msgs-srv.asd
Symlinking /home/nazir/ws_moveit/devel/share/common-lisp/ros/rosserial_msgs/srv/_package_RequestServiceInfo.lisp
Symlinking /home/nazir/ws_moveit/devel/share/common-lisp/ros/rosserial_msgs/srv/RequestMessageInfo.lisp
Symlinking /home/nazir/ws_moveit/devel/share/common-lisp/ros/rosserial_msgs/srv/RequestParam.lisp
Symlinking /home/nazir/ws_moveit/devel/share/common-lisp/ros/rosserial_msgs/srv/_package.lisp
Symlinking /home/nazir/ws_moveit/devel/share/common-lisp/ros/rosserial_msgs/srv/_package_RequestParam.lisp
Symlinking /home/nazir/ws_moveit/devel/share/common-lisp/ros/rosserial_msgs/srv/RequestServiceInfo.lisp
Symlinking /home/nazir/ws_moveit/devel/share/common-lisp/ros/rosserial_msgs/srv/_package_RequestMessageInfo.lisp
Symlinking /home/nazir/ws_moveit/devel/share/rosserial_msgs/cmake/rosserial_msgsConfig-version.cmake
Symlinking /home/nazir/ws_moveit/devel/share/rosserial_msgs/cmake/rosserial_msgs-msg-paths.cmake
Symlinking /home/nazir/ws_moveit/devel/share/rosserial_msgs/cmake/rosserial_msgs-msg-extras.cmake
Symlinking /home/nazir/ws_moveit/devel/share/rosserial_msgs/cmake/rosserial_msgsConfig.cmake
Symlinking /home/nazir/ws_moveit/devel/share/roseus/ros/rosserial_msgs/manifest.l
Symlinking /home/nazir/ws_moveit/devel/share/roseus/ros/rosserial_msgs/msg/Log.l
Symlinking /home/nazir/ws_moveit/devel/share/roseus/ros/rosserial_msgs/msg/TopicInfo.l
Symlinking /home/nazir/ws_moveit/devel/share/roseus/ros/rosserial_msgs/srv/RequestParam.l
Symlinking /home/nazir/ws_moveit/devel/share/roseus/ros/rosserial_msgs/srv/RequestServiceInfo.l
Symlinking /home/nazir/ws_moveit/devel/share/roseus/ros/rosserial_msgs/srv/RequestMessageInfo.l
