[  0%] Built target _ur_msgs_generate_messages_check_deps_DualArmEff
[  0%] Built target _ur_msgs_generate_messages_check_deps_IOStates
[  0%] Built target _ur_msgs_generate_messages_check_deps_MasterboardDataMsg
[  0%] Built target _ur_msgs_generate_messages_check_deps_SetIO
[  0%] Built target _ur_msgs_generate_messages_check_deps_SetPayload
[  0%] Built target _ur_msgs_generate_messages_check_deps_Analog
[  0%] Built target _ur_msgs_generate_messages_check_deps_Digital
[  0%] Built target std_msgs_generate_messages_nodejs
[  0%] Built target geometry_msgs_generate_messages_nodejs
[  0%] Built target _ur_msgs_generate_messages_check_deps_ToolDataMsg
[  0%] Built target _ur_msgs_generate_messages_check_deps_RobotStateRTMsg
[  0%] Built target std_msgs_generate_messages_lisp
[  0%] Built target geometry_msgs_generate_messages_lisp
[  0%] Built target std_msgs_generate_messages_cpp
[  0%] Built target geometry_msgs_generate_messages_cpp
[  0%] Built target std_msgs_generate_messages_eus
[  0%] Built target geometry_msgs_generate_messages_eus
[  0%] Built target geometry_msgs_generate_messages_py
[  0%] Built target std_msgs_generate_messages_py
[ 18%] Built target ur_msgs_generate_messages_nodejs
[ 37%] Built target ur_msgs_generate_messages_lisp
[ 56%] Built target ur_msgs_generate_messages_cpp
[ 77%] Built target ur_msgs_generate_messages_eus
[100%] Built target ur_msgs_generate_messages_py
[100%] Built target ur_msgs_generate_messages
