[35m[1mScanning dependencies of target moveit_setup_assistant_tools_automoc[0m
[35m[1mScanning dependencies of target moveit_setup_assistant_widgets_automoc[0m
[35m[1mScanning dependencies of target moveit_setup_assistant_automoc[0m
[35m[1mScanning dependencies of target moveit_setup_assistant_updater_automoc[0m
[  2%] [34m[1mAutomatic moc for target moveit_setup_assistant_tools[0m
[  5%] [34m[1mAutomatic moc for target moveit_setup_assistant_widgets[0m
[  8%] [34m[1mAutomatic moc for target moveit_setup_assistant[0m
[34m[1mGenerating moc_collision_linear_model.cpp[0m
[ 11%] [34m[1mAutomatic moc for target moveit_setup_assistant_updater[0m
[34m[1mGenerating moc_author_information_widget.cpp[0m
[ 11%] Built target moveit_setup_assistant_automoc
[ 11%] Built target moveit_setup_assistant_updater_automoc
[34m[1mGenerating moc_collision_matrix_model.cpp[0m
[34m[1mGenerating moc_configuration_files_widget.cpp[0m
[ 11%] Built target moveit_setup_assistant_tools_automoc
[35m[1mScanning dependencies of target moveit_setup_assistant_tools[0m
[34m[1mGenerating moc_default_collisions_widget.cpp[0m
[34m[1mGenerating moc_double_list_widget.cpp[0m
[ 14%] [32mBuilding CXX object CMakeFiles/moveit_setup_assistant_tools.dir/src/tools/collision_linear_model.cpp.o[0m
[ 17%] [32mBuilding CXX object CMakeFiles/moveit_setup_assistant_tools.dir/src/tools/moveit_config_data.cpp.o[0m
[ 20%] [32mBuilding CXX object CMakeFiles/moveit_setup_assistant_tools.dir/src/tools/compute_default_collisions.cpp.o[0m
[34m[1mGenerating moc_end_effectors_widget.cpp[0m
[34m[1mGenerating moc_group_edit_widget.cpp[0m
[34m[1mGenerating moc_header_widget.cpp[0m
[34m[1mGenerating moc_kinematic_chain_widget.cpp[0m
[34m[1mGenerating moc_navigation_widget.cpp[0m
[34m[1mGenerating moc_passive_joints_widget.cpp[0m
[34m[1mGenerating moc_planning_groups_widget.cpp[0m
[34m[1mGenerating moc_robot_poses_widget.cpp[0m
[34m[1mGenerating moc_setup_assistant_widget.cpp[0m
[34m[1mGenerating moc_setup_screen_widget.cpp[0m
[34m[1mGenerating moc_start_screen_widget.cpp[0m
[34m[1mGenerating moc_virtual_joints_widget.cpp[0m
[ 20%] Built target moveit_setup_assistant_widgets_automoc
[ 22%] [32mBuilding CXX object CMakeFiles/moveit_setup_assistant_tools.dir/src/tools/collision_matrix_model.cpp.o[0m
[ 25%] [32mBuilding CXX object CMakeFiles/moveit_setup_assistant_tools.dir/src/tools/rotated_header_view.cpp.o[0m
[ 28%] [32mBuilding CXX object CMakeFiles/moveit_setup_assistant_tools.dir/moveit_setup_assistant_tools_automoc.cpp.o[0m
[ 31%] [32m[1mLinking CXX shared library /home/nazir/ws_moveit/devel/.private/moveit_setup_assistant/lib/libmoveit_setup_assistant_tools.so[0m
[ 31%] Built target moveit_setup_assistant_tools
[35m[1mScanning dependencies of target moveit_setup_assistant_widgets[0m
[35m[1mScanning dependencies of target moveit_setup_assistant_updater[0m
[ 34%] [32mBuilding CXX object CMakeFiles/moveit_setup_assistant_updater.dir/moveit_setup_assistant_updater_automoc.cpp.o[0m
[ 37%] [32mBuilding CXX object CMakeFiles/moveit_setup_assistant_updater.dir/src/collisions_updater.cpp.o[0m
[ 40%] [32mBuilding CXX object CMakeFiles/moveit_setup_assistant_widgets.dir/src/widgets/start_screen_widget.cpp.o[0m
[ 42%] [32mBuilding CXX object CMakeFiles/moveit_setup_assistant_widgets.dir/src/widgets/planning_groups_widget.cpp.o[0m
[ 45%] [32mBuilding CXX object CMakeFiles/moveit_setup_assistant_widgets.dir/src/widgets/double_list_widget.cpp.o[0m
[ 48%] [32mBuilding CXX object CMakeFiles/moveit_setup_assistant_widgets.dir/src/widgets/kinematic_chain_widget.cpp.o[0m
[ 51%] [32m[1mLinking CXX executable /home/nazir/ws_moveit/devel/.private/moveit_setup_assistant/lib/moveit_setup_assistant/collisions_updater[0m
[ 54%] [32mBuilding CXX object CMakeFiles/moveit_setup_assistant_widgets.dir/src/widgets/group_edit_widget.cpp.o[0m
[ 54%] Built target moveit_setup_assistant_updater
[ 57%] [32mBuilding CXX object CMakeFiles/moveit_setup_assistant_widgets.dir/src/widgets/default_collisions_widget.cpp.o[0m
[ 60%] [32mBuilding CXX object CMakeFiles/moveit_setup_assistant_widgets.dir/src/widgets/robot_poses_widget.cpp.o[0m
[ 62%] [32mBuilding CXX object CMakeFiles/moveit_setup_assistant_widgets.dir/src/widgets/end_effectors_widget.cpp.o[0m
[ 65%] [32mBuilding CXX object CMakeFiles/moveit_setup_assistant_widgets.dir/src/widgets/virtual_joints_widget.cpp.o[0m
[ 68%] [32mBuilding CXX object CMakeFiles/moveit_setup_assistant_widgets.dir/src/widgets/passive_joints_widget.cpp.o[0m
[ 71%] [32mBuilding CXX object CMakeFiles/moveit_setup_assistant_widgets.dir/src/widgets/configuration_files_widget.cpp.o[0m
[ 74%] [32mBuilding CXX object CMakeFiles/moveit_setup_assistant_widgets.dir/src/widgets/navigation_widget.cpp.o[0m
[ 77%] [32mBuilding CXX object CMakeFiles/moveit_setup_assistant_widgets.dir/src/widgets/header_widget.cpp.o[0m
[ 80%] [32mBuilding CXX object CMakeFiles/moveit_setup_assistant_widgets.dir/src/widgets/setup_assistant_widget.cpp.o[0m
[ 82%] [32mBuilding CXX object CMakeFiles/moveit_setup_assistant_widgets.dir/src/widgets/setup_screen_widget.cpp.o[0m
[ 85%] [32mBuilding CXX object CMakeFiles/moveit_setup_assistant_widgets.dir/src/widgets/author_information_widget.cpp.o[0m
[ 88%] [32mBuilding CXX object CMakeFiles/moveit_setup_assistant_widgets.dir/moveit_setup_assistant_widgets_automoc.cpp.o[0m
[ 91%] [32m[1mLinking CXX shared library /home/nazir/ws_moveit/devel/.private/moveit_setup_assistant/lib/libmoveit_setup_assistant_widgets.so[0m
[ 91%] Built target moveit_setup_assistant_widgets
[35m[1mScanning dependencies of target moveit_setup_assistant[0m
[ 97%] [32mBuilding CXX object CMakeFiles/moveit_setup_assistant.dir/moveit_setup_assistant_automoc.cpp.o[0m
[ 97%] [32mBuilding CXX object CMakeFiles/moveit_setup_assistant.dir/src/setup_assistant_main.cpp.o[0m
[100%] [32m[1mLinking CXX executable /home/nazir/ws_moveit/devel/.private/moveit_setup_assistant/lib/moveit_setup_assistant/moveit_setup_assistant[0m
[100%] Built target moveit_setup_assistant
