[  0%] Built target roscpp_generate_messages_nodejs
[  0%] Built target rosgraph_msgs_generate_messages_lisp
[  0%] Built target rosgraph_msgs_generate_messages_py
[  0%] Built target std_msgs_generate_messages_py
[  0%] Built target roscpp_generate_messages_lisp
[  0%] Built target std_msgs_generate_messages_eus
[  0%] Built target rosserial_msgs_generate_messages_eus
[  0%] Built target topic_tools_generate_messages_py
[  0%] Built target topic_tools_generate_messages_lisp
[  0%] Built target topic_tools_generate_messages_eus
[  0%] Built target topic_tools_generate_messages_cpp
[  0%] Built target rosserial_msgs_generate_messages_py
[  0%] Built target rosserial_msgs_generate_messages_nodejs
[  0%] Built target topic_tools_generate_messages_nodejs
[  0%] Built target roscpp_generate_messages_py
[  0%] Built target rosgraph_msgs_generate_messages_eus
[  0%] Built target rosserial_msgs_generate_messages_lisp
[  0%] Built target std_msgs_generate_messages_nodejs
[  0%] Built target roscpp_generate_messages_cpp
[  0%] Built target roscpp_generate_messages_eus
[  0%] Built target rosserial_msgs_generate_messages_cpp
[  0%] Built target std_msgs_generate_messages_cpp
[  0%] Built target std_msgs_generate_messages_lisp
[  0%] Built target rosgraph_msgs_generate_messages_cpp
[  0%] Built target rosgraph_msgs_generate_messages_nodejs
[35m[1mScanning dependencies of target rosserial_server_socket_node[0m
[ 16%] [32mBuilding CXX object CMakeFiles/rosserial_server_socket_node.dir/src/socket_node.cpp.o[0m
[35m[1mScanning dependencies of target rosserial_server_udp_socket_node[0m
[ 33%] [32mBuilding CXX object CMakeFiles/rosserial_server_udp_socket_node.dir/src/udp_socket_node.cpp.o[0m
[35m[1mScanning dependencies of target rosserial_server_serial_node[0m
[ 50%] [32mBuilding CXX object CMakeFiles/rosserial_server_serial_node.dir/src/serial_node.cpp.o[0m
[ 66%] [32m[1mLinking CXX executable /home/nazir/ws_moveit/devel/.private/rosserial_server/lib/rosserial_server/socket_node[0m
[ 66%] Built target rosserial_server_socket_node
[ 83%] [32m[1mLinking CXX executable /home/nazir/ws_moveit/devel/.private/rosserial_server/lib/rosserial_server/serial_node[0m
[100%] [32m[1mLinking CXX executable /home/nazir/ws_moveit/devel/.private/rosserial_server/lib/rosserial_server/udp_socket_node[0m
[100%] Built target rosserial_server_serial_node
[100%] Built target rosserial_server_udp_socket_node
