[01m[K/home/nazir/ws_moveit/src/ur10_cm/ros_nodes/cpp_hong_kong_manipulation.cpp:[m[K In function ‘[01m[Kvoid cb_target_pose_hong_kong(const ConstPtr&)[m[K’:
[01m[K/home/nazir/ws_moveit/src/ur10_cm/ros_nodes/cpp_hong_kong_manipulation.cpp:30:3:[m[K [01;31m[Kerror: [m[K‘[01m[Ktarget_pose_hong[m[K’ was not declared in this scope
   target_pose_hong = msg->hong_kong_target_pose[0];
[01;32m[K   ^[m[K
[01m[K/home/nazir/ws_moveit/src/ur10_cm/ros_nodes/cpp_hong_kong_manipulation.cpp:32:3:[m[K [01;31m[Kerror: [m[K‘[01m[Ktarget_pose_kong[m[K’ was not declared in this scope
   target_pose_kong = msg->hong_kong_target_pose[1];
[01;32m[K   ^[m[K
[01m[K/home/nazir/ws_moveit/src/ur10_cm/ros_nodes/cpp_hong_kong_manipulation.cpp:41:48:[m[K [01;31m[Kerror: [m[Kpassing ‘[01m[Kconst moveit::planning_interface::MoveGroupInterface[m[K’ as ‘[01m[Kthis[m[K’ argument discards qualifiers [-fpermissive]
   bool success = (move_group.plan(dual_arm_plan) == moveit::planning_interface::MoveItErrorCode::SUCCESS);
[01;32m[K                                                ^[m[K
In file included from [01m[K/home/nazir/ws_moveit/src/ur10_cm/ros_nodes/cpp_hong_kong_manipulation.cpp:7:0[m[K:
[01m[K/home/nazir/ws_moveit/src/moveit/moveit_ros/planning_interface/move_group_interface/include/moveit/move_group_interface/move_group_interface.h:695:19:[m[K [01;36m[Knote: [m[K  in call to ‘[01m[Kmoveit::planning_interface::MoveItErrorCode moveit::planning_interface::MoveGroupInterface::plan(moveit::planning_interface::MoveGroupInterface::Plan&)[m[K’
   MoveItErrorCode plan(Plan& plan);
[01;32m[K                   ^[m[K
[01m[K/home/nazir/ws_moveit/src/ur10_cm/ros_nodes/cpp_hong_kong_manipulation.cpp:43:43:[m[K [01;31m[Kerror: [m[Kpassing ‘[01m[Kconst moveit::planning_interface::MoveGroupInterface[m[K’ as ‘[01m[Kthis[m[K’ argument discards qualifiers [-fpermissive]
   success = (move_group.plan(dual_arm_plan) == moveit::planning_interface::MoveItErrorCode::SUCCESS);
[01;32m[K                                           ^[m[K
In file included from [01m[K/home/nazir/ws_moveit/src/ur10_cm/ros_nodes/cpp_hong_kong_manipulation.cpp:7:0[m[K:
[01m[K/home/nazir/ws_moveit/src/moveit/moveit_ros/planning_interface/move_group_interface/include/moveit/move_group_interface/move_group_interface.h:695:19:[m[K [01;36m[Knote: [m[K  in call to ‘[01m[Kmoveit::planning_interface::MoveItErrorCode moveit::planning_interface::MoveGroupInterface::plan(moveit::planning_interface::MoveGroupInterface::Plan&)[m[K’
   MoveItErrorCode plan(Plan& plan);
[01;32m[K                   ^[m[K
[01m[K/home/nazir/ws_moveit/src/ur10_cm/ros_nodes/cpp_hong_kong_manipulation.cpp:[m[K At global scope:
[01m[K/home/nazir/ws_moveit/src/ur10_cm/ros_nodes/cpp_hong_kong_manipulation.cpp:50:35:[m[K [01;31m[Kerror: [m[Kvariable or field ‘[01m[KsetGroupProperties[m[K’ declared void
 void setGroupProperties(move_group)
[01;32m[K                                   ^[m[K
make[2]: *** [CMakeFiles/cpp_hong_kong_manipulation.dir/ros_nodes/cpp_hong_kong_manipulation.cpp.o] Error 1
make[1]: *** [CMakeFiles/cpp_hong_kong_manipulation.dir/all] Error 2
make: *** [all] Error 2
