[01m[K/home/nazir/ws_moveit/src/ur10_cm/ros_nodes/cpp_hong_kong_manipulation.cpp:26:79:[m[K [01;31m[Kerror: [m[K‘[01m[Kmove_group[m[K’ is not a type
 void cb_target_pose_hong_kong(const ur10_cm::dual_arm_eff_msg::ConstPtr& msg, move_group)
[01;32m[K                                                                               ^[m[K
[01m[K/home/nazir/ws_moveit/src/ur10_cm/ros_nodes/cpp_hong_kong_manipulation.cpp:[m[K In function ‘[01m[Kvoid cb_target_pose_hong_kong(const ConstPtr&, int)[m[K’:
[01m[K/home/nazir/ws_moveit/src/ur10_cm/ros_nodes/cpp_hong_kong_manipulation.cpp:38:60:[m[K [01;31m[Kerror: [m[Kpassing ‘[01m[Kconst moveit::planning_interface::MoveGroupInterface[m[K’ as ‘[01m[Kthis[m[K’ argument discards qualifiers [-fpermissive]
   move_group.setPoseTarget(target_pose_hong, "hong_ee_link");
[01;32m[K                                                            ^[m[K
In file included from [01m[K/home/nazir/ws_moveit/src/ur10_cm/ros_nodes/cpp_hong_kong_manipulation.cpp:7:0[m[K:
[01m[K/home/nazir/ws_moveit/src/moveit/moveit_ros/planning_interface/move_group_interface/include/moveit/move_group_interface/move_group_interface.h:552:8:[m[K [01;36m[Knote: [m[K  in call to ‘[01m[Kbool moveit::planning_interface::MoveGroupInterface::setPoseTarget(const Pose&, const string&)[m[K’
   bool setPoseTarget(const geometry_msgs::Pose& target, const std::string& end_effector_link = "");
[01;32m[K        ^[m[K
[01m[K/home/nazir/ws_moveit/src/ur10_cm/ros_nodes/cpp_hong_kong_manipulation.cpp:40:60:[m[K [01;31m[Kerror: [m[Kpassing ‘[01m[Kconst moveit::planning_interface::MoveGroupInterface[m[K’ as ‘[01m[Kthis[m[K’ argument discards qualifiers [-fpermissive]
   move_group.setPoseTarget(target_pose_kong, "kong_ee_link");
[01;32m[K                                                            ^[m[K
In file included from [01m[K/home/nazir/ws_moveit/src/ur10_cm/ros_nodes/cpp_hong_kong_manipulation.cpp:7:0[m[K:
[01m[K/home/nazir/ws_moveit/src/moveit/moveit_ros/planning_interface/move_group_interface/include/moveit/move_group_interface/move_group_interface.h:552:8:[m[K [01;36m[Knote: [m[K  in call to ‘[01m[Kbool moveit::planning_interface::MoveGroupInterface::setPoseTarget(const Pose&, const string&)[m[K’
   bool setPoseTarget(const geometry_msgs::Pose& target, const std::string& end_effector_link = "");
[01;32m[K        ^[m[K
[01m[K/home/nazir/ws_moveit/src/ur10_cm/ros_nodes/cpp_hong_kong_manipulation.cpp:44:48:[m[K [01;31m[Kerror: [m[Kpassing ‘[01m[Kconst moveit::planning_interface::MoveGroupInterface[m[K’ as ‘[01m[Kthis[m[K’ argument discards qualifiers [-fpermissive]
   bool success = (move_group.plan(dual_arm_plan) == moveit::planning_interface::MoveItErrorCode::SUCCESS);
[01;32m[K                                                ^[m[K
In file included from [01m[K/home/nazir/ws_moveit/src/ur10_cm/ros_nodes/cpp_hong_kong_manipulation.cpp:7:0[m[K:
[01m[K/home/nazir/ws_moveit/src/moveit/moveit_ros/planning_interface/move_group_interface/include/moveit/move_group_interface/move_group_interface.h:695:19:[m[K [01;36m[Knote: [m[K  in call to ‘[01m[Kmoveit::planning_interface::MoveItErrorCode moveit::planning_interface::MoveGroupInterface::plan(moveit::planning_interface::MoveGroupInterface::Plan&)[m[K’
   MoveItErrorCode plan(Plan& plan);
[01;32m[K                   ^[m[K
[01m[K/home/nazir/ws_moveit/src/ur10_cm/ros_nodes/cpp_hong_kong_manipulation.cpp:46:43:[m[K [01;31m[Kerror: [m[Kpassing ‘[01m[Kconst moveit::planning_interface::MoveGroupInterface[m[K’ as ‘[01m[Kthis[m[K’ argument discards qualifiers [-fpermissive]
   success = (move_group.plan(dual_arm_plan) == moveit::planning_interface::MoveItErrorCode::SUCCESS);
[01;32m[K                                           ^[m[K
In file included from [01m[K/home/nazir/ws_moveit/src/ur10_cm/ros_nodes/cpp_hong_kong_manipulation.cpp:7:0[m[K:
[01m[K/home/nazir/ws_moveit/src/moveit/moveit_ros/planning_interface/move_group_interface/include/moveit/move_group_interface/move_group_interface.h:695:19:[m[K [01;36m[Knote: [m[K  in call to ‘[01m[Kmoveit::planning_interface::MoveItErrorCode moveit::planning_interface::MoveGroupInterface::plan(moveit::planning_interface::MoveGroupInterface::Plan&)[m[K’
   MoveItErrorCode plan(Plan& plan);
[01;32m[K                   ^[m[K
[01m[K/home/nazir/ws_moveit/src/ur10_cm/ros_nodes/cpp_hong_kong_manipulation.cpp:[m[K At global scope:
[01m[K/home/nazir/ws_moveit/src/ur10_cm/ros_nodes/cpp_hong_kong_manipulation.cpp:53:35:[m[K [01;31m[Kerror: [m[Kvariable or field ‘[01m[KsetGroupProperties[m[K’ declared void
 void setGroupProperties(move_group)
[01;32m[K                                   ^[m[K
[01m[K/home/nazir/ws_moveit/src/ur10_cm/ros_nodes/cpp_hong_kong_manipulation.cpp:[m[K In function ‘[01m[Kint main(int, char**)[m[K’:
[01m[K/home/nazir/ws_moveit/src/ur10_cm/ros_nodes/cpp_hong_kong_manipulation.cpp:70:106:[m[K [01;31m[Kerror: [m[Kno matching function for call to ‘[01m[Kros::NodeHandle::subscribe(const char [22], int, void (&)(const ConstPtr&, int))[m[K’
   ros::Subscriber sub_hong  = node_handle.subscribe("target_pose_hong_kong", 10, cb_target_pose_hong_kong);
[01;32m[K                                                                                                          ^[m[K
In file included from [01m[K/opt/ros/kinetic/include/ros/ros.h:45:0[m[K,
                 from [01m[K/home/nazir/ws_moveit/src/ur10_cm/ros_nodes/cpp_hong_kong_manipulation.cpp:1[m[K:
[01m[K/opt/ros/kinetic/include/ros/node_handle.h:401:14:[m[K [01;36m[Knote: [m[Kcandidate: template<class M, class T> ros::Subscriber ros::NodeHandle::subscribe(const string&, uint32_t, void (T::*)(M), T*, const ros::TransportHints&)
   Subscriber subscribe(const std::string& topic, uint32_t queue_size, void(T::*fp)(M), T* obj, 
[01;32m[K              ^[m[K
[01m[K/opt/ros/kinetic/include/ros/node_handle.h:401:14:[m[K [01;36m[Knote: [m[K  template argument deduction/substitution failed:
[01m[K/home/nazir/ws_moveit/src/ur10_cm/ros_nodes/cpp_hong_kong_manipulation.cpp:70:106:[m[K [01;36m[Knote: [m[K  mismatched types ‘[01m[Kvoid (T::*)(M)[m[K’ and ‘[01m[Kvoid (*)(const ConstPtr&, int) {aka void (*)(const boost::shared_ptr<const ur10_cm::dual_arm_eff_msg_<std::allocator<void> > >&, int)}[m[K’
   ros::Subscriber sub_hong  = node_handle.subscribe("target_pose_hong_kong", 10, cb_target_pose_hong_kong);
[01;32m[K                                                                                                          ^[m[K
In file included from [01m[K/opt/ros/kinetic/include/ros/ros.h:45:0[m[K,
                 from [01m[K/home/nazir/ws_moveit/src/ur10_cm/ros_nodes/cpp_hong_kong_manipulation.cpp:1[m[K:
[01m[K/opt/ros/kinetic/include/ros/node_handle.h:412:14:[m[K [01;36m[Knote: [m[Kcandidate: template<class M, class T> ros::Subscriber ros::NodeHandle::subscribe(const string&, uint32_t, void (T::*)(M) const, T*, const ros::TransportHints&)
   Subscriber subscribe(const std::string& topic, uint32_t queue_size, void(T::*fp)(M) const, T* obj, 
[01;32m[K              ^[m[K
[01m[K/opt/ros/kinetic/include/ros/node_handle.h:412:14:[m[K [01;36m[Knote: [m[K  template argument deduction/substitution failed:
[01m[K/home/nazir/ws_moveit/src/ur10_cm/ros_nodes/cpp_hong_kong_manipulation.cpp:70:106:[m[K [01;36m[Knote: [m[K  mismatched types ‘[01m[Kvoid (T::*)(M) const[m[K’ and ‘[01m[Kvoid (*)(const ConstPtr&, int) {aka void (*)(const boost::shared_ptr<const ur10_cm::dual_arm_eff_msg_<std::allocator<void> > >&, int)}[m[K’
   ros::Subscriber sub_hong  = node_handle.subscribe("target_pose_hong_kong", 10, cb_target_pose_hong_kong);
[01;32m[K                                                                                                          ^[m[K
In file included from [01m[K/opt/ros/kinetic/include/ros/ros.h:45:0[m[K,
                 from [01m[K/home/nazir/ws_moveit/src/ur10_cm/ros_nodes/cpp_hong_kong_manipulation.cpp:1[m[K:
[01m[K/opt/ros/kinetic/include/ros/node_handle.h:464:14:[m[K [01;36m[Knote: [m[Kcandidate: template<class M, class T> ros::Subscriber ros::NodeHandle::subscribe(const string&, uint32_t, void (T::*)(const boost::shared_ptr<const M>&), T*, const ros::TransportHints&)
   Subscriber subscribe(const std::string& topic, uint32_t queue_size, 
[01;32m[K              ^[m[K
[01m[K/opt/ros/kinetic/include/ros/node_handle.h:464:14:[m[K [01;36m[Knote: [m[K  template argument deduction/substitution failed:
[01m[K/home/nazir/ws_moveit/src/ur10_cm/ros_nodes/cpp_hong_kong_manipulation.cpp:70:106:[m[K [01;36m[Knote: [m[K  mismatched types ‘[01m[Kvoid (T::*)(const boost::shared_ptr<const M>&)[m[K’ and ‘[01m[Kvoid (*)(const ConstPtr&, int) {aka void (*)(const boost::shared_ptr<const ur10_cm::dual_arm_eff_msg_<std::allocator<void> > >&, int)}[m[K’
   ros::Subscriber sub_hong  = node_handle.subscribe("target_pose_hong_kong", 10, cb_target_pose_hong_kong);
[01;32m[K                                                                                                          ^[m[K
In file included from [01m[K/opt/ros/kinetic/include/ros/ros.h:45:0[m[K,
                 from [01m[K/home/nazir/ws_moveit/src/ur10_cm/ros_nodes/cpp_hong_kong_manipulation.cpp:1[m[K:
[01m[K/opt/ros/kinetic/include/ros/node_handle.h:474:14:[m[K [01;36m[Knote: [m[Kcandidate: template<class M, class T> ros::Subscriber ros::NodeHandle::subscribe(const string&, uint32_t, void (T::*)(const boost::shared_ptr<const M>&) const, T*, const ros::TransportHints&)
   Subscriber subscribe(const std::string& topic, uint32_t queue_size, 
[01;32m[K              ^[m[K
[01m[K/opt/ros/kinetic/include/ros/node_handle.h:474:14:[m[K [01;36m[Knote: [m[K  template argument deduction/substitution failed:
[01m[K/home/nazir/ws_moveit/src/ur10_cm/ros_nodes/cpp_hong_kong_manipulation.cpp:70:106:[m[K [01;36m[Knote: [m[K  mismatched types ‘[01m[Kvoid (T::*)(const boost::shared_ptr<const M>&) const[m[K’ and ‘[01m[Kvoid (*)(const ConstPtr&, int) {aka void (*)(const boost::shared_ptr<const ur10_cm::dual_arm_eff_msg_<std::allocator<void> > >&, int)}[m[K’
   ros::Subscriber sub_hong  = node_handle.subscribe("target_pose_hong_kong", 10, cb_target_pose_hong_kong);
[01;32m[K                                                                                                          ^[m[K
In file included from [01m[K/opt/ros/kinetic/include/ros/ros.h:45:0[m[K,
                 from [01m[K/home/nazir/ws_moveit/src/ur10_cm/ros_nodes/cpp_hong_kong_manipulation.cpp:1[m[K:
[01m[K/opt/ros/kinetic/include/ros/node_handle.h:528:14:[m[K [01;36m[Knote: [m[Kcandidate: template<class M, class T> ros::Subscriber ros::NodeHandle::subscribe(const string&, uint32_t, void (T::*)(M), const boost::shared_ptr<U>&, const ros::TransportHints&)
   Subscriber subscribe(const std::string& topic, uint32_t queue_size, void(T::*fp)(M), 
[01;32m[K              ^[m[K
[01m[K/opt/ros/kinetic/include/ros/node_handle.h:528:14:[m[K [01;36m[Knote: [m[K  template argument deduction/substitution failed:
[01m[K/home/nazir/ws_moveit/src/ur10_cm/ros_nodes/cpp_hong_kong_manipulation.cpp:70:106:[m[K [01;36m[Knote: [m[K  mismatched types ‘[01m[Kvoid (T::*)(M)[m[K’ and ‘[01m[Kvoid (*)(const ConstPtr&, int) {aka void (*)(const boost::shared_ptr<const ur10_cm::dual_arm_eff_msg_<std::allocator<void> > >&, int)}[m[K’
   ros::Subscriber sub_hong  = node_handle.subscribe("target_pose_hong_kong", 10, cb_target_pose_hong_kong);
[01;32m[K                                                                                                          ^[m[K
In file included from [01m[K/opt/ros/kinetic/include/ros/ros.h:45:0[m[K,
                 from [01m[K/home/nazir/ws_moveit/src/ur10_cm/ros_nodes/cpp_hong_kong_manipulation.cpp:1[m[K:
[01m[K/opt/ros/kinetic/include/ros/node_handle.h:539:14:[m[K [01;36m[Knote: [m[Kcandidate: template<class M, class T> ros::Subscriber ros::NodeHandle::subscribe(const string&, uint32_t, void (T::*)(M) const, const boost::shared_ptr<U>&, const ros::TransportHints&)
   Subscriber subscribe(const std::string& topic, uint32_t queue_size, void(T::*fp)(M) const, 
[01;32m[K              ^[m[K
[01m[K/opt/ros/kinetic/include/ros/node_handle.h:539:14:[m[K [01;36m[Knote: [m[K  template argument deduction/substitution failed:
[01m[K/home/nazir/ws_moveit/src/ur10_cm/ros_nodes/cpp_hong_kong_manipulation.cpp:70:106:[m[K [01;36m[Knote: [m[K  mismatched types ‘[01m[Kvoid (T::*)(M) const[m[K’ and ‘[01m[Kvoid (*)(const ConstPtr&, int) {aka void (*)(const boost::shared_ptr<const ur10_cm::dual_arm_eff_msg_<std::allocator<void> > >&, int)}[m[K’
   ros::Subscriber sub_hong  = node_handle.subscribe("target_pose_hong_kong", 10, cb_target_pose_hong_kong);
[01;32m[K                                                                                                          ^[m[K
In file included from [01m[K/opt/ros/kinetic/include/ros/ros.h:45:0[m[K,
                 from [01m[K/home/nazir/ws_moveit/src/ur10_cm/ros_nodes/cpp_hong_kong_manipulation.cpp:1[m[K:
[01m[K/opt/ros/kinetic/include/ros/node_handle.h:593:14:[m[K [01;36m[Knote: [m[Kcandidate: template<class M, class T> ros::Subscriber ros::NodeHandle::subscribe(const string&, uint32_t, void (T::*)(const boost::shared_ptr<const M>&), const boost::shared_ptr<U>&, const ros::TransportHints&)
   Subscriber subscribe(const std::string& topic, uint32_t queue_size, 
[01;32m[K              ^[m[K
[01m[K/opt/ros/kinetic/include/ros/node_handle.h:593:14:[m[K [01;36m[Knote: [m[K  template argument deduction/substitution failed:
[01m[K/home/nazir/ws_moveit/src/ur10_cm/ros_nodes/cpp_hong_kong_manipulation.cpp:70:106:[m[K [01;36m[Knote: [m[K  mismatched types ‘[01m[Kvoid (T::*)(const boost::shared_ptr<const M>&)[m[K’ and ‘[01m[Kvoid (*)(const ConstPtr&, int) {aka void (*)(const boost::shared_ptr<const ur10_cm::dual_arm_eff_msg_<std::allocator<void> > >&, int)}[m[K’
   ros::Subscriber sub_hong  = node_handle.subscribe("target_pose_hong_kong", 10, cb_target_pose_hong_kong);
[01;32m[K                                                                                                          ^[m[K
In file included from [01m[K/opt/ros/kinetic/include/ros/ros.h:45:0[m[K,
                 from [01m[K/home/nazir/ws_moveit/src/ur10_cm/ros_nodes/cpp_hong_kong_manipulation.cpp:1[m[K:
[01m[K/opt/ros/kinetic/include/ros/node_handle.h:604:14:[m[K [01;36m[Knote: [m[Kcandidate: template<class M, class T> ros::Subscriber ros::NodeHandle::subscribe(const string&, uint32_t, void (T::*)(const boost::shared_ptr<const M>&) const, const boost::shared_ptr<U>&, const ros::TransportHints&)
   Subscriber subscribe(const std::string& topic, uint32_t queue_size, 
[01;32m[K              ^[m[K
[01m[K/opt/ros/kinetic/include/ros/node_handle.h:604:14:[m[K [01;36m[Knote: [m[K  template argument deduction/substitution failed:
[01m[K/home/nazir/ws_moveit/src/ur10_cm/ros_nodes/cpp_hong_kong_manipulation.cpp:70:106:[m[K [01;36m[Knote: [m[K  mismatched types ‘[01m[Kvoid (T::*)(const boost::shared_ptr<const M>&) const[m[K’ and ‘[01m[Kvoid (*)(const ConstPtr&, int) {aka void (*)(const boost::shared_ptr<const ur10_cm::dual_arm_eff_msg_<std::allocator<void> > >&, int)}[m[K’
   ros::Subscriber sub_hong  = node_handle.subscribe("target_pose_hong_kong", 10, cb_target_pose_hong_kong);
[01;32m[K                                                                                                          ^[m[K
In file included from [01m[K/opt/ros/kinetic/include/ros/ros.h:45:0[m[K,
                 from [01m[K/home/nazir/ws_moveit/src/ur10_cm/ros_nodes/cpp_hong_kong_manipulation.cpp:1[m[K:
[01m[K/opt/ros/kinetic/include/ros/node_handle.h:655:14:[m[K [01;36m[Knote: [m[Kcandidate: template<class M> ros::Subscriber ros::NodeHandle::subscribe(const string&, uint32_t, void (*)(M), const ros::TransportHints&)
   Subscriber subscribe(const std::string& topic, uint32_t queue_size, void(*fp)(M), const TransportHints& transport_hints = TransportHints())
[01;32m[K              ^[m[K
[01m[K/opt/ros/kinetic/include/ros/node_handle.h:655:14:[m[K [01;36m[Knote: [m[K  template argument deduction/substitution failed:
[01m[K/home/nazir/ws_moveit/src/ur10_cm/ros_nodes/cpp_hong_kong_manipulation.cpp:70:106:[m[K [01;36m[Knote: [m[K  candidate expects 1 argument, 2 provided
   ros::Subscriber sub_hong  = node_handle.subscribe("target_pose_hong_kong", 10, cb_target_pose_hong_kong);
[01;32m[K                                                                                                          ^[m[K
In file included from [01m[K/opt/ros/kinetic/include/ros/ros.h:45:0[m[K,
                 from [01m[K/home/nazir/ws_moveit/src/ur10_cm/ros_nodes/cpp_hong_kong_manipulation.cpp:1[m[K:
[01m[K/opt/ros/kinetic/include/ros/node_handle.h:703:14:[m[K [01;36m[Knote: [m[Kcandidate: template<class M> ros::Subscriber ros::NodeHandle::subscribe(const string&, uint32_t, void (*)(const boost::shared_ptr<const M>&), const ros::TransportHints&)
   Subscriber subscribe(const std::string& topic, uint32_t queue_size, void(*fp)(const boost::shared_ptr<M const>&), const TransportHints& transport_hints = TransportHints())
[01;32m[K              ^[m[K
[01m[K/opt/ros/kinetic/include/ros/node_handle.h:703:14:[m[K [01;36m[Knote: [m[K  template argument deduction/substitution failed:
[01m[K/home/nazir/ws_moveit/src/ur10_cm/ros_nodes/cpp_hong_kong_manipulation.cpp:70:106:[m[K [01;36m[Knote: [m[K  candidate expects 1 argument, 2 provided
   ros::Subscriber sub_hong  = node_handle.subscribe("target_pose_hong_kong", 10, cb_target_pose_hong_kong);
[01;32m[K                                                                                                          ^[m[K
In file included from [01m[K/opt/ros/kinetic/include/ros/ros.h:45:0[m[K,
                 from [01m[K/home/nazir/ws_moveit/src/ur10_cm/ros_nodes/cpp_hong_kong_manipulation.cpp:1[m[K:
[01m[K/opt/ros/kinetic/include/ros/node_handle.h:749:14:[m[K [01;36m[Knote: [m[Kcandidate: template<class M> ros::Subscriber ros::NodeHandle::subscribe(const string&, uint32_t, const boost::function<void(const boost::shared_ptr<const M>&)>&, const VoidConstPtr&, const ros::TransportHints&)
   Subscriber subscribe(const std::string& topic, uint32_t queue_size, const boost::function<void (const boost::shared_ptr<M const>&)>& callback,
[01;32m[K              ^[m[K
[01m[K/opt/ros/kinetic/include/ros/node_handle.h:749:14:[m[K [01;36m[Knote: [m[K  template argument deduction/substitution failed:
[01m[K/home/nazir/ws_moveit/src/ur10_cm/ros_nodes/cpp_hong_kong_manipulation.cpp:70:106:[m[K [01;36m[Knote: [m[K  mismatched types ‘[01m[Kconst boost::function<void(const boost::shared_ptr<const M>&)>[m[K’ and ‘[01m[Kvoid(const ConstPtr&, int) {aka void(const boost::shared_ptr<const ur10_cm::dual_arm_eff_msg_<std::allocator<void> > >&, int)}[m[K’
   ros::Subscriber sub_hong  = node_handle.subscribe("target_pose_hong_kong", 10, cb_target_pose_hong_kong);
[01;32m[K                                                                                                          ^[m[K
In file included from [01m[K/opt/ros/kinetic/include/ros/ros.h:45:0[m[K,
                 from [01m[K/home/nazir/ws_moveit/src/ur10_cm/ros_nodes/cpp_hong_kong_manipulation.cpp:1[m[K:
[01m[K/opt/ros/kinetic/include/ros/node_handle.h:798:14:[m[K [01;36m[Knote: [m[Kcandidate: template<class M, class C> ros::Subscriber ros::NodeHandle::subscribe(const string&, uint32_t, const boost::function<void(C)>&, const VoidConstPtr&, const ros::TransportHints&)
   Subscriber subscribe(const std::string& topic, uint32_t queue_size, const boost::function<void (C)>& callback,
[01;32m[K              ^[m[K
[01m[K/opt/ros/kinetic/include/ros/node_handle.h:798:14:[m[K [01;36m[Knote: [m[K  template argument deduction/substitution failed:
[01m[K/home/nazir/ws_moveit/src/ur10_cm/ros_nodes/cpp_hong_kong_manipulation.cpp:70:106:[m[K [01;36m[Knote: [m[K  mismatched types ‘[01m[Kconst boost::function<void(C)>[m[K’ and ‘[01m[Kvoid(const ConstPtr&, int) {aka void(const boost::shared_ptr<const ur10_cm::dual_arm_eff_msg_<std::allocator<void> > >&, int)}[m[K’
   ros::Subscriber sub_hong  = node_handle.subscribe("target_pose_hong_kong", 10, cb_target_pose_hong_kong);
[01;32m[K                                                                                                          ^[m[K
In file included from [01m[K/opt/ros/kinetic/include/ros/ros.h:45:0[m[K,
                 from [01m[K/home/nazir/ws_moveit/src/ur10_cm/ros_nodes/cpp_hong_kong_manipulation.cpp:1[m[K:
[01m[K/opt/ros/kinetic/include/ros/node_handle.h:835:14:[m[K [01;36m[Knote: [m[Kcandidate: ros::Subscriber ros::NodeHandle::subscribe(ros::SubscribeOptions&)
   Subscriber subscribe(SubscribeOptions& ops);
[01;32m[K              ^[m[K
[01m[K/opt/ros/kinetic/include/ros/node_handle.h:835:14:[m[K [01;36m[Knote: [m[K  candidate expects 1 argument, 3 provided
make[2]: *** [CMakeFiles/cpp_hong_kong_manipulation.dir/ros_nodes/cpp_hong_kong_manipulation.cpp.o] Error 1
make[1]: *** [CMakeFiles/cpp_hong_kong_manipulation.dir/all] Error 2
make: *** [all] Error 2
