In file included from [01m[K/opt/ros/kinetic/include/ros/ros.h:40:0[m[K,
                 from [01m[K/home/nazir/ws_moveit/src/ur10_cm/ros_nodes/cpp_hong_kong_manipulation.cpp:1[m[K:
[01m[K/home/nazir/ws_moveit/src/ur10_cm/ros_nodes/cpp_hong_kong_manipulation.cpp:[m[K In function ‘[01m[Kvoid cb_target_pose_hong_kong(const ConstPtr&, moveit::planning_interface::MoveGroupInterface&)[m[K’:
[01m[K/opt/ros/kinetic/include/ros/console.h:346:176:[m[K [01;31m[Kerror: [m[Kexpected primary-expression before ‘[01m[K)[m[K’ token
     ::ros::console::print(filter, __rosconsole_define_location__loc.logger_, __rosconsole_define_location__loc.level_, __FILE__, __LINE__, __ROSCONSOLE_FUNCTION__, __VA_ARGS__)
[01;32m[K                                                                                                                                                                                ^[m[K
[01m[K/opt/ros/kinetic/include/ros/console.h:349:5:[m[K [01;36m[Knote: [m[Kin expansion of macro ‘[01m[KROSCONSOLE_PRINT_AT_LOCATION_WITH_FILTER[m[K’
     ROSCONSOLE_PRINT_AT_LOCATION_WITH_FILTER(0, __VA_ARGS__)
[01;32m[K     ^[m[K
[01m[K/opt/ros/kinetic/include/ros/console.h:379:7:[m[K [01;36m[Knote: [m[Kin expansion of macro ‘[01m[KROSCONSOLE_PRINT_AT_LOCATION[m[K’
       ROSCONSOLE_PRINT_AT_LOCATION(__VA_ARGS__); \
[01;32m[K       ^[m[K
[01m[K/opt/ros/kinetic/include/ros/console.h:561:35:[m[K [01;36m[Knote: [m[Kin expansion of macro ‘[01m[KROS_LOG_COND[m[K’
 #define ROS_LOG(level, name, ...) ROS_LOG_COND(true, level, name, __VA_ARGS__)
[01;32m[K                                   ^[m[K
[01m[K/opt/ros/kinetic/include/rosconsole/macros_generated.h:112:35:[m[K [01;36m[Knote: [m[Kin expansion of macro ‘[01m[KROS_LOG[m[K’
 #define ROS_INFO_NAMED(name, ...) ROS_LOG(::ros::console::levels::Info, std::string(ROSCONSOLE_NAME_PREFIX) + "." + name, __VA_ARGS__)
[01;32m[K                                   ^[m[K
[01m[K/home/nazir/ws_moveit/src/ur10_cm/ros_nodes/cpp_hong_kong_manipulation.cpp:30:3:[m[K [01;36m[Knote: [m[Kin expansion of macro ‘[01m[KROS_INFO_NAMED[m[K’
   ROS_INFO_NAMED("1");
[01;32m[K   ^[m[K
make[2]: *** [CMakeFiles/cpp_hong_kong_manipulation.dir/ros_nodes/cpp_hong_kong_manipulation.cpp.o] Error 1
make[1]: *** [CMakeFiles/cpp_hong_kong_manipulation.dir/all] Error 2
make: *** [all] Error 2
