Determining if the pthread_create exist failed with the following output:
Change Dir: /home/nazir/ws_moveit/build/moveit_planners_ompl/CMakeFiles/CMakeTmp

Run Build Command:"/usr/bin/make" "cmTC_16ed8/fast"
/usr/bin/make -f CMakeFiles/cmTC_16ed8.dir/build.make CMakeFiles/cmTC_16ed8.dir/build
make[1]: Entering directory '/home/nazir/ws_moveit/build/moveit_planners_ompl/CMakeFiles/CMakeTmp'
Building C object CMakeFiles/cmTC_16ed8.dir/CheckSymbolExists.c.o
/usr/bin/cc     -o CMakeFiles/cmTC_16ed8.dir/CheckSymbolExists.c.o   -c /home/nazir/ws_moveit/build/moveit_planners_ompl/CMakeFiles/CMakeTmp/CheckSymbolExists.c
Linking C executable cmTC_16ed8
/usr/bin/cmake -E cmake_link_script CMakeFiles/cmTC_16ed8.dir/link.txt --verbose=1
/usr/bin/cc       CMakeFiles/cmTC_16ed8.dir/CheckSymbolExists.c.o  -o cmTC_16ed8 -rdynamic 
CMakeFiles/cmTC_16ed8.dir/CheckSymbolExists.c.o: In function `main':
CheckSymbolExists.c:(.text+0x16): undefined reference to `pthread_create'
collect2: error: ld returned 1 exit status
CMakeFiles/cmTC_16ed8.dir/build.make:97: recipe for target 'cmTC_16ed8' failed
make[1]: *** [cmTC_16ed8] Error 1
make[1]: Leaving directory '/home/nazir/ws_moveit/build/moveit_planners_ompl/CMakeFiles/CMakeTmp'
Makefile:126: recipe for target 'cmTC_16ed8/fast' failed
make: *** [cmTC_16ed8/fast] Error 2

File /home/nazir/ws_moveit/build/moveit_planners_ompl/CMakeFiles/CMakeTmp/CheckSymbolExists.c:
/* */
#include <pthread.h>

int main(int argc, char** argv)
{
  (void)argv;
#ifndef pthread_create
  return ((int*)(&pthread_create))[argc];
#else
  (void)argc;
  return 0;
#endif
}

Determining if the function pthread_create exists in the pthreads failed with the following output:
Change Dir: /home/nazir/ws_moveit/build/moveit_planners_ompl/CMakeFiles/CMakeTmp

Run Build Command:"/usr/bin/make" "cmTC_53645/fast"
/usr/bin/make -f CMakeFiles/cmTC_53645.dir/build.make CMakeFiles/cmTC_53645.dir/build
make[1]: Entering directory '/home/nazir/ws_moveit/build/moveit_planners_ompl/CMakeFiles/CMakeTmp'
Building C object CMakeFiles/cmTC_53645.dir/CheckFunctionExists.c.o
/usr/bin/cc    -DCHECK_FUNCTION_EXISTS=pthread_create   -o CMakeFiles/cmTC_53645.dir/CheckFunctionExists.c.o   -c /usr/share/cmake-3.5/Modules/CheckFunctionExists.c
Linking C executable cmTC_53645
/usr/bin/cmake -E cmake_link_script CMakeFiles/cmTC_53645.dir/link.txt --verbose=1
/usr/bin/cc   -DCHECK_FUNCTION_EXISTS=pthread_create    CMakeFiles/cmTC_53645.dir/CheckFunctionExists.c.o  -o cmTC_53645 -rdynamic -lpthreads 
/usr/bin/ld: cannot find -lpthreads
collect2: error: ld returned 1 exit status
CMakeFiles/cmTC_53645.dir/build.make:97: recipe for target 'cmTC_53645' failed
make[1]: *** [cmTC_53645] Error 1
make[1]: Leaving directory '/home/nazir/ws_moveit/build/moveit_planners_ompl/CMakeFiles/CMakeTmp'
Makefile:126: recipe for target 'cmTC_53645/fast' failed
make: *** [cmTC_53645/fast] Error 2


