[  7%] Built target moveit_ros_planning_gencfg
[  9%] [32m[1mLinking CXX shared library /home/nazir/ws_moveit/devel/.private/moveit_ros_planning/lib/libmoveit_rdf_loader.so[0m
[ 10%] [32m[1mLinking CXX shared library /home/nazir/ws_moveit/devel/.private/moveit_ros_planning/lib/libmoveit_collision_plugin_loader.so[0m
[ 12%] Built target moveit_rdf_loader
[ 14%] [32m[1mLinking CXX shared library /home/nazir/ws_moveit/devel/.private/moveit_ros_planning/lib/libmoveit_constraint_sampler_manager_loader.so[0m
[ 16%] Built target moveit_collision_plugin_loader
[ 18%] [32m[1mLinking CXX shared library /home/nazir/ws_moveit/devel/.private/moveit_ros_planning/lib/libmoveit_planning_pipeline.so[0m
[ 20%] [32m[1mLinking CXX shared library /home/nazir/ws_moveit/devel/.private/moveit_ros_planning/lib/libmoveit_default_planning_request_adapter_plugins.so[0m
[ 21%] [32m[1mLinking CXX executable /home/nazir/ws_moveit/devel/.private/moveit_ros_planning/lib/moveit_ros_planning/moveit_list_request_adapter_plugins[0m
[ 23%] Built target moveit_constraint_sampler_manager_loader
[ 25%] [32m[1mLinking CXX shared library /home/nazir/ws_moveit/devel/.private/moveit_ros_planning/lib/libmoveit_kinematics_plugin_loader.so[0m
[ 38%] Built target moveit_default_planning_request_adapter_plugins
[ 40%] Built target moveit_planning_pipeline
[ 41%] Built target moveit_list_request_adapter_plugins
[ 43%] Built target moveit_kinematics_plugin_loader
[ 45%] [32m[1mLinking CXX shared library /home/nazir/ws_moveit/devel/.private/moveit_ros_planning/lib/libmoveit_robot_model_loader.so[0m
[ 47%] Built target moveit_robot_model_loader
[ 49%] [32m[1mLinking CXX executable /home/nazir/ws_moveit/devel/.private/moveit_ros_planning/lib/moveit_ros_planning/moveit_evaluate_state_operations_speed[0m
[ 50%] [32m[1mLinking CXX executable /home/nazir/ws_moveit/devel/.private/moveit_ros_planning/lib/moveit_ros_planning/moveit_print_planning_model_info[0m
[ 52%] [32m[1mLinking CXX executable /home/nazir/ws_moveit/devel/.private/moveit_ros_planning/lib/moveit_ros_planning/moveit_kinematics_speed_and_validity_evaluator[0m
[ 54%] [32m[1mLinking CXX shared library /home/nazir/ws_moveit/devel/.private/moveit_ros_planning/lib/libmoveit_planning_scene_monitor.so[0m
[ 56%] Built target moveit_evaluate_state_operations_speed
[ 58%] Built target moveit_print_planning_model_info
[ 60%] Built target moveit_kinematics_speed_and_validity_evaluator
[ 65%] Built target moveit_planning_scene_monitor
[ 67%] [32m[1mLinking CXX executable /home/nazir/ws_moveit/devel/.private/moveit_ros_planning/lib/moveit_ros_planning/demo_scene[0m
[ 69%] [32m[1mLinking CXX executable /home/nazir/ws_moveit/devel/.private/moveit_ros_planning/lib/moveit_ros_planning/moveit_publish_scene_from_text[0m
[ 70%] [32m[1mLinking CXX executable /home/nazir/ws_moveit/devel/.private/moveit_ros_planning/lib/moveit_ros_planning/moveit_display_random_state[0m
[ 72%] [32m[1mLinking CXX executable /home/nazir/ws_moveit/devel/.private/moveit_ros_planning/lib/moveit_ros_planning/moveit_visualize_robot_collision_volume[0m
[ 74%] Built target demo_scene
[ 76%] [32m[1mLinking CXX executable /home/nazir/ws_moveit/devel/.private/moveit_ros_planning/lib/moveit_ros_planning/moveit_evaluate_collision_checking_speed[0m
[ 78%] Built target moveit_display_random_state
[ 80%] Built target moveit_publish_scene_from_text
[ 81%] Built target moveit_visualize_robot_collision_volume
[ 83%] [32m[1mLinking CXX shared library /home/nazir/ws_moveit/devel/.private/moveit_ros_planning/lib/libmoveit_trajectory_execution_manager.so[0m
[ 85%] Built target moveit_evaluate_collision_checking_speed
[ 87%] Built target moveit_trajectory_execution_manager
[ 89%] [32m[1mLinking CXX shared library /home/nazir/ws_moveit/devel/.private/moveit_ros_planning/lib/libtest_controller_manager_plugin.so[0m
[ 90%] [32m[1mLinking CXX executable /home/nazir/ws_moveit/devel/.private/moveit_ros_planning/lib/moveit_ros_planning/test_controller_manager[0m
[ 92%] [32m[1mLinking CXX shared library /home/nazir/ws_moveit/devel/.private/moveit_ros_planning/lib/libmoveit_plan_execution.so[0m
[ 94%] Built target test_controller_manager_plugin
[ 98%] Built target moveit_plan_execution
[100%] Built target test_controller_manager
