[  5%] Built target moveit_rdf_loader
[ 10%] Built target moveit_ros_planning_gencfg
[ 14%] Built target moveit_collision_plugin_loader
[ 18%] Built target moveit_constraint_sampler_manager_loader
[ 21%] Built target moveit_planning_pipeline
[ 25%] Built target moveit_list_request_adapter_plugins
[ 29%] Built target moveit_kinematics_plugin_loader
[ 43%] Built target moveit_default_planning_request_adapter_plugins
[ 47%] Built target moveit_robot_model_loader
[ 50%] Built target moveit_print_planning_model_info
[ 61%] Built target moveit_planning_scene_monitor
[ 58%] Built target moveit_kinematics_speed_and_validity_evaluator
[ 65%] Built target moveit_evaluate_state_operations_speed
[ 69%] Built target moveit_visualize_robot_collision_volume
[ 72%] Built target demo_scene
[ 78%] Built target moveit_display_random_state
[ 80%] Built target moveit_publish_scene_from_text
[ 83%] Built target moveit_evaluate_collision_checking_speed
[ 87%] Built target moveit_trajectory_execution_manager
[ 90%] Built target test_controller_manager_plugin
[ 94%] Built target test_controller_manager
[100%] Built target moveit_plan_execution
