Determining if the pthread_create exist failed with the following output:
Change Dir: /home/nazir/ws_moveit/build/ur_description/CMakeFiles/CMakeTmp

Run Build Command:"/usr/bin/make" "cmTC_0637b/fast"
/usr/bin/make -f CMakeFiles/cmTC_0637b.dir/build.make CMakeFiles/cmTC_0637b.dir/build
make[1]: Entering directory '/home/nazir/ws_moveit/build/ur_description/CMakeFiles/CMakeTmp'
Building C object CMakeFiles/cmTC_0637b.dir/CheckSymbolExists.c.o
/usr/bin/cc     -o CMakeFiles/cmTC_0637b.dir/CheckSymbolExists.c.o   -c /home/nazir/ws_moveit/build/ur_description/CMakeFiles/CMakeTmp/CheckSymbolExists.c
Linking C executable cmTC_0637b
/usr/bin/cmake -E cmake_link_script CMakeFiles/cmTC_0637b.dir/link.txt --verbose=1
/usr/bin/cc       CMakeFiles/cmTC_0637b.dir/CheckSymbolExists.c.o  -o cmTC_0637b -rdynamic 
CMakeFiles/cmTC_0637b.dir/CheckSymbolExists.c.o: In function `main':
CheckSymbolExists.c:(.text+0x16): undefined reference to `pthread_create'
collect2: error: ld returned 1 exit status
CMakeFiles/cmTC_0637b.dir/build.make:97: recipe for target 'cmTC_0637b' failed
make[1]: *** [cmTC_0637b] Error 1
make[1]: Leaving directory '/home/nazir/ws_moveit/build/ur_description/CMakeFiles/CMakeTmp'
Makefile:126: recipe for target 'cmTC_0637b/fast' failed
make: *** [cmTC_0637b/fast] Error 2

File /home/nazir/ws_moveit/build/ur_description/CMakeFiles/CMakeTmp/CheckSymbolExists.c:
/* */
#include <pthread.h>

int main(int argc, char** argv)
{
  (void)argv;
#ifndef pthread_create
  return ((int*)(&pthread_create))[argc];
#else
  (void)argc;
  return 0;
#endif
}

Determining if the function pthread_create exists in the pthreads failed with the following output:
Change Dir: /home/nazir/ws_moveit/build/ur_description/CMakeFiles/CMakeTmp

Run Build Command:"/usr/bin/make" "cmTC_ee61a/fast"
/usr/bin/make -f CMakeFiles/cmTC_ee61a.dir/build.make CMakeFiles/cmTC_ee61a.dir/build
make[1]: Entering directory '/home/nazir/ws_moveit/build/ur_description/CMakeFiles/CMakeTmp'
Building C object CMakeFiles/cmTC_ee61a.dir/CheckFunctionExists.c.o
/usr/bin/cc    -DCHECK_FUNCTION_EXISTS=pthread_create   -o CMakeFiles/cmTC_ee61a.dir/CheckFunctionExists.c.o   -c /usr/share/cmake-3.5/Modules/CheckFunctionExists.c
Linking C executable cmTC_ee61a
/usr/bin/cmake -E cmake_link_script CMakeFiles/cmTC_ee61a.dir/link.txt --verbose=1
/usr/bin/cc   -DCHECK_FUNCTION_EXISTS=pthread_create    CMakeFiles/cmTC_ee61a.dir/CheckFunctionExists.c.o  -o cmTC_ee61a -rdynamic -lpthreads 
/usr/bin/ld: cannot find -lpthreads
collect2: error: ld returned 1 exit status
CMakeFiles/cmTC_ee61a.dir/build.make:97: recipe for target 'cmTC_ee61a' failed
make[1]: *** [cmTC_ee61a] Error 1
make[1]: Leaving directory '/home/nazir/ws_moveit/build/ur_description/CMakeFiles/CMakeTmp'
Makefile:126: recipe for target 'cmTC_ee61a/fast' failed
make: *** [cmTC_ee61a/fast] Error 2


