Determining if the pthread_create exist failed with the following output:
Change Dir: /home/nazir/ws_moveit/build/moveit_ros_manipulation/CMakeFiles/CMakeTmp

Run Build Command:"/usr/bin/make" "cmTC_5beaf/fast"
/usr/bin/make -f CMakeFiles/cmTC_5beaf.dir/build.make CMakeFiles/cmTC_5beaf.dir/build
make[1]: Entering directory '/home/nazir/ws_moveit/build/moveit_ros_manipulation/CMakeFiles/CMakeTmp'
Building C object CMakeFiles/cmTC_5beaf.dir/CheckSymbolExists.c.o
/usr/bin/cc     -o CMakeFiles/cmTC_5beaf.dir/CheckSymbolExists.c.o   -c /home/nazir/ws_moveit/build/moveit_ros_manipulation/CMakeFiles/CMakeTmp/CheckSymbolExists.c
Linking C executable cmTC_5beaf
/usr/bin/cmake -E cmake_link_script CMakeFiles/cmTC_5beaf.dir/link.txt --verbose=1
/usr/bin/cc       CMakeFiles/cmTC_5beaf.dir/CheckSymbolExists.c.o  -o cmTC_5beaf -rdynamic 
CMakeFiles/cmTC_5beaf.dir/CheckSymbolExists.c.o: In function `main':
CheckSymbolExists.c:(.text+0x16): undefined reference to `pthread_create'
collect2: error: ld returned 1 exit status
CMakeFiles/cmTC_5beaf.dir/build.make:97: recipe for target 'cmTC_5beaf' failed
make[1]: *** [cmTC_5beaf] Error 1
make[1]: Leaving directory '/home/nazir/ws_moveit/build/moveit_ros_manipulation/CMakeFiles/CMakeTmp'
Makefile:126: recipe for target 'cmTC_5beaf/fast' failed
make: *** [cmTC_5beaf/fast] Error 2

File /home/nazir/ws_moveit/build/moveit_ros_manipulation/CMakeFiles/CMakeTmp/CheckSymbolExists.c:
/* */
#include <pthread.h>

int main(int argc, char** argv)
{
  (void)argv;
#ifndef pthread_create
  return ((int*)(&pthread_create))[argc];
#else
  (void)argc;
  return 0;
#endif
}

Determining if the function pthread_create exists in the pthreads failed with the following output:
Change Dir: /home/nazir/ws_moveit/build/moveit_ros_manipulation/CMakeFiles/CMakeTmp

Run Build Command:"/usr/bin/make" "cmTC_64825/fast"
/usr/bin/make -f CMakeFiles/cmTC_64825.dir/build.make CMakeFiles/cmTC_64825.dir/build
make[1]: Entering directory '/home/nazir/ws_moveit/build/moveit_ros_manipulation/CMakeFiles/CMakeTmp'
Building C object CMakeFiles/cmTC_64825.dir/CheckFunctionExists.c.o
/usr/bin/cc    -DCHECK_FUNCTION_EXISTS=pthread_create   -o CMakeFiles/cmTC_64825.dir/CheckFunctionExists.c.o   -c /usr/share/cmake-3.5/Modules/CheckFunctionExists.c
Linking C executable cmTC_64825
/usr/bin/cmake -E cmake_link_script CMakeFiles/cmTC_64825.dir/link.txt --verbose=1
/usr/bin/cc   -DCHECK_FUNCTION_EXISTS=pthread_create    CMakeFiles/cmTC_64825.dir/CheckFunctionExists.c.o  -o cmTC_64825 -rdynamic -lpthreads 
/usr/bin/ld: cannot find -lpthreads
collect2: error: ld returned 1 exit status
CMakeFiles/cmTC_64825.dir/build.make:97: recipe for target 'cmTC_64825' failed
make[1]: *** [cmTC_64825] Error 1
make[1]: Leaving directory '/home/nazir/ws_moveit/build/moveit_ros_manipulation/CMakeFiles/CMakeTmp'
Makefile:126: recipe for target 'cmTC_64825/fast' failed
make: *** [cmTC_64825/fast] Error 2


