[  0%] Built target _rosserial_mbed_generate_messages_check_deps_Test
[  0%] Built target _rosserial_mbed_generate_messages_check_deps_Adc
[  7%] [34m[1mGenerating EusLisp code from rosserial_mbed/Adc.msg[0m
[ 15%] [34m[1mGenerating EusLisp code from rosserial_mbed/Test.srv[0m
[ 23%] [34m[1mGenerating C++ code from rosserial_mbed/Adc.msg[0m
[ 30%] Built target rosserial_mbed_generate_messages_eus
[ 38%] [34m[1mGenerating Lisp code from rosserial_mbed/Adc.msg[0m
[ 46%] [34m[1mGenerating Lisp code from rosserial_mbed/Test.srv[0m
[ 53%] [34m[1mGenerating C++ code from rosserial_mbed/Test.srv[0m
[ 53%] Built target rosserial_mbed_generate_messages_lisp
[ 61%] [34m[1mGenerating Javascript code from rosserial_mbed/Adc.msg[0m
[ 69%] [34m[1mGenerating Javascript code from rosserial_mbed/Test.srv[0m
[ 69%] Built target rosserial_mbed_generate_messages_nodejs
[ 69%] Built target rosserial_mbed_generate_messages_cpp
[ 76%] [34m[1mGenerating Python code from SRV rosserial_mbed/Test[0m
[ 84%] [34m[1mGenerating Python from MSG rosserial_mbed/Adc[0m
[ 92%] [34m[1mGenerating Python msg __init__.py for rosserial_mbed[0m
[100%] [34m[1mGenerating Python srv __init__.py for rosserial_mbed[0m
[100%] Built target rosserial_mbed_generate_messages_py
[100%] Built target rosserial_mbed_generate_messages
