Determining if the pthread_create exist failed with the following output:
Change Dir: /home/nazir/ws_moveit/build/moveit_commander/CMakeFiles/CMakeTmp

Run Build Command:"/usr/bin/make" "cmTC_ac7c0/fast"
/usr/bin/make -f CMakeFiles/cmTC_ac7c0.dir/build.make CMakeFiles/cmTC_ac7c0.dir/build
make[1]: Entering directory '/home/nazir/ws_moveit/build/moveit_commander/CMakeFiles/CMakeTmp'
Building C object CMakeFiles/cmTC_ac7c0.dir/CheckSymbolExists.c.o
/usr/bin/cc     -o CMakeFiles/cmTC_ac7c0.dir/CheckSymbolExists.c.o   -c /home/nazir/ws_moveit/build/moveit_commander/CMakeFiles/CMakeTmp/CheckSymbolExists.c
Linking C executable cmTC_ac7c0
/usr/bin/cmake -E cmake_link_script CMakeFiles/cmTC_ac7c0.dir/link.txt --verbose=1
/usr/bin/cc       CMakeFiles/cmTC_ac7c0.dir/CheckSymbolExists.c.o  -o cmTC_ac7c0 -rdynamic 
CMakeFiles/cmTC_ac7c0.dir/CheckSymbolExists.c.o: In function `main':
CheckSymbolExists.c:(.text+0x16): undefined reference to `pthread_create'
collect2: error: ld returned 1 exit status
CMakeFiles/cmTC_ac7c0.dir/build.make:97: recipe for target 'cmTC_ac7c0' failed
make[1]: *** [cmTC_ac7c0] Error 1
make[1]: Leaving directory '/home/nazir/ws_moveit/build/moveit_commander/CMakeFiles/CMakeTmp'
Makefile:126: recipe for target 'cmTC_ac7c0/fast' failed
make: *** [cmTC_ac7c0/fast] Error 2

File /home/nazir/ws_moveit/build/moveit_commander/CMakeFiles/CMakeTmp/CheckSymbolExists.c:
/* */
#include <pthread.h>

int main(int argc, char** argv)
{
  (void)argv;
#ifndef pthread_create
  return ((int*)(&pthread_create))[argc];
#else
  (void)argc;
  return 0;
#endif
}

Determining if the function pthread_create exists in the pthreads failed with the following output:
Change Dir: /home/nazir/ws_moveit/build/moveit_commander/CMakeFiles/CMakeTmp

Run Build Command:"/usr/bin/make" "cmTC_866df/fast"
/usr/bin/make -f CMakeFiles/cmTC_866df.dir/build.make CMakeFiles/cmTC_866df.dir/build
make[1]: Entering directory '/home/nazir/ws_moveit/build/moveit_commander/CMakeFiles/CMakeTmp'
Building C object CMakeFiles/cmTC_866df.dir/CheckFunctionExists.c.o
/usr/bin/cc    -DCHECK_FUNCTION_EXISTS=pthread_create   -o CMakeFiles/cmTC_866df.dir/CheckFunctionExists.c.o   -c /usr/share/cmake-3.5/Modules/CheckFunctionExists.c
Linking C executable cmTC_866df
/usr/bin/cmake -E cmake_link_script CMakeFiles/cmTC_866df.dir/link.txt --verbose=1
/usr/bin/cc   -DCHECK_FUNCTION_EXISTS=pthread_create    CMakeFiles/cmTC_866df.dir/CheckFunctionExists.c.o  -o cmTC_866df -rdynamic -lpthreads 
/usr/bin/ld: cannot find -lpthreads
collect2: error: ld returned 1 exit status
CMakeFiles/cmTC_866df.dir/build.make:97: recipe for target 'cmTC_866df' failed
make[1]: *** [cmTC_866df] Error 1
make[1]: Leaving directory '/home/nazir/ws_moveit/build/moveit_commander/CMakeFiles/CMakeTmp'
Makefile:126: recipe for target 'cmTC_866df/fast' failed
make: *** [cmTC_866df/fast] Error 2


