[35m[1mScanning dependencies of target moveit_planners_ompl_gencfg[0m
[35m[1mScanning dependencies of target moveit_ompl_interface[0m
[  4%] [34m[1mGenerating dynamic reconfigure files from ompl_interface/cfg/OMPLDynamicReconfigure.cfg: /home/nazir/ws_moveit/devel/.private/moveit_planners_ompl/include/moveit_planners_ompl/OMPLDynamicReconfigureConfig.h /home/nazir/ws_moveit/devel/.private/moveit_planners_ompl/lib/python2.7/dist-packages/moveit_planners_ompl/cfg/OMPLDynamicReconfigureConfig.py[0m
Generating reconfiguration files for OMPLDynamicReconfigure in moveit_planners_ompl
Wrote header file in /home/nazir/ws_moveit/devel/.private/moveit_planners_ompl/include/moveit_planners_ompl/OMPLDynamicReconfigureConfig.h
[  4%] Built target moveit_planners_ompl_gencfg
[  8%] [32mBuilding CXX object ompl_interface/CMakeFiles/moveit_ompl_interface.dir/src/ompl_interface.cpp.o[0m
[ 12%] [32mBuilding CXX object ompl_interface/CMakeFiles/moveit_ompl_interface.dir/src/constraints_library.cpp.o[0m
[ 16%] [32mBuilding CXX object ompl_interface/CMakeFiles/moveit_ompl_interface.dir/src/model_based_planning_context.cpp.o[0m
[ 20%] [32mBuilding CXX object ompl_interface/CMakeFiles/moveit_ompl_interface.dir/src/planning_context_manager.cpp.o[0m
[ 24%] [32mBuilding CXX object ompl_interface/CMakeFiles/moveit_ompl_interface.dir/src/parameterization/model_based_state_space.cpp.o[0m
[ 28%] [32mBuilding CXX object ompl_interface/CMakeFiles/moveit_ompl_interface.dir/src/parameterization/model_based_state_space_factory.cpp.o[0m
[ 32%] [32mBuilding CXX object ompl_interface/CMakeFiles/moveit_ompl_interface.dir/src/parameterization/joint_space/joint_model_state_space.cpp.o[0m
[ 36%] [32mBuilding CXX object ompl_interface/CMakeFiles/moveit_ompl_interface.dir/src/parameterization/joint_space/joint_model_state_space_factory.cpp.o[0m
[ 40%] [32mBuilding CXX object ompl_interface/CMakeFiles/moveit_ompl_interface.dir/src/parameterization/work_space/pose_model_state_space.cpp.o[0m
[ 44%] [32mBuilding CXX object ompl_interface/CMakeFiles/moveit_ompl_interface.dir/src/parameterization/work_space/pose_model_state_space_factory.cpp.o[0m
[ 48%] [32mBuilding CXX object ompl_interface/CMakeFiles/moveit_ompl_interface.dir/src/detail/threadsafe_state_storage.cpp.o[0m
[ 52%] [32mBuilding CXX object ompl_interface/CMakeFiles/moveit_ompl_interface.dir/src/detail/state_validity_checker.cpp.o[0m
[ 56%] [32mBuilding CXX object ompl_interface/CMakeFiles/moveit_ompl_interface.dir/src/detail/projection_evaluators.cpp.o[0m
[ 60%] [32mBuilding CXX object ompl_interface/CMakeFiles/moveit_ompl_interface.dir/src/detail/goal_union.cpp.o[0m
[ 64%] [32mBuilding CXX object ompl_interface/CMakeFiles/moveit_ompl_interface.dir/src/detail/constrained_sampler.cpp.o[0m
[ 68%] [32mBuilding CXX object ompl_interface/CMakeFiles/moveit_ompl_interface.dir/src/detail/constrained_valid_state_sampler.cpp.o[0m
[ 72%] [32mBuilding CXX object ompl_interface/CMakeFiles/moveit_ompl_interface.dir/src/detail/constrained_goal_sampler.cpp.o[0m
[ 76%] [32m[1mLinking CXX shared library /home/nazir/ws_moveit/devel/.private/moveit_planners_ompl/lib/libmoveit_ompl_interface.so[0m
[ 76%] Built target moveit_ompl_interface
[35m[1mScanning dependencies of target moveit_demo_construct_constraints_database[0m
[35m[1mScanning dependencies of target moveit_ompl_planner[0m
[35m[1mScanning dependencies of target moveit_ompl_planner_plugin[0m
[ 80%] [32mBuilding CXX object ompl_interface/CMakeFiles/moveit_ompl_planner.dir/src/ompl_planner.cpp.o[0m
[ 84%] [32mBuilding CXX object ompl_interface/CMakeFiles/moveit_ompl_planner_plugin.dir/src/ompl_planner_manager.cpp.o[0m
[ 88%] [32mBuilding CXX object ompl_interface/CMakeFiles/moveit_demo_construct_constraints_database.dir/src/demo_construct_state_database.cpp.o[0m
[ 92%] [32m[1mLinking CXX executable /home/nazir/ws_moveit/devel/.private/moveit_planners_ompl/lib/moveit_planners_ompl/moveit_demo_construct_constraints_database[0m
[ 92%] Built target moveit_demo_construct_constraints_database
[ 96%] [32m[1mLinking CXX shared library /home/nazir/ws_moveit/devel/.private/moveit_planners_ompl/lib/libmoveit_ompl_planner_plugin.so[0m
[ 96%] Built target moveit_ompl_planner_plugin
[100%] [32m[1mLinking CXX executable /home/nazir/ws_moveit/devel/.private/moveit_planners_ompl/lib/moveit_planners_ompl/moveit_ompl_planner[0m
[100%] Built target moveit_ompl_planner
