Determining if the pthread_create exist failed with the following output:
Change Dir: /home/nazir/ws_moveit/build/moveit_ros_warehouse/CMakeFiles/CMakeTmp

Run Build Command:"/usr/bin/make" "cmTC_37c22/fast"
/usr/bin/make -f CMakeFiles/cmTC_37c22.dir/build.make CMakeFiles/cmTC_37c22.dir/build
make[1]: Entering directory '/home/nazir/ws_moveit/build/moveit_ros_warehouse/CMakeFiles/CMakeTmp'
Building C object CMakeFiles/cmTC_37c22.dir/CheckSymbolExists.c.o
/usr/bin/cc     -o CMakeFiles/cmTC_37c22.dir/CheckSymbolExists.c.o   -c /home/nazir/ws_moveit/build/moveit_ros_warehouse/CMakeFiles/CMakeTmp/CheckSymbolExists.c
Linking C executable cmTC_37c22
/usr/bin/cmake -E cmake_link_script CMakeFiles/cmTC_37c22.dir/link.txt --verbose=1
/usr/bin/cc       CMakeFiles/cmTC_37c22.dir/CheckSymbolExists.c.o  -o cmTC_37c22 -rdynamic 
CMakeFiles/cmTC_37c22.dir/CheckSymbolExists.c.o: In function `main':
CheckSymbolExists.c:(.text+0x16): undefined reference to `pthread_create'
collect2: error: ld returned 1 exit status
CMakeFiles/cmTC_37c22.dir/build.make:97: recipe for target 'cmTC_37c22' failed
make[1]: *** [cmTC_37c22] Error 1
make[1]: Leaving directory '/home/nazir/ws_moveit/build/moveit_ros_warehouse/CMakeFiles/CMakeTmp'
Makefile:126: recipe for target 'cmTC_37c22/fast' failed
make: *** [cmTC_37c22/fast] Error 2

File /home/nazir/ws_moveit/build/moveit_ros_warehouse/CMakeFiles/CMakeTmp/CheckSymbolExists.c:
/* */
#include <pthread.h>

int main(int argc, char** argv)
{
  (void)argv;
#ifndef pthread_create
  return ((int*)(&pthread_create))[argc];
#else
  (void)argc;
  return 0;
#endif
}

Determining if the function pthread_create exists in the pthreads failed with the following output:
Change Dir: /home/nazir/ws_moveit/build/moveit_ros_warehouse/CMakeFiles/CMakeTmp

Run Build Command:"/usr/bin/make" "cmTC_e0d1a/fast"
/usr/bin/make -f CMakeFiles/cmTC_e0d1a.dir/build.make CMakeFiles/cmTC_e0d1a.dir/build
make[1]: Entering directory '/home/nazir/ws_moveit/build/moveit_ros_warehouse/CMakeFiles/CMakeTmp'
Building C object CMakeFiles/cmTC_e0d1a.dir/CheckFunctionExists.c.o
/usr/bin/cc    -DCHECK_FUNCTION_EXISTS=pthread_create   -o CMakeFiles/cmTC_e0d1a.dir/CheckFunctionExists.c.o   -c /usr/share/cmake-3.5/Modules/CheckFunctionExists.c
Linking C executable cmTC_e0d1a
/usr/bin/cmake -E cmake_link_script CMakeFiles/cmTC_e0d1a.dir/link.txt --verbose=1
/usr/bin/cc   -DCHECK_FUNCTION_EXISTS=pthread_create    CMakeFiles/cmTC_e0d1a.dir/CheckFunctionExists.c.o  -o cmTC_e0d1a -rdynamic -lpthreads 
/usr/bin/ld: cannot find -lpthreads
collect2: error: ld returned 1 exit status
CMakeFiles/cmTC_e0d1a.dir/build.make:97: recipe for target 'cmTC_e0d1a' failed
make[1]: *** [cmTC_e0d1a] Error 1
make[1]: Leaving directory '/home/nazir/ws_moveit/build/moveit_ros_warehouse/CMakeFiles/CMakeTmp'
Makefile:126: recipe for target 'cmTC_e0d1a/fast' failed
make: *** [cmTC_e0d1a/fast] Error 2


