Not searching for unused variables given on the command line.
[36m--[0m Can't find Qt5WebSockets in your system. Have you tried [sudo apt-get install libqt5websockets5-dev] ?
[36m--[0m ---------------------------------------------------------------------
[36m--[0m PlotJuggler is being built using CATKIN. ROS plugins will be compiled
[36m--[0m ---------------------------------------------------------------------
[36m--[0m Using CATKIN_DEVEL_PREFIX: /home/nazir/ws_moveit/devel/.private/plotjuggler
[36m--[0m Using CMAKE_PREFIX_PATH: /home/nazir/ws_moveit/devel;/opt/ros/kinetic
[36m--[0m This workspace overlays: /home/nazir/ws_moveit/devel;/opt/ros/kinetic
[36m--[0m Using PYTHON_EXECUTABLE: /usr/bin/python
[36m--[0m Using Debian Python package layout
[36m--[0m Using empy: /usr/bin/empy
[36m--[0m Using CATKIN_ENABLE_TESTING: ON
[36m--[0m Call enable_testing()
[36m--[0m Using CATKIN_TEST_RESULTS_DIR: /home/nazir/ws_moveit/build/plotjuggler/test_results
[36m--[0m Found gtest sources under '/usr/src/gtest': gtests will be built
[36m--[0m Using Python nosetests: /usr/bin/nosetests-2.7
[36m--[0m catkin 0.7.6
[33m[1mCMake Warning[0m at /opt/ros/kinetic/share/catkin/cmake/catkinConfig.cmake:76 (find_package):
  Could not find a package configuration file provided by
  "ros_type_introspection" with any of the following names:

    ros_type_introspectionConfig.cmake
    ros_type_introspection-config.cmake

  Add the installation prefix of "ros_type_introspection" to
  CMAKE_PREFIX_PATH or set "ros_type_introspection_DIR" to a directory
  containing one of the above files.  If "ros_type_introspection" provides a
  separate development package or SDK, be sure it has been installed.
[36mCall Stack (most recent call first):[0m
  CMakeLists.txt:59 (find_package)


[31m[1mCMake Error[0m at /opt/ros/kinetic/share/catkin/cmake/catkinConfig.cmake:83 (find_package):
  Could not find a package configuration file provided by
  "ros_type_introspection" with any of the following names:

    ros_type_introspectionConfig.cmake
    ros_type_introspection-config.cmake

  Add the installation prefix of "ros_type_introspection" to
  CMAKE_PREFIX_PATH or set "ros_type_introspection_DIR" to a directory
  containing one of the above files.  If "ros_type_introspection" provides a
  separate development package or SDK, be sure it has been installed.
[36mCall Stack (most recent call first):[0m
  CMakeLists.txt:59 (find_package)


[36m--[0m Could not find the required component 'ros_type_introspection'. The following CMake error indicates that you either need to install the package with the same name or change your environment so that it can be found.
[36m--[0m Configuring incomplete, errors occurred!
See also "/home/nazir/ws_moveit/build/plotjuggler/CMakeFiles/CMakeOutput.log".
See also "/home/nazir/ws_moveit/build/plotjuggler/CMakeFiles/CMakeError.log".
