Determining if the pthread_create exist failed with the following output:
Change Dir: /home/nazir/ws_moveit/build/rosserial_mbed/CMakeFiles/CMakeTmp

Run Build Command:"/usr/bin/make" "cmTC_90f1b/fast"
/usr/bin/make -f CMakeFiles/cmTC_90f1b.dir/build.make CMakeFiles/cmTC_90f1b.dir/build
make[1]: Entering directory '/home/nazir/ws_moveit/build/rosserial_mbed/CMakeFiles/CMakeTmp'
Building C object CMakeFiles/cmTC_90f1b.dir/CheckSymbolExists.c.o
/usr/bin/cc     -o CMakeFiles/cmTC_90f1b.dir/CheckSymbolExists.c.o   -c /home/nazir/ws_moveit/build/rosserial_mbed/CMakeFiles/CMakeTmp/CheckSymbolExists.c
Linking C executable cmTC_90f1b
/usr/bin/cmake -E cmake_link_script CMakeFiles/cmTC_90f1b.dir/link.txt --verbose=1
/usr/bin/cc       CMakeFiles/cmTC_90f1b.dir/CheckSymbolExists.c.o  -o cmTC_90f1b -rdynamic 
CMakeFiles/cmTC_90f1b.dir/CheckSymbolExists.c.o: In function `main':
CheckSymbolExists.c:(.text+0x16): undefined reference to `pthread_create'
collect2: error: ld returned 1 exit status
CMakeFiles/cmTC_90f1b.dir/build.make:97: recipe for target 'cmTC_90f1b' failed
make[1]: *** [cmTC_90f1b] Error 1
make[1]: Leaving directory '/home/nazir/ws_moveit/build/rosserial_mbed/CMakeFiles/CMakeTmp'
Makefile:126: recipe for target 'cmTC_90f1b/fast' failed
make: *** [cmTC_90f1b/fast] Error 2

File /home/nazir/ws_moveit/build/rosserial_mbed/CMakeFiles/CMakeTmp/CheckSymbolExists.c:
/* */
#include <pthread.h>

int main(int argc, char** argv)
{
  (void)argv;
#ifndef pthread_create
  return ((int*)(&pthread_create))[argc];
#else
  (void)argc;
  return 0;
#endif
}

Determining if the function pthread_create exists in the pthreads failed with the following output:
Change Dir: /home/nazir/ws_moveit/build/rosserial_mbed/CMakeFiles/CMakeTmp

Run Build Command:"/usr/bin/make" "cmTC_cbafd/fast"
/usr/bin/make -f CMakeFiles/cmTC_cbafd.dir/build.make CMakeFiles/cmTC_cbafd.dir/build
make[1]: Entering directory '/home/nazir/ws_moveit/build/rosserial_mbed/CMakeFiles/CMakeTmp'
Building C object CMakeFiles/cmTC_cbafd.dir/CheckFunctionExists.c.o
/usr/bin/cc    -DCHECK_FUNCTION_EXISTS=pthread_create   -o CMakeFiles/cmTC_cbafd.dir/CheckFunctionExists.c.o   -c /usr/share/cmake-3.5/Modules/CheckFunctionExists.c
Linking C executable cmTC_cbafd
/usr/bin/cmake -E cmake_link_script CMakeFiles/cmTC_cbafd.dir/link.txt --verbose=1
/usr/bin/cc   -DCHECK_FUNCTION_EXISTS=pthread_create    CMakeFiles/cmTC_cbafd.dir/CheckFunctionExists.c.o  -o cmTC_cbafd -rdynamic -lpthreads 
/usr/bin/ld: cannot find -lpthreads
collect2: error: ld returned 1 exit status
CMakeFiles/cmTC_cbafd.dir/build.make:97: recipe for target 'cmTC_cbafd' failed
make[1]: *** [cmTC_cbafd] Error 1
make[1]: Leaving directory '/home/nazir/ws_moveit/build/rosserial_mbed/CMakeFiles/CMakeTmp'
Makefile:126: recipe for target 'cmTC_cbafd/fast' failed
make: *** [cmTC_cbafd/fast] Error 2


