[  0%] Built target std_msgs_generate_messages_lisp
[  0%] Built target _catkin_empty_exported_target
[  0%] Built target visualization_msgs_generate_messages_eus
[  0%] Built target actionlib_msgs_generate_messages_nodejs
[  0%] Built target moveit_msgs_generate_messages_py
[  0%] Built target moveit_msgs_generate_messages_eus
[  0%] Built target roscpp_generate_messages_py
[  0%] Built target roscpp_generate_messages_eus
[  0%] Built target visualization_msgs_generate_messages_lisp
[  0%] Built target std_msgs_generate_messages_nodejs
[  0%] Built target visualization_msgs_generate_messages_cpp
[  0%] Built target geometry_msgs_generate_messages_cpp
[  0%] Built target trajectory_msgs_generate_messages_cpp
[  0%] Built target octomap_msgs_generate_messages_nodejs
[  0%] Built target rosgraph_msgs_generate_messages_cpp
[  0%] Built target object_recognition_msgs_generate_messages_lisp
[  0%] Built target actionlib_msgs_generate_messages_cpp
[  0%] Built target sensor_msgs_generate_messages_eus
[  0%] Built target shape_msgs_generate_messages_lisp
[  0%] Built target tf_generate_messages_lisp
[  0%] Built target moveit_msgs_generate_messages_nodejs
[  0%] Built target roscpp_generate_messages_cpp
[  0%] Built target tf2_msgs_generate_messages_py
[  0%] Built target moveit_msgs_generate_messages_lisp
[  0%] Built target rosgraph_msgs_generate_messages_eus
[  0%] Built target std_msgs_generate_messages_py
[  0%] Built target moveit_msgs_generate_messages_cpp
[  0%] Built target rosgraph_msgs_generate_messages_nodejs
[  0%] Built target rosgraph_msgs_generate_messages_lisp
[  0%] Built target shape_msgs_generate_messages_cpp
[  0%] Built target std_srvs_generate_messages_nodejs
[  0%] Built target sensor_msgs_generate_messages_lisp
[  0%] Built target geometry_msgs_generate_messages_py
[  0%] Built target geometry_msgs_generate_messages_lisp
[  0%] Built target object_recognition_msgs_generate_messages_py
[  0%] Built target std_srvs_generate_messages_lisp
[  0%] Built target actionlib_msgs_generate_messages_lisp
[  0%] Built target actionlib_msgs_generate_messages_eus
[  0%] Built target actionlib_generate_messages_lisp
[  0%] Built target std_srvs_generate_messages_eus
[  0%] Built target tf_generate_messages_cpp
[  0%] Built target tf_generate_messages_nodejs
[  0%] Built target roscpp_generate_messages_lisp
[  0%] Built target std_srvs_generate_messages_py
[  0%] Built target actionlib_msgs_generate_messages_py
[  0%] Built target shape_msgs_generate_messages_nodejs
[  0%] Built target visualization_msgs_generate_messages_py
[  0%] Built target geometry_msgs_generate_messages_eus
[  0%] Built target shape_msgs_generate_messages_py
[  0%] Built target geometry_msgs_generate_messages_nodejs
[  0%] Built target sensor_msgs_generate_messages_cpp
[  0%] Built target std_msgs_generate_messages_cpp
[  0%] Built target sensor_msgs_generate_messages_nodejs
[  0%] Built target roscpp_generate_messages_nodejs
[  0%] Built target sensor_msgs_generate_messages_py
[  0%] Built target rosgraph_msgs_generate_messages_py
[  0%] Built target actionlib_generate_messages_cpp
[  0%] Built target trajectory_msgs_generate_messages_eus
[  0%] Built target trajectory_msgs_generate_messages_lisp
[  0%] Built target trajectory_msgs_generate_messages_nodejs
[  0%] Built target trajectory_msgs_generate_messages_py
[  0%] Built target actionlib_generate_messages_nodejs
[  0%] Built target object_recognition_msgs_generate_messages_cpp
[  0%] Built target object_recognition_msgs_generate_messages_eus
[  0%] Built target octomap_msgs_generate_messages_eus
[  0%] Built target object_recognition_msgs_generate_messages_nodejs
[  0%] Built target tf_generate_messages_py
[  0%] Built target octomap_msgs_generate_messages_cpp
[  0%] Built target octomap_msgs_generate_messages_lisp
[  0%] Built target octomap_msgs_generate_messages_py
[  0%] Built target shape_msgs_generate_messages_eus
[  0%] Built target std_msgs_generate_messages_eus
[  0%] Built target moveit_ros_planning_gencfg
[  0%] Built target actionlib_generate_messages_eus
[  0%] Built target actionlib_generate_messages_py
[  0%] Built target std_srvs_generate_messages_cpp
[  0%] Built target tf_generate_messages_eus
[  0%] Built target tf2_msgs_generate_messages_eus
[  0%] Built target tf2_msgs_generate_messages_lisp
[  0%] Built target tf2_msgs_generate_messages_cpp
[  0%] Built target tf2_msgs_generate_messages_nodejs
[  0%] Built target visualization_msgs_generate_messages_nodejs
[  5%] [32m[1mLinking CXX executable /home/nazir/ws_moveit/devel/.private/moveit_ros_move_group/lib/moveit_ros_move_group/list_move_group_capabilities[0m
[ 10%] [32m[1mLinking CXX shared library /home/nazir/ws_moveit/devel/.private/moveit_ros_move_group/lib/libmoveit_move_group_capabilities_base.so[0m
[ 15%] Built target list_move_group_capabilities
[ 26%] Built target moveit_move_group_capabilities_base
[ 31%] [32m[1mLinking CXX executable /home/nazir/ws_moveit/devel/.private/moveit_ros_move_group/lib/moveit_ros_move_group/move_group[0m
[ 36%] [32m[1mLinking CXX shared library /home/nazir/ws_moveit/devel/.private/moveit_ros_move_group/lib/libmoveit_move_group_default_capabilities.so[0m
[ 42%] Built target move_group
[100%] Built target moveit_move_group_default_capabilities
