Determining if the pthread_create exist failed with the following output:
Change Dir: /home/nazir/ws_moveit/build/moveit_fake_controller_manager/CMakeFiles/CMakeTmp

Run Build Command:"/usr/bin/make" "cmTC_9335b/fast"
/usr/bin/make -f CMakeFiles/cmTC_9335b.dir/build.make CMakeFiles/cmTC_9335b.dir/build
make[1]: Entering directory '/home/nazir/ws_moveit/build/moveit_fake_controller_manager/CMakeFiles/CMakeTmp'
Building C object CMakeFiles/cmTC_9335b.dir/CheckSymbolExists.c.o
/usr/bin/cc     -o CMakeFiles/cmTC_9335b.dir/CheckSymbolExists.c.o   -c /home/nazir/ws_moveit/build/moveit_fake_controller_manager/CMakeFiles/CMakeTmp/CheckSymbolExists.c
Linking C executable cmTC_9335b
/usr/bin/cmake -E cmake_link_script CMakeFiles/cmTC_9335b.dir/link.txt --verbose=1
/usr/bin/cc       CMakeFiles/cmTC_9335b.dir/CheckSymbolExists.c.o  -o cmTC_9335b -rdynamic 
CMakeFiles/cmTC_9335b.dir/CheckSymbolExists.c.o: In function `main':
CheckSymbolExists.c:(.text+0x16): undefined reference to `pthread_create'
collect2: error: ld returned 1 exit status
CMakeFiles/cmTC_9335b.dir/build.make:97: recipe for target 'cmTC_9335b' failed
make[1]: *** [cmTC_9335b] Error 1
make[1]: Leaving directory '/home/nazir/ws_moveit/build/moveit_fake_controller_manager/CMakeFiles/CMakeTmp'
Makefile:126: recipe for target 'cmTC_9335b/fast' failed
make: *** [cmTC_9335b/fast] Error 2

File /home/nazir/ws_moveit/build/moveit_fake_controller_manager/CMakeFiles/CMakeTmp/CheckSymbolExists.c:
/* */
#include <pthread.h>

int main(int argc, char** argv)
{
  (void)argv;
#ifndef pthread_create
  return ((int*)(&pthread_create))[argc];
#else
  (void)argc;
  return 0;
#endif
}

Determining if the function pthread_create exists in the pthreads failed with the following output:
Change Dir: /home/nazir/ws_moveit/build/moveit_fake_controller_manager/CMakeFiles/CMakeTmp

Run Build Command:"/usr/bin/make" "cmTC_b041f/fast"
/usr/bin/make -f CMakeFiles/cmTC_b041f.dir/build.make CMakeFiles/cmTC_b041f.dir/build
make[1]: Entering directory '/home/nazir/ws_moveit/build/moveit_fake_controller_manager/CMakeFiles/CMakeTmp'
Building C object CMakeFiles/cmTC_b041f.dir/CheckFunctionExists.c.o
/usr/bin/cc    -DCHECK_FUNCTION_EXISTS=pthread_create   -o CMakeFiles/cmTC_b041f.dir/CheckFunctionExists.c.o   -c /usr/share/cmake-3.5/Modules/CheckFunctionExists.c
Linking C executable cmTC_b041f
/usr/bin/cmake -E cmake_link_script CMakeFiles/cmTC_b041f.dir/link.txt --verbose=1
/usr/bin/cc   -DCHECK_FUNCTION_EXISTS=pthread_create    CMakeFiles/cmTC_b041f.dir/CheckFunctionExists.c.o  -o cmTC_b041f -rdynamic -lpthreads 
/usr/bin/ld: cannot find -lpthreads
collect2: error: ld returned 1 exit status
CMakeFiles/cmTC_b041f.dir/build.make:97: recipe for target 'cmTC_b041f' failed
make[1]: *** [cmTC_b041f] Error 1
make[1]: Leaving directory '/home/nazir/ws_moveit/build/moveit_fake_controller_manager/CMakeFiles/CMakeTmp'
Makefile:126: recipe for target 'cmTC_b041f/fast' failed
make: *** [cmTC_b041f/fast] Error 2


