[33m[1mCMake Warning[0m at /opt/ros/kinetic/share/catkin/cmake/catkinConfig.cmake:76 (find_package):
  Could not find a package configuration file provided by "abseil_cpp" with
  any of the following names:

    abseil_cppConfig.cmake
    abseil_cpp-config.cmake

  Add the installation prefix of "abseil_cpp" to CMAKE_PREFIX_PATH or set
  "abseil_cpp_DIR" to a directory containing one of the above files.  If
  "abseil_cpp" provides a separate development package or SDK, be sure it has
  been installed.
[36mCall Stack (most recent call first):[0m
  CMakeLists.txt:7 (find_package)


[31m[1mCMake Error[0m at /opt/ros/kinetic/share/catkin/cmake/catkinConfig.cmake:83 (find_package):
  Could not find a package configuration file provided by "abseil_cpp" with
  any of the following names:

    abseil_cppConfig.cmake
    abseil_cpp-config.cmake

  Add the installation prefix of "abseil_cpp" to CMAKE_PREFIX_PATH or set
  "abseil_cpp_DIR" to a directory containing one of the above files.  If
  "abseil_cpp" provides a separate development package or SDK, be sure it has
  been installed.
[36mCall Stack (most recent call first):[0m
  CMakeLists.txt:7 (find_package)


