Not searching for unused variables given on the command line.
[36m--[0m Boost version: 1.58.0
[36m--[0m Found the following Boost libraries:
[36m--[0m   regex
[36m--[0m Using CATKIN_DEVEL_PREFIX: /home/nazir/ws_moveit/devel/.private/ros_type_introspection
[36m--[0m Using CMAKE_PREFIX_PATH: /home/nazir/ws_moveit/devel;/opt/ros/kinetic
[36m--[0m This workspace overlays: /home/nazir/ws_moveit/devel;/opt/ros/kinetic
[36m--[0m Using PYTHON_EXECUTABLE: /usr/bin/python
[36m--[0m Using Debian Python package layout
[36m--[0m Using empy: /usr/bin/empy
[36m--[0m Using CATKIN_ENABLE_TESTING: ON
[36m--[0m Call enable_testing()
[36m--[0m Using CATKIN_TEST_RESULTS_DIR: /home/nazir/ws_moveit/build/ros_type_introspection/test_results
[36m--[0m Found gtest sources under '/usr/src/gtest': gtests will be built
[36m--[0m Using Python nosetests: /usr/bin/nosetests-2.7
[36m--[0m catkin 0.7.6
[33m[1mCMake Warning[0m at /opt/ros/kinetic/share/catkin/cmake/catkinConfig.cmake:76 (find_package):
  Could not find a package configuration file provided by "abseil_cpp" with
  any of the following names:

    abseil_cppConfig.cmake
    abseil_cpp-config.cmake

  Add the installation prefix of "abseil_cpp" to CMAKE_PREFIX_PATH or set
  "abseil_cpp_DIR" to a directory containing one of the above files.  If
  "abseil_cpp" provides a separate development package or SDK, be sure it has
  been installed.
[36mCall Stack (most recent call first):[0m
  CMakeLists.txt:7 (find_package)


[31m[1mCMake Error[0m at /opt/ros/kinetic/share/catkin/cmake/catkinConfig.cmake:83 (find_package):
  Could not find a package configuration file provided by "abseil_cpp" with
  any of the following names:

    abseil_cppConfig.cmake
    abseil_cpp-config.cmake

  Add the installation prefix of "abseil_cpp" to CMAKE_PREFIX_PATH or set
  "abseil_cpp_DIR" to a directory containing one of the above files.  If
  "abseil_cpp" provides a separate development package or SDK, be sure it has
  been installed.
[36mCall Stack (most recent call first):[0m
  CMakeLists.txt:7 (find_package)


[36m--[0m Could not find the required component 'abseil_cpp'. The following CMake error indicates that you either need to install the package with the same name or change your environment so that it can be found.
[36m--[0m Configuring incomplete, errors occurred!
See also "/home/nazir/ws_moveit/build/ros_type_introspection/CMakeFiles/CMakeOutput.log".
See also "/home/nazir/ws_moveit/build/ros_type_introspection/CMakeFiles/CMakeError.log".
