Determining if the pthread_create exist failed with the following output:
Change Dir: /home/nazir/ws_moveit/build/ur_gazebo/CMakeFiles/CMakeTmp

Run Build Command:"/usr/bin/make" "cmTC_29f2c/fast"
/usr/bin/make -f CMakeFiles/cmTC_29f2c.dir/build.make CMakeFiles/cmTC_29f2c.dir/build
make[1]: Entering directory '/home/nazir/ws_moveit/build/ur_gazebo/CMakeFiles/CMakeTmp'
Building C object CMakeFiles/cmTC_29f2c.dir/CheckSymbolExists.c.o
/usr/bin/cc     -o CMakeFiles/cmTC_29f2c.dir/CheckSymbolExists.c.o   -c /home/nazir/ws_moveit/build/ur_gazebo/CMakeFiles/CMakeTmp/CheckSymbolExists.c
Linking C executable cmTC_29f2c
/usr/bin/cmake -E cmake_link_script CMakeFiles/cmTC_29f2c.dir/link.txt --verbose=1
/usr/bin/cc       CMakeFiles/cmTC_29f2c.dir/CheckSymbolExists.c.o  -o cmTC_29f2c -rdynamic 
CMakeFiles/cmTC_29f2c.dir/CheckSymbolExists.c.o: In function `main':
CheckSymbolExists.c:(.text+0x16): undefined reference to `pthread_create'
collect2: error: ld returned 1 exit status
CMakeFiles/cmTC_29f2c.dir/build.make:97: recipe for target 'cmTC_29f2c' failed
make[1]: *** [cmTC_29f2c] Error 1
make[1]: Leaving directory '/home/nazir/ws_moveit/build/ur_gazebo/CMakeFiles/CMakeTmp'
Makefile:126: recipe for target 'cmTC_29f2c/fast' failed
make: *** [cmTC_29f2c/fast] Error 2

File /home/nazir/ws_moveit/build/ur_gazebo/CMakeFiles/CMakeTmp/CheckSymbolExists.c:
/* */
#include <pthread.h>

int main(int argc, char** argv)
{
  (void)argv;
#ifndef pthread_create
  return ((int*)(&pthread_create))[argc];
#else
  (void)argc;
  return 0;
#endif
}

Determining if the function pthread_create exists in the pthreads failed with the following output:
Change Dir: /home/nazir/ws_moveit/build/ur_gazebo/CMakeFiles/CMakeTmp

Run Build Command:"/usr/bin/make" "cmTC_ff40c/fast"
/usr/bin/make -f CMakeFiles/cmTC_ff40c.dir/build.make CMakeFiles/cmTC_ff40c.dir/build
make[1]: Entering directory '/home/nazir/ws_moveit/build/ur_gazebo/CMakeFiles/CMakeTmp'
Building C object CMakeFiles/cmTC_ff40c.dir/CheckFunctionExists.c.o
/usr/bin/cc    -DCHECK_FUNCTION_EXISTS=pthread_create   -o CMakeFiles/cmTC_ff40c.dir/CheckFunctionExists.c.o   -c /usr/share/cmake-3.5/Modules/CheckFunctionExists.c
Linking C executable cmTC_ff40c
/usr/bin/cmake -E cmake_link_script CMakeFiles/cmTC_ff40c.dir/link.txt --verbose=1
/usr/bin/cc   -DCHECK_FUNCTION_EXISTS=pthread_create    CMakeFiles/cmTC_ff40c.dir/CheckFunctionExists.c.o  -o cmTC_ff40c -rdynamic -lpthreads 
/usr/bin/ld: cannot find -lpthreads
collect2: error: ld returned 1 exit status
CMakeFiles/cmTC_ff40c.dir/build.make:97: recipe for target 'cmTC_ff40c' failed
make[1]: *** [cmTC_ff40c] Error 1
make[1]: Leaving directory '/home/nazir/ws_moveit/build/ur_gazebo/CMakeFiles/CMakeTmp'
Makefile:126: recipe for target 'cmTC_ff40c/fast' failed
make: *** [cmTC_ff40c/fast] Error 2


