Not searching for unused variables given on the command line.
[36m--[0m Using CATKIN_DEVEL_PREFIX: /home/nazir/ws_moveit/devel/.private/apriltags
[36m--[0m Using CMAKE_PREFIX_PATH: /home/nazir/ws_moveit/devel;/opt/ros/kinetic
[36m--[0m This workspace overlays: /home/nazir/ws_moveit/devel;/opt/ros/kinetic
[36m--[0m Using PYTHON_EXECUTABLE: /usr/bin/python
[36m--[0m Using Debian Python package layout
[36m--[0m Using empy: /usr/bin/empy
[36m--[0m Using CATKIN_ENABLE_TESTING: ON
[36m--[0m Call enable_testing()
[36m--[0m Using CATKIN_TEST_RESULTS_DIR: /home/nazir/ws_moveit/build/apriltags/test_results
[36m--[0m Found gtest sources under '/usr/src/gtest': gtests will be built
[36m--[0m Using Python nosetests: /usr/bin/nosetests-2.7
[36m--[0m catkin 0.7.6
[36m--[0m Using these message generators: gencpp;geneus;genlisp;gennodejs;genpy
[33m[1mCMake Warning[0m at /opt/ros/kinetic/share/cmake_modules/cmake/Modules/FindEigen.cmake:62 (message):
  The FindEigen.cmake Module in the cmake_modules package is deprecated.

  Please use the FindEigen3.cmake Module provided with Eigen.  Change
  instances of find_package(Eigen) to find_package(Eigen3).  Check the
  FindEigen3.cmake Module for the resulting CMake variable names.

[36mCall Stack (most recent call first):[0m
  CMakeLists.txt:16 (find_package)


[36m--[0m Eigen found (include: /usr/include/eigen3)
[31m[1mCMake Error[0m at /home/nazir/ws_moveit/src/apriltags/CMakeLists.txt:19 (find_package):
  By not providing "Findapriltagscpp.cmake" in CMAKE_MODULE_PATH this project
  has asked CMake to find a package configuration file provided by
  "apriltagscpp", but CMake did not find one.

  Could not find a package configuration file provided by "apriltagscpp" with
  any of the following names:

    apriltagscppConfig.cmake
    apriltagscpp-config.cmake

  Add the installation prefix of "apriltagscpp" to CMAKE_PREFIX_PATH or set
  "apriltagscpp_DIR" to a directory containing one of the above files.  If
  "apriltagscpp" provides a separate development package or SDK, be sure it
  has been installed.


[36m--[0m Configuring incomplete, errors occurred!
See also "/home/nazir/ws_moveit/build/apriltags/CMakeFiles/CMakeOutput.log".
See also "/home/nazir/ws_moveit/build/apriltags/CMakeFiles/CMakeError.log".
