Determining if the pthread_create exist failed with the following output:
Change Dir: /home/nazir/ws_moveit/build/moveit_ros_perception/CMakeFiles/CMakeTmp

Run Build Command:"/usr/bin/make" "cmTC_ffd5a/fast"
/usr/bin/make -f CMakeFiles/cmTC_ffd5a.dir/build.make CMakeFiles/cmTC_ffd5a.dir/build
make[1]: Entering directory '/home/nazir/ws_moveit/build/moveit_ros_perception/CMakeFiles/CMakeTmp'
Building C object CMakeFiles/cmTC_ffd5a.dir/CheckSymbolExists.c.o
/usr/bin/cc     -o CMakeFiles/cmTC_ffd5a.dir/CheckSymbolExists.c.o   -c /home/nazir/ws_moveit/build/moveit_ros_perception/CMakeFiles/CMakeTmp/CheckSymbolExists.c
Linking C executable cmTC_ffd5a
/usr/bin/cmake -E cmake_link_script CMakeFiles/cmTC_ffd5a.dir/link.txt --verbose=1
/usr/bin/cc       CMakeFiles/cmTC_ffd5a.dir/CheckSymbolExists.c.o  -o cmTC_ffd5a -rdynamic 
CMakeFiles/cmTC_ffd5a.dir/CheckSymbolExists.c.o: In function `main':
CheckSymbolExists.c:(.text+0x16): undefined reference to `pthread_create'
collect2: error: ld returned 1 exit status
CMakeFiles/cmTC_ffd5a.dir/build.make:97: recipe for target 'cmTC_ffd5a' failed
make[1]: *** [cmTC_ffd5a] Error 1
make[1]: Leaving directory '/home/nazir/ws_moveit/build/moveit_ros_perception/CMakeFiles/CMakeTmp'
Makefile:126: recipe for target 'cmTC_ffd5a/fast' failed
make: *** [cmTC_ffd5a/fast] Error 2

File /home/nazir/ws_moveit/build/moveit_ros_perception/CMakeFiles/CMakeTmp/CheckSymbolExists.c:
/* */
#include <pthread.h>

int main(int argc, char** argv)
{
  (void)argv;
#ifndef pthread_create
  return ((int*)(&pthread_create))[argc];
#else
  (void)argc;
  return 0;
#endif
}

Determining if the function pthread_create exists in the pthreads failed with the following output:
Change Dir: /home/nazir/ws_moveit/build/moveit_ros_perception/CMakeFiles/CMakeTmp

Run Build Command:"/usr/bin/make" "cmTC_96418/fast"
/usr/bin/make -f CMakeFiles/cmTC_96418.dir/build.make CMakeFiles/cmTC_96418.dir/build
make[1]: Entering directory '/home/nazir/ws_moveit/build/moveit_ros_perception/CMakeFiles/CMakeTmp'
Building C object CMakeFiles/cmTC_96418.dir/CheckFunctionExists.c.o
/usr/bin/cc    -DCHECK_FUNCTION_EXISTS=pthread_create   -o CMakeFiles/cmTC_96418.dir/CheckFunctionExists.c.o   -c /usr/share/cmake-3.5/Modules/CheckFunctionExists.c
Linking C executable cmTC_96418
/usr/bin/cmake -E cmake_link_script CMakeFiles/cmTC_96418.dir/link.txt --verbose=1
/usr/bin/cc   -DCHECK_FUNCTION_EXISTS=pthread_create    CMakeFiles/cmTC_96418.dir/CheckFunctionExists.c.o  -o cmTC_96418 -rdynamic -lpthreads 
/usr/bin/ld: cannot find -lpthreads
collect2: error: ld returned 1 exit status
CMakeFiles/cmTC_96418.dir/build.make:97: recipe for target 'cmTC_96418' failed
make[1]: *** [cmTC_96418] Error 1
make[1]: Leaving directory '/home/nazir/ws_moveit/build/moveit_ros_perception/CMakeFiles/CMakeTmp'
Makefile:126: recipe for target 'cmTC_96418/fast' failed
make: *** [cmTC_96418/fast] Error 2


