[  1%] [34m[1mAutomatic moc for target moveit_robot_state_rviz_plugin_core[0m
[  3%] [34m[1mAutomatic moc for target moveit_rviz_plugin_render_tools[0m
[  3%] Built target moveit_rviz_plugin_render_tools_automoc
[  3%] Built target moveit_robot_state_rviz_plugin_core_automoc
[  5%] [34m[1mAutomatic moc for target moveit_planning_scene_rviz_plugin_core[0m
[  7%] [34m[1mAutomatic moc for target moveit_robot_state_rviz_plugin[0m
[  7%] Built target moveit_robot_state_rviz_plugin_automoc
[  9%] [34m[1mAutomatic moc for target moveit_planning_scene_rviz_plugin[0m
[  9%] Built target moveit_planning_scene_rviz_plugin_core_automoc
[ 11%] [34m[1mAutomatic moc for target moveit_motion_planning_rviz_plugin_core[0m
[ 11%] Built target moveit_planning_scene_rviz_plugin_automoc
[ 13%] [34m[1mAutomatic moc for target moveit_motion_planning_rviz_plugin[0m
[ 15%] [34m[1mAutomatic moc for target moveit_trajectory_rviz_plugin_core[0m
[ 15%] Built target moveit_motion_planning_rviz_plugin_core_automoc
[ 15%] Built target moveit_motion_planning_rviz_plugin_automoc
[ 17%] [34m[1mAutomatic moc for target moveit_trajectory_rviz_plugin[0m
[ 17%] Built target moveit_trajectory_rviz_plugin_core_automoc
[ 19%] [32m[1mLinking CXX shared library /home/nazir/ws_moveit/devel/.private/moveit_ros_visualization/lib/libmoveit_rviz_plugin_render_tools.so[0m
[ 19%] Built target moveit_trajectory_rviz_plugin_automoc
[ 35%] Built target moveit_rviz_plugin_render_tools
[ 37%] [32m[1mLinking CXX shared library /home/nazir/ws_moveit/devel/.private/moveit_ros_visualization/lib/libmoveit_robot_state_rviz_plugin_core.so[0m
[ 39%] [32m[1mLinking CXX shared library /home/nazir/ws_moveit/devel/.private/moveit_ros_visualization/lib/libmoveit_planning_scene_rviz_plugin_core.so[0m
[ 43%] Built target moveit_robot_state_rviz_plugin_core
[ 45%] [32m[1mLinking CXX shared library /home/nazir/ws_moveit/devel/.private/moveit_ros_visualization/lib/libmoveit_robot_state_rviz_plugin.so[0m
[ 49%] Built target moveit_planning_scene_rviz_plugin_core
[ 50%] [32m[1mLinking CXX shared library /home/nazir/ws_moveit/devel/.private/moveit_ros_visualization/lib/libmoveit_trajectory_rviz_plugin_core.so[0m
[ 52%] [32m[1mLinking CXX shared library /home/nazir/ws_moveit/devel/.private/moveit_ros_visualization/lib/libmoveit_planning_scene_rviz_plugin.so[0m
[ 54%] [32m[1mLinking CXX shared library /home/nazir/ws_moveit/devel/.private/moveit_ros_visualization/lib/libmoveit_motion_planning_rviz_plugin_core.so[0m
[ 58%] Built target moveit_robot_state_rviz_plugin
[ 62%] Built target moveit_planning_scene_rviz_plugin
[ 66%] Built target moveit_trajectory_rviz_plugin_core
[ 68%] [32m[1mLinking CXX shared library /home/nazir/ws_moveit/devel/.private/moveit_ros_visualization/lib/libmoveit_trajectory_rviz_plugin.so[0m
[ 72%] Built target moveit_trajectory_rviz_plugin
[ 94%] Built target moveit_motion_planning_rviz_plugin_core
[ 96%] [32m[1mLinking CXX shared library /home/nazir/ws_moveit/devel/.private/moveit_ros_visualization/lib/libmoveit_motion_planning_rviz_plugin.so[0m
[100%] Built target moveit_motion_planning_rviz_plugin
