[ 10%] [32m[1mLinking CXX shared library /home/nazir/ws_moveit/devel/.private/ur_modern_driver/lib/libur_hardware_interface.so[0m
[ 20%] Built target ur_hardware_interface
[ 20%] Built target trajectory_msgs_generate_messages_cpp
[ 20%] Built target tf2_msgs_generate_messages_nodejs
[ 20%] Built target tf2_msgs_generate_messages_lisp
[ 20%] Built target tf2_msgs_generate_messages_eus
[ 20%] Built target tf_generate_messages_py
[ 20%] Built target tf_generate_messages_eus
[ 20%] Built target ur_msgs_generate_messages_py
[ 20%] Built target ur_msgs_generate_messages_nodejs
[ 20%] Built target ur_msgs_generate_messages_lisp
[ 20%] Built target sensor_msgs_generate_messages_nodejs
[ 20%] Built target sensor_msgs_generate_messages_cpp
[ 20%] Built target trajectory_msgs_generate_messages_py
[ 20%] Built target trajectory_msgs_generate_messages_nodejs
[ 20%] Built target trajectory_msgs_generate_messages_eus
[ 20%] Built target std_msgs_generate_messages_eus
[ 20%] Built target roscpp_generate_messages_lisp
[ 20%] Built target trajectory_msgs_generate_messages_lisp
[ 20%] Built target control_msgs_generate_messages_lisp
[ 20%] Built target controller_manager_msgs_generate_messages_eus
[ 20%] Built target ur_msgs_generate_messages_eus
[ 20%] Built target actionlib_generate_messages_py
[ 20%] Built target std_msgs_generate_messages_py
[ 20%] Built target tf_generate_messages_lisp
[ 20%] Built target rosgraph_msgs_generate_messages_py
[ 20%] Built target rosgraph_msgs_generate_messages_lisp
[ 20%] Built target roscpp_generate_messages_nodejs
[ 20%] Built target rosgraph_msgs_generate_messages_nodejs
[ 20%] Built target rosgraph_msgs_generate_messages_cpp
[ 20%] Built target tf_generate_messages_cpp
[ 20%] Built target std_msgs_generate_messages_lisp
[ 20%] Built target geometry_msgs_generate_messages_lisp
[ 20%] Built target roscpp_generate_messages_eus
[ 20%] Built target sensor_msgs_generate_messages_lisp
[ 20%] Built target controller_manager_msgs_generate_messages_cpp
[ 20%] Built target roscpp_generate_messages_cpp
[ 20%] Built target controller_manager_msgs_generate_messages_nodejs
[ 20%] Built target actionlib_msgs_generate_messages_py
[ 20%] Built target geometry_msgs_generate_messages_eus
[ 20%] Built target ur_msgs_generate_messages_cpp
[ 20%] Built target control_msgs_generate_messages_eus
[ 20%] Built target geometry_msgs_generate_messages_nodejs
[ 20%] Built target rosgraph_msgs_generate_messages_eus
[ 20%] Built target tf_generate_messages_nodejs
[ 20%] Built target roscpp_generate_messages_py
[ 20%] Built target actionlib_generate_messages_eus
[ 20%] Built target controller_manager_msgs_generate_messages_lisp
[ 20%] Built target tf2_msgs_generate_messages_cpp
[ 20%] Built target controller_manager_msgs_generate_messages_py
[ 20%] Built target control_msgs_generate_messages_nodejs
[ 20%] Built target actionlib_generate_messages_cpp
[ 20%] Built target sensor_msgs_generate_messages_py
[ 20%] Built target tf2_msgs_generate_messages_py
[ 20%] Built target actionlib_msgs_generate_messages_nodejs
[ 20%] Built target actionlib_msgs_generate_messages_eus
[ 20%] Built target actionlib_generate_messages_lisp
[ 20%] Built target sensor_msgs_generate_messages_eus
[ 20%] Built target actionlib_msgs_generate_messages_cpp
[ 20%] Built target std_msgs_generate_messages_cpp
[ 20%] Built target actionlib_generate_messages_nodejs
[ 20%] Built target actionlib_msgs_generate_messages_lisp
[ 20%] Built target control_msgs_generate_messages_cpp
[ 20%] Built target control_msgs_generate_messages_py
[ 20%] Built target std_msgs_generate_messages_nodejs
[ 20%] Built target geometry_msgs_generate_messages_py
[ 20%] Built target geometry_msgs_generate_messages_cpp
[ 30%] [32m[1mLinking CXX executable /home/nazir/ws_moveit/devel/.private/ur_modern_driver/lib/ur_modern_driver/ur_driver[0m
[100%] Built target ur_driver
