[33m[1mCMake Warning[0m at /opt/ros/kinetic/share/catkin/cmake/catkinConfig.cmake:76 (find_package):
  Could not find a package configuration file provided by
  "variant_topic_tools" with any of the following names:

    variant_topic_toolsConfig.cmake
    variant_topic_tools-config.cmake

  Add the installation prefix of "variant_topic_tools" to CMAKE_PREFIX_PATH
  or set "variant_topic_tools_DIR" to a directory containing one of the above
  files.  If "variant_topic_tools" provides a separate development package or
  SDK, be sure it has been installed.
[36mCall Stack (most recent call first):[0m
  CMakeLists.txt:7 (find_package)


[31m[1mCMake Error[0m at /opt/ros/kinetic/share/catkin/cmake/catkinConfig.cmake:83 (find_package):
  Could not find a package configuration file provided by
  "variant_topic_tools" with any of the following names:

    variant_topic_toolsConfig.cmake
    variant_topic_tools-config.cmake

  Add the installation prefix of "variant_topic_tools" to CMAKE_PREFIX_PATH
  or set "variant_topic_tools_DIR" to a directory containing one of the above
  files.  If "variant_topic_tools" provides a separate development package or
  SDK, be sure it has been installed.
[36mCall Stack (most recent call first):[0m
  CMakeLists.txt:7 (find_package)


