Determining if the pthread_create exist failed with the following output:
Change Dir: /home/nazir/ws_moveit/build/rqt_multiplot/CMakeFiles/CMakeTmp

Run Build Command:"/usr/bin/make" "cmTC_b4d1a/fast"
/usr/bin/make -f CMakeFiles/cmTC_b4d1a.dir/build.make CMakeFiles/cmTC_b4d1a.dir/build
make[1]: Entering directory '/home/nazir/ws_moveit/build/rqt_multiplot/CMakeFiles/CMakeTmp'
Building C object CMakeFiles/cmTC_b4d1a.dir/CheckSymbolExists.c.o
/usr/bin/cc     -o CMakeFiles/cmTC_b4d1a.dir/CheckSymbolExists.c.o   -c /home/nazir/ws_moveit/build/rqt_multiplot/CMakeFiles/CMakeTmp/CheckSymbolExists.c
Linking C executable cmTC_b4d1a
/usr/bin/cmake -E cmake_link_script CMakeFiles/cmTC_b4d1a.dir/link.txt --verbose=1
/usr/bin/cc       CMakeFiles/cmTC_b4d1a.dir/CheckSymbolExists.c.o  -o cmTC_b4d1a -rdynamic 
CMakeFiles/cmTC_b4d1a.dir/CheckSymbolExists.c.o: In function `main':
CheckSymbolExists.c:(.text+0x16): undefined reference to `pthread_create'
collect2: error: ld returned 1 exit status
CMakeFiles/cmTC_b4d1a.dir/build.make:97: recipe for target 'cmTC_b4d1a' failed
make[1]: *** [cmTC_b4d1a] Error 1
make[1]: Leaving directory '/home/nazir/ws_moveit/build/rqt_multiplot/CMakeFiles/CMakeTmp'
Makefile:126: recipe for target 'cmTC_b4d1a/fast' failed
make: *** [cmTC_b4d1a/fast] Error 2

File /home/nazir/ws_moveit/build/rqt_multiplot/CMakeFiles/CMakeTmp/CheckSymbolExists.c:
/* */
#include <pthread.h>

int main(int argc, char** argv)
{
  (void)argv;
#ifndef pthread_create
  return ((int*)(&pthread_create))[argc];
#else
  (void)argc;
  return 0;
#endif
}

Determining if the function pthread_create exists in the pthreads failed with the following output:
Change Dir: /home/nazir/ws_moveit/build/rqt_multiplot/CMakeFiles/CMakeTmp

Run Build Command:"/usr/bin/make" "cmTC_b9075/fast"
/usr/bin/make -f CMakeFiles/cmTC_b9075.dir/build.make CMakeFiles/cmTC_b9075.dir/build
make[1]: Entering directory '/home/nazir/ws_moveit/build/rqt_multiplot/CMakeFiles/CMakeTmp'
Building C object CMakeFiles/cmTC_b9075.dir/CheckFunctionExists.c.o
/usr/bin/cc    -DCHECK_FUNCTION_EXISTS=pthread_create   -o CMakeFiles/cmTC_b9075.dir/CheckFunctionExists.c.o   -c /usr/share/cmake-3.5/Modules/CheckFunctionExists.c
Linking C executable cmTC_b9075
/usr/bin/cmake -E cmake_link_script CMakeFiles/cmTC_b9075.dir/link.txt --verbose=1
/usr/bin/cc   -DCHECK_FUNCTION_EXISTS=pthread_create    CMakeFiles/cmTC_b9075.dir/CheckFunctionExists.c.o  -o cmTC_b9075 -rdynamic -lpthreads 
/usr/bin/ld: cannot find -lpthreads
collect2: error: ld returned 1 exit status
CMakeFiles/cmTC_b9075.dir/build.make:97: recipe for target 'cmTC_b9075' failed
make[1]: *** [cmTC_b9075] Error 1
make[1]: Leaving directory '/home/nazir/ws_moveit/build/rqt_multiplot/CMakeFiles/CMakeTmp'
Makefile:126: recipe for target 'cmTC_b9075/fast' failed
make: *** [cmTC_b9075/fast] Error 2


