[  0%] Built target std_msgs_generate_messages_cpp
[  0%] Built target _apriltags_ros_generate_messages_check_deps_AprilTagDetection
[  0%] Built target geometry_msgs_generate_messages_cpp
[  0%] Built target geometry_msgs_generate_messages_nodejs
[  0%] Built target _apriltags_ros_generate_messages_check_deps_AprilTagDetectionArray
[  0%] Built target std_msgs_generate_messages_nodejs
[  0%] Built target std_msgs_generate_messages_lisp
[  0%] Built target geometry_msgs_generate_messages_lisp
[  0%] Built target std_msgs_generate_messages_eus
[  0%] Built target geometry_msgs_generate_messages_eus
[  0%] Built target std_msgs_generate_messages_py
[  0%] Built target geometry_msgs_generate_messages_py
[ 11%] Built target apriltags_ros_generate_messages_cpp
[ 22%] Built target apriltags_ros_generate_messages_nodejs
[ 33%] Built target apriltags_ros_generate_messages_lisp
[ 50%] Built target apriltags_ros_generate_messages_eus
[ 66%] Built target apriltags_ros_generate_messages_py
[ 66%] Built target apriltags_ros_generate_messages
[ 77%] Built target apriltag_detector
[ 88%] Built target apriltag_detector_nodelet
[100%] Built target apriltag_detector_node
