[ 12%] Built target moveit_occupancy_map_monitor
[ 12%] Built target sensor_msgs_generate_messages_py
[ 12%] Built target sensor_msgs_generate_messages_nodejs
[ 12%] Built target sensor_msgs_generate_messages_cpp
[ 12%] Built target geometry_msgs_generate_messages_nodejs
[ 12%] Built target std_msgs_generate_messages_eus
[ 12%] Built target std_msgs_generate_messages_lisp
[ 12%] Built target geometry_msgs_generate_messages_lisp
[ 12%] Built target sensor_msgs_generate_messages_lisp
[ 12%] Built target std_msgs_generate_messages_py
[ 12%] Built target geometry_msgs_generate_messages_eus
[ 12%] Built target sensor_msgs_generate_messages_eus
[ 12%] Built target std_msgs_generate_messages_cpp
[ 12%] Built target geometry_msgs_generate_messages_cpp
[ 12%] Built target std_msgs_generate_messages_nodejs
[ 12%] Built target geometry_msgs_generate_messages_py
[ 20%] Built target moveit_point_containment_filter
[ 28%] Built target moveit_occupancy_map_server
[ 28%] Built target _catkin_empty_exported_target
[ 52%] Built target moveit_mesh_filter
[ 52%] Built target tf2_msgs_generate_messages_lisp
[ 52%] Built target tf2_msgs_generate_messages_nodejs
[ 52%] Built target tf2_msgs_generate_messages_eus
[ 52%] Built target tf2_msgs_generate_messages_cpp
[ 52%] Built target actionlib_generate_messages_py
[ 52%] Built target actionlib_generate_messages_eus
[ 52%] Built target tf_generate_messages_eus
[ 52%] Built target octomap_msgs_generate_messages_py
[ 52%] Built target octomap_msgs_generate_messages_lisp
[ 52%] Built target tf_generate_messages_py
[ 52%] Built target object_recognition_msgs_generate_messages_nodejs
[ 52%] Built target object_recognition_msgs_generate_messages_eus
[ 52%] Built target octomap_msgs_generate_messages_eus
[ 52%] Built target object_recognition_msgs_generate_messages_cpp
[ 52%] Built target trajectory_msgs_generate_messages_py
[ 52%] Built target trajectory_msgs_generate_messages_lisp
[ 52%] Built target trajectory_msgs_generate_messages_nodejs
[ 52%] Built target trajectory_msgs_generate_messages_eus
[ 52%] Built target actionlib_generate_messages_cpp
[ 52%] Built target shape_msgs_generate_messages_py
[ 52%] Built target visualization_msgs_generate_messages_py
[ 52%] Built target shape_msgs_generate_messages_nodejs
[ 52%] Built target roscpp_generate_messages_lisp
[ 52%] Built target octomap_msgs_generate_messages_cpp
[ 52%] Built target actionlib_generate_messages_lisp
[ 52%] Built target tf_generate_messages_cpp
[ 52%] Built target actionlib_msgs_generate_messages_lisp
[ 52%] Built target actionlib_msgs_generate_messages_eus
[ 52%] Built target object_recognition_msgs_generate_messages_py
[ 52%] Built target shape_msgs_generate_messages_cpp
[ 52%] Built target roscpp_generate_messages_nodejs
[ 52%] Built target rosgraph_msgs_generate_messages_lisp
[ 52%] Built target moveit_msgs_generate_messages_lisp
[ 52%] Built target rosgraph_msgs_generate_messages_nodejs
[ 52%] Built target moveit_msgs_generate_messages_cpp
[ 52%] Built target actionlib_msgs_generate_messages_py
[ 52%] Built target moveit_msgs_generate_messages_nodejs
[ 52%] Built target roscpp_generate_messages_cpp
[ 52%] Built target actionlib_msgs_generate_messages_cpp
[ 52%] Built target shape_msgs_generate_messages_lisp
[ 52%] Built target actionlib_generate_messages_nodejs
[ 52%] Built target object_recognition_msgs_generate_messages_lisp
[ 52%] Built target rosgraph_msgs_generate_messages_cpp
[ 52%] Built target octomap_msgs_generate_messages_nodejs
[ 52%] Built target trajectory_msgs_generate_messages_cpp
[ 52%] Built target shape_msgs_generate_messages_eus
[ 52%] Built target visualization_msgs_generate_messages_cpp
[ 52%] Built target visualization_msgs_generate_messages_lisp
[ 52%] Built target roscpp_generate_messages_eus
[ 52%] Built target visualization_msgs_generate_messages_nodejs
[ 52%] Built target tf_generate_messages_nodejs
[ 52%] Built target roscpp_generate_messages_py
[ 52%] Built target tf_generate_messages_lisp
[ 52%] Built target rosgraph_msgs_generate_messages_py
[ 52%] Built target rosgraph_msgs_generate_messages_eus
[ 52%] Built target moveit_msgs_generate_messages_eus
[ 52%] Built target moveit_msgs_generate_messages_py
[ 52%] Built target actionlib_msgs_generate_messages_nodejs
[ 52%] Built target tf2_msgs_generate_messages_py
[ 52%] Built target visualization_msgs_generate_messages_eus
[ 60%] Built target moveit_lazy_free_space_updater
[ 68%] Built target moveit_pointcloud_octomap_updater_core
[ 76%] Built target moveit_semantic_world
[ 84%] Built target moveit_depth_image_octomap_updater_core
[ 92%] Built target moveit_pointcloud_octomap_updater
[100%] Built target moveit_depth_image_octomap_updater
