[  4%] [32m[1mLinking CXX shared library /home/nazir/ws_moveit/devel/.private/moveit_ros_perception/lib/libmoveit_occupancy_map_monitor.so[0m
[  4%] Built target sensor_msgs_generate_messages_py
[  4%] Built target sensor_msgs_generate_messages_nodejs
[  4%] Built target sensor_msgs_generate_messages_cpp
[  4%] Built target geometry_msgs_generate_messages_nodejs
[  4%] Built target std_msgs_generate_messages_eus
[  4%] Built target std_msgs_generate_messages_lisp
[ 12%] Built target moveit_occupancy_map_monitor
[ 12%] Built target geometry_msgs_generate_messages_lisp
[ 12%] Built target sensor_msgs_generate_messages_lisp
[ 12%] Built target std_msgs_generate_messages_py
[ 12%] Built target geometry_msgs_generate_messages_eus
[ 12%] Built target std_msgs_generate_messages_cpp
[ 12%] Built target sensor_msgs_generate_messages_eus
[ 12%] Built target geometry_msgs_generate_messages_cpp
[ 12%] Built target std_msgs_generate_messages_nodejs
[ 12%] Built target geometry_msgs_generate_messages_py
[ 16%] [32m[1mLinking CXX shared library /home/nazir/ws_moveit/devel/.private/moveit_ros_perception/lib/libmoveit_point_containment_filter.so[0m
[ 20%] [32m[1mLinking CXX executable /home/nazir/ws_moveit/devel/.private/moveit_ros_perception/lib/moveit_ros_perception/moveit_occupancy_map_server[0m
[ 24%] Built target moveit_point_containment_filter
[ 28%] [32m[1mLinking CXX shared library /home/nazir/ws_moveit/devel/.private/moveit_ros_perception/lib/libmoveit_mesh_filter.so[0m
[ 32%] Built target moveit_occupancy_map_server
[ 32%] Built target _catkin_empty_exported_target
[ 52%] Built target moveit_mesh_filter
[ 52%] Built target tf2_msgs_generate_messages_lisp
[ 52%] Built target tf2_msgs_generate_messages_nodejs
[ 52%] Built target tf2_msgs_generate_messages_eus
[ 52%] Built target tf2_msgs_generate_messages_cpp
[ 52%] Built target actionlib_generate_messages_py
[ 52%] Built target actionlib_generate_messages_eus
[ 52%] Built target tf_generate_messages_eus
[ 52%] Built target octomap_msgs_generate_messages_py
[ 52%] Built target octomap_msgs_generate_messages_lisp
[ 52%] Built target object_recognition_msgs_generate_messages_nodejs
[ 52%] Built target tf_generate_messages_py
[ 52%] Built target object_recognition_msgs_generate_messages_eus
[ 52%] Built target octomap_msgs_generate_messages_eus
[ 52%] Built target object_recognition_msgs_generate_messages_cpp
[ 52%] Built target trajectory_msgs_generate_messages_py
[ 52%] Built target trajectory_msgs_generate_messages_nodejs
[ 52%] Built target trajectory_msgs_generate_messages_lisp
[ 52%] Built target trajectory_msgs_generate_messages_eus
[ 52%] Built target actionlib_generate_messages_cpp
[ 52%] Built target shape_msgs_generate_messages_py
[ 52%] Built target shape_msgs_generate_messages_nodejs
[ 52%] Built target visualization_msgs_generate_messages_py
[ 52%] Built target roscpp_generate_messages_lisp
[ 52%] Built target octomap_msgs_generate_messages_cpp
[ 52%] Built target tf_generate_messages_cpp
[ 52%] Built target actionlib_msgs_generate_messages_eus
[ 52%] Built target actionlib_generate_messages_lisp
[ 52%] Built target actionlib_msgs_generate_messages_lisp
[ 52%] Built target shape_msgs_generate_messages_cpp
[ 52%] Built target object_recognition_msgs_generate_messages_py
[ 52%] Built target roscpp_generate_messages_nodejs
[ 52%] Built target rosgraph_msgs_generate_messages_lisp
[ 52%] Built target moveit_msgs_generate_messages_cpp
[ 52%] Built target rosgraph_msgs_generate_messages_nodejs
[ 52%] Built target moveit_msgs_generate_messages_lisp
[ 52%] Built target roscpp_generate_messages_cpp
[ 52%] Built target moveit_msgs_generate_messages_nodejs
[ 52%] Built target actionlib_msgs_generate_messages_py
[ 52%] Built target shape_msgs_generate_messages_lisp
[ 52%] Built target actionlib_generate_messages_nodejs
[ 52%] Built target actionlib_msgs_generate_messages_cpp
[ 52%] Built target object_recognition_msgs_generate_messages_lisp
[ 52%] Built target rosgraph_msgs_generate_messages_cpp
[ 52%] Built target octomap_msgs_generate_messages_nodejs
[ 52%] Built target trajectory_msgs_generate_messages_cpp
[ 52%] Built target shape_msgs_generate_messages_eus
[ 52%] Built target visualization_msgs_generate_messages_lisp
[ 52%] Built target visualization_msgs_generate_messages_cpp
[ 52%] Built target roscpp_generate_messages_eus
[ 52%] Built target visualization_msgs_generate_messages_nodejs
[ 52%] Built target tf_generate_messages_nodejs
[ 52%] Built target roscpp_generate_messages_py
[ 52%] Built target rosgraph_msgs_generate_messages_eus
[ 52%] Built target tf_generate_messages_lisp
[ 52%] Built target moveit_msgs_generate_messages_eus
[ 52%] Built target rosgraph_msgs_generate_messages_py
[ 52%] Built target moveit_msgs_generate_messages_py
[ 52%] Built target actionlib_msgs_generate_messages_nodejs
[ 52%] Built target tf2_msgs_generate_messages_py
[ 52%] Built target visualization_msgs_generate_messages_eus
[ 56%] [32m[1mLinking CXX shared library /home/nazir/ws_moveit/devel/.private/moveit_ros_perception/lib/libmoveit_lazy_free_space_updater.so[0m
[ 60%] [32m[1mLinking CXX shared library /home/nazir/ws_moveit/devel/.private/moveit_ros_perception/lib/libmoveit_pointcloud_octomap_updater_core.so[0m
[ 64%] [32m[1mLinking CXX shared library /home/nazir/ws_moveit/devel/.private/moveit_ros_perception/lib/libmoveit_semantic_world.so[0m
[ 68%] Built target moveit_lazy_free_space_updater
[ 72%] Built target moveit_pointcloud_octomap_updater_core
[ 76%] [32m[1mLinking CXX shared library /home/nazir/ws_moveit/devel/.private/moveit_ros_perception/lib/libmoveit_depth_image_octomap_updater_core.so[0m
[ 80%] [32m[1mLinking CXX shared library /home/nazir/ws_moveit/devel/.private/moveit_ros_perception/lib/libmoveit_pointcloud_octomap_updater.so[0m
[ 84%] Built target moveit_pointcloud_octomap_updater
[ 88%] Built target moveit_depth_image_octomap_updater_core
[ 92%] [32m[1mLinking CXX shared library /home/nazir/ws_moveit/devel/.private/moveit_ros_perception/lib/libmoveit_depth_image_octomap_updater.so[0m
[ 96%] Built target moveit_depth_image_octomap_updater
[100%] Built target moveit_semantic_world
