[  0%] Built target _rosserial_arduino_generate_messages_check_deps_Test
[  0%] Built target _rosserial_arduino_generate_messages_check_deps_Adc
[  7%] [34m[1mGenerating Javascript code from rosserial_arduino/Test.srv[0m
[ 15%] [34m[1mGenerating Javascript code from rosserial_arduino/Adc.msg[0m
[ 15%] Built target rosserial_arduino_generate_messages_nodejs
[ 23%] [34m[1mGenerating Python from MSG rosserial_arduino/Adc[0m
[ 30%] [34m[1mGenerating C++ code from rosserial_arduino/Adc.msg[0m
[ 38%] [34m[1mGenerating Python code from SRV rosserial_arduino/Test[0m
[ 46%] [34m[1mGenerating Python msg __init__.py for rosserial_arduino[0m
[ 53%] [34m[1mGenerating C++ code from rosserial_arduino/Test.srv[0m
[ 61%] [34m[1mGenerating Python srv __init__.py for rosserial_arduino[0m
[ 61%] Built target rosserial_arduino_generate_messages_py
[ 69%] [34m[1mGenerating Lisp code from rosserial_arduino/Adc.msg[0m
[ 69%] Built target rosserial_arduino_generate_messages_cpp
[ 76%] [34m[1mGenerating Lisp code from rosserial_arduino/Test.srv[0m
[ 76%] Built target rosserial_arduino_generate_messages_lisp
[ 84%] [34m[1mGenerating EusLisp code from rosserial_arduino/Adc.msg[0m
[ 92%] [34m[1mGenerating EusLisp code from rosserial_arduino/Test.srv[0m
[100%] Built target rosserial_arduino_generate_messages_eus
[100%] Built target rosserial_arduino_generate_messages
