In file included from [01m[K/home/nazir/ws_moveit/src/iai_kinect2/kinect2_registration/src/depth_registration_opencl.cpp:33:0[m[K:
[01m[K/home/nazir/ws_moveit/src/iai_kinect2/kinect2_registration/include/internal/CL/cl.hpp:[m[K In constructor ‘[01m[Kcl::Image1D::Image1D(const cl::Context&, cl_mem_flags, cl::ImageFormat, size_t, void*, cl_int*)[m[K’:
[01m[K/home/nazir/ws_moveit/src/iai_kinect2/kinect2_registration/include/internal/CL/cl.hpp:3654:9:[m[K [01;35m[Kwarning: [m[Kmissing braces around initializer for ‘[01m[K_cl_image_desc::<anonymous union>[m[K’ [-Wmissing-braces]
         };
[01;32m[K         ^[m[K
[01m[K/home/nazir/ws_moveit/src/iai_kinect2/kinect2_registration/include/internal/CL/cl.hpp:[m[K In constructor ‘[01m[Kcl::Image1DBuffer::Image1DBuffer(const cl::Context&, cl_mem_flags, cl::ImageFormat, size_t, const cl::Buffer&, cl_int*)[m[K’:
[01m[K/home/nazir/ws_moveit/src/iai_kinect2/kinect2_registration/include/internal/CL/cl.hpp:3740:9:[m[K [01;35m[Kwarning: [m[Kmissing braces around initializer for ‘[01m[K_cl_image_desc::<anonymous union>[m[K’ [-Wmissing-braces]
         };
[01;32m[K         ^[m[K
[01m[K/home/nazir/ws_moveit/src/iai_kinect2/kinect2_registration/include/internal/CL/cl.hpp:[m[K In constructor ‘[01m[Kcl::Image1DArray::Image1DArray(const cl::Context&, cl_mem_flags, cl::ImageFormat, size_t, size_t, size_t, void*, cl_int*)[m[K’:
[01m[K/home/nazir/ws_moveit/src/iai_kinect2/kinect2_registration/include/internal/CL/cl.hpp:3821:9:[m[K [01;35m[Kwarning: [m[Kmissing braces around initializer for ‘[01m[K_cl_image_desc::<anonymous union>[m[K’ [-Wmissing-braces]
         };
[01;32m[K         ^[m[K
[01m[K/home/nazir/ws_moveit/src/iai_kinect2/kinect2_registration/include/internal/CL/cl.hpp:[m[K In constructor ‘[01m[Kcl::Image2D::Image2D(const cl::Context&, cl_mem_flags, cl::ImageFormat, size_t, size_t, size_t, void*, cl_int*)[m[K’:
[01m[K/home/nazir/ws_moveit/src/iai_kinect2/kinect2_registration/include/internal/CL/cl.hpp:3928:13:[m[K [01;35m[Kwarning: [m[Kmissing braces around initializer for ‘[01m[K_cl_image_desc::<anonymous union>[m[K’ [-Wmissing-braces]
             };
[01;32m[K             ^[m[K
[01m[K/home/nazir/ws_moveit/src/iai_kinect2/kinect2_registration/include/internal/CL/cl.hpp:[m[K In constructor ‘[01m[Kcl::Image2DArray::Image2DArray(const cl::Context&, cl_mem_flags, cl::ImageFormat, size_t, size_t, size_t, size_t, size_t, void*, cl_int*)[m[K’:
[01m[K/home/nazir/ws_moveit/src/iai_kinect2/kinect2_registration/include/internal/CL/cl.hpp:4131:9:[m[K [01;35m[Kwarning: [m[Kmissing braces around initializer for ‘[01m[K_cl_image_desc::<anonymous union>[m[K’ [-Wmissing-braces]
         };
[01;32m[K         ^[m[K
[01m[K/home/nazir/ws_moveit/src/iai_kinect2/kinect2_registration/include/internal/CL/cl.hpp:[m[K In constructor ‘[01m[Kcl::Image3D::Image3D(const cl::Context&, cl_mem_flags, cl::ImageFormat, size_t, size_t, size_t, size_t, size_t, void*, cl_int*)[m[K’:
[01m[K/home/nazir/ws_moveit/src/iai_kinect2/kinect2_registration/include/internal/CL/cl.hpp:4241:13:[m[K [01;35m[Kwarning: [m[Kmissing braces around initializer for ‘[01m[K_cl_image_desc::<anonymous union>[m[K’ [-Wmissing-braces]
             };
[01;32m[K             ^[m[K
