Determining if the pthread_create exist failed with the following output:
Change Dir: /home/nazir/ws_moveit/build/moveit_ros_move_group/CMakeFiles/CMakeTmp

Run Build Command:"/usr/bin/make" "cmTC_fcbec/fast"
/usr/bin/make -f CMakeFiles/cmTC_fcbec.dir/build.make CMakeFiles/cmTC_fcbec.dir/build
make[1]: Entering directory '/home/nazir/ws_moveit/build/moveit_ros_move_group/CMakeFiles/CMakeTmp'
Building C object CMakeFiles/cmTC_fcbec.dir/CheckSymbolExists.c.o
/usr/bin/cc     -o CMakeFiles/cmTC_fcbec.dir/CheckSymbolExists.c.o   -c /home/nazir/ws_moveit/build/moveit_ros_move_group/CMakeFiles/CMakeTmp/CheckSymbolExists.c
Linking C executable cmTC_fcbec
/usr/bin/cmake -E cmake_link_script CMakeFiles/cmTC_fcbec.dir/link.txt --verbose=1
/usr/bin/cc       CMakeFiles/cmTC_fcbec.dir/CheckSymbolExists.c.o  -o cmTC_fcbec -rdynamic 
CMakeFiles/cmTC_fcbec.dir/CheckSymbolExists.c.o: In function `main':
CheckSymbolExists.c:(.text+0x16): undefined reference to `pthread_create'
collect2: error: ld returned 1 exit status
CMakeFiles/cmTC_fcbec.dir/build.make:97: recipe for target 'cmTC_fcbec' failed
make[1]: *** [cmTC_fcbec] Error 1
make[1]: Leaving directory '/home/nazir/ws_moveit/build/moveit_ros_move_group/CMakeFiles/CMakeTmp'
Makefile:126: recipe for target 'cmTC_fcbec/fast' failed
make: *** [cmTC_fcbec/fast] Error 2

File /home/nazir/ws_moveit/build/moveit_ros_move_group/CMakeFiles/CMakeTmp/CheckSymbolExists.c:
/* */
#include <pthread.h>

int main(int argc, char** argv)
{
  (void)argv;
#ifndef pthread_create
  return ((int*)(&pthread_create))[argc];
#else
  (void)argc;
  return 0;
#endif
}

Determining if the function pthread_create exists in the pthreads failed with the following output:
Change Dir: /home/nazir/ws_moveit/build/moveit_ros_move_group/CMakeFiles/CMakeTmp

Run Build Command:"/usr/bin/make" "cmTC_6446b/fast"
/usr/bin/make -f CMakeFiles/cmTC_6446b.dir/build.make CMakeFiles/cmTC_6446b.dir/build
make[1]: Entering directory '/home/nazir/ws_moveit/build/moveit_ros_move_group/CMakeFiles/CMakeTmp'
Building C object CMakeFiles/cmTC_6446b.dir/CheckFunctionExists.c.o
/usr/bin/cc    -DCHECK_FUNCTION_EXISTS=pthread_create   -o CMakeFiles/cmTC_6446b.dir/CheckFunctionExists.c.o   -c /usr/share/cmake-3.5/Modules/CheckFunctionExists.c
Linking C executable cmTC_6446b
/usr/bin/cmake -E cmake_link_script CMakeFiles/cmTC_6446b.dir/link.txt --verbose=1
/usr/bin/cc   -DCHECK_FUNCTION_EXISTS=pthread_create    CMakeFiles/cmTC_6446b.dir/CheckFunctionExists.c.o  -o cmTC_6446b -rdynamic -lpthreads 
/usr/bin/ld: cannot find -lpthreads
collect2: error: ld returned 1 exit status
CMakeFiles/cmTC_6446b.dir/build.make:97: recipe for target 'cmTC_6446b' failed
make[1]: *** [cmTC_6446b] Error 1
make[1]: Leaving directory '/home/nazir/ws_moveit/build/moveit_ros_move_group/CMakeFiles/CMakeTmp'
Makefile:126: recipe for target 'cmTC_6446b/fast' failed
make: *** [cmTC_6446b/fast] Error 2


