Determining if the pthread_create exist failed with the following output:
Change Dir: /home/nazir/ws_moveit/build/freenect_stack/CMakeFiles/CMakeTmp

Run Build Command:"/usr/bin/make" "cmTC_1882d/fast"
/usr/bin/make -f CMakeFiles/cmTC_1882d.dir/build.make CMakeFiles/cmTC_1882d.dir/build
make[1]: Entering directory '/home/nazir/ws_moveit/build/freenect_stack/CMakeFiles/CMakeTmp'
Building C object CMakeFiles/cmTC_1882d.dir/CheckSymbolExists.c.o
/usr/bin/cc     -o CMakeFiles/cmTC_1882d.dir/CheckSymbolExists.c.o   -c /home/nazir/ws_moveit/build/freenect_stack/CMakeFiles/CMakeTmp/CheckSymbolExists.c
Linking C executable cmTC_1882d
/usr/bin/cmake -E cmake_link_script CMakeFiles/cmTC_1882d.dir/link.txt --verbose=1
/usr/bin/cc       CMakeFiles/cmTC_1882d.dir/CheckSymbolExists.c.o  -o cmTC_1882d -rdynamic 
CMakeFiles/cmTC_1882d.dir/CheckSymbolExists.c.o: In function `main':
CheckSymbolExists.c:(.text+0x16): undefined reference to `pthread_create'
collect2: error: ld returned 1 exit status
CMakeFiles/cmTC_1882d.dir/build.make:97: recipe for target 'cmTC_1882d' failed
make[1]: *** [cmTC_1882d] Error 1
make[1]: Leaving directory '/home/nazir/ws_moveit/build/freenect_stack/CMakeFiles/CMakeTmp'
Makefile:126: recipe for target 'cmTC_1882d/fast' failed
make: *** [cmTC_1882d/fast] Error 2

File /home/nazir/ws_moveit/build/freenect_stack/CMakeFiles/CMakeTmp/CheckSymbolExists.c:
/* */
#include <pthread.h>

int main(int argc, char** argv)
{
  (void)argv;
#ifndef pthread_create
  return ((int*)(&pthread_create))[argc];
#else
  (void)argc;
  return 0;
#endif
}

Determining if the function pthread_create exists in the pthreads failed with the following output:
Change Dir: /home/nazir/ws_moveit/build/freenect_stack/CMakeFiles/CMakeTmp

Run Build Command:"/usr/bin/make" "cmTC_25140/fast"
/usr/bin/make -f CMakeFiles/cmTC_25140.dir/build.make CMakeFiles/cmTC_25140.dir/build
make[1]: Entering directory '/home/nazir/ws_moveit/build/freenect_stack/CMakeFiles/CMakeTmp'
Building C object CMakeFiles/cmTC_25140.dir/CheckFunctionExists.c.o
/usr/bin/cc    -DCHECK_FUNCTION_EXISTS=pthread_create   -o CMakeFiles/cmTC_25140.dir/CheckFunctionExists.c.o   -c /usr/share/cmake-3.5/Modules/CheckFunctionExists.c
Linking C executable cmTC_25140
/usr/bin/cmake -E cmake_link_script CMakeFiles/cmTC_25140.dir/link.txt --verbose=1
/usr/bin/cc   -DCHECK_FUNCTION_EXISTS=pthread_create    CMakeFiles/cmTC_25140.dir/CheckFunctionExists.c.o  -o cmTC_25140 -rdynamic -lpthreads 
/usr/bin/ld: cannot find -lpthreads
collect2: error: ld returned 1 exit status
CMakeFiles/cmTC_25140.dir/build.make:97: recipe for target 'cmTC_25140' failed
make[1]: *** [cmTC_25140] Error 1
make[1]: Leaving directory '/home/nazir/ws_moveit/build/freenect_stack/CMakeFiles/CMakeTmp'
Makefile:126: recipe for target 'cmTC_25140/fast' failed
make: *** [cmTC_25140/fast] Error 2


