Determining if the pthread_create exist failed with the following output:
Change Dir: /home/nazir/ws_moveit/build/moveit_kinematics/CMakeFiles/CMakeTmp

Run Build Command:"/usr/bin/make" "cmTC_cac75/fast"
/usr/bin/make -f CMakeFiles/cmTC_cac75.dir/build.make CMakeFiles/cmTC_cac75.dir/build
make[1]: Entering directory '/home/nazir/ws_moveit/build/moveit_kinematics/CMakeFiles/CMakeTmp'
Building C object CMakeFiles/cmTC_cac75.dir/CheckSymbolExists.c.o
/usr/bin/cc     -o CMakeFiles/cmTC_cac75.dir/CheckSymbolExists.c.o   -c /home/nazir/ws_moveit/build/moveit_kinematics/CMakeFiles/CMakeTmp/CheckSymbolExists.c
Linking C executable cmTC_cac75
/usr/bin/cmake -E cmake_link_script CMakeFiles/cmTC_cac75.dir/link.txt --verbose=1
/usr/bin/cc       CMakeFiles/cmTC_cac75.dir/CheckSymbolExists.c.o  -o cmTC_cac75 -rdynamic 
CMakeFiles/cmTC_cac75.dir/CheckSymbolExists.c.o: In function `main':
CheckSymbolExists.c:(.text+0x16): undefined reference to `pthread_create'
collect2: error: ld returned 1 exit status
CMakeFiles/cmTC_cac75.dir/build.make:97: recipe for target 'cmTC_cac75' failed
make[1]: *** [cmTC_cac75] Error 1
make[1]: Leaving directory '/home/nazir/ws_moveit/build/moveit_kinematics/CMakeFiles/CMakeTmp'
Makefile:126: recipe for target 'cmTC_cac75/fast' failed
make: *** [cmTC_cac75/fast] Error 2

File /home/nazir/ws_moveit/build/moveit_kinematics/CMakeFiles/CMakeTmp/CheckSymbolExists.c:
/* */
#include <pthread.h>

int main(int argc, char** argv)
{
  (void)argv;
#ifndef pthread_create
  return ((int*)(&pthread_create))[argc];
#else
  (void)argc;
  return 0;
#endif
}

Determining if the function pthread_create exists in the pthreads failed with the following output:
Change Dir: /home/nazir/ws_moveit/build/moveit_kinematics/CMakeFiles/CMakeTmp

Run Build Command:"/usr/bin/make" "cmTC_50af6/fast"
/usr/bin/make -f CMakeFiles/cmTC_50af6.dir/build.make CMakeFiles/cmTC_50af6.dir/build
make[1]: Entering directory '/home/nazir/ws_moveit/build/moveit_kinematics/CMakeFiles/CMakeTmp'
Building C object CMakeFiles/cmTC_50af6.dir/CheckFunctionExists.c.o
/usr/bin/cc    -DCHECK_FUNCTION_EXISTS=pthread_create   -o CMakeFiles/cmTC_50af6.dir/CheckFunctionExists.c.o   -c /usr/share/cmake-3.5/Modules/CheckFunctionExists.c
Linking C executable cmTC_50af6
/usr/bin/cmake -E cmake_link_script CMakeFiles/cmTC_50af6.dir/link.txt --verbose=1
/usr/bin/cc   -DCHECK_FUNCTION_EXISTS=pthread_create    CMakeFiles/cmTC_50af6.dir/CheckFunctionExists.c.o  -o cmTC_50af6 -rdynamic -lpthreads 
/usr/bin/ld: cannot find -lpthreads
collect2: error: ld returned 1 exit status
CMakeFiles/cmTC_50af6.dir/build.make:97: recipe for target 'cmTC_50af6' failed
make[1]: *** [cmTC_50af6] Error 1
make[1]: Leaving directory '/home/nazir/ws_moveit/build/moveit_kinematics/CMakeFiles/CMakeTmp'
Makefile:126: recipe for target 'cmTC_50af6/fast' failed
make: *** [cmTC_50af6/fast] Error 2


