[  0%] Built target tf2_msgs_generate_messages_lisp
[  0%] Built target tf2_msgs_generate_messages_nodejs
[  5%] [32m[1mLinking CXX shared library /home/nazir/ws_moveit/devel/.private/moveit_ros_planning_interface/lib/libmoveit_py_bindings_tools.so[0m
[  5%] Built target tf2_msgs_generate_messages_eus
[ 11%] [32m[1mLinking CXX shared library /home/nazir/ws_moveit/devel/.private/moveit_ros_planning_interface/lib/libmoveit_common_planning_interface_objects.so[0m
[ 11%] Built target tf2_msgs_generate_messages_cpp
[ 11%] Built target actionlib_generate_messages_py
[ 11%] Built target tf_generate_messages_eus
[ 11%] Built target actionlib_generate_messages_eus
[ 11%] Built target rosgraph_msgs_generate_messages_lisp
[ 11%] Built target moveit_ros_manipulation_gencfg
[ 11%] Built target tf_generate_messages_nodejs
[ 11%] Built target rosgraph_msgs_generate_messages_eus
[ 11%] Built target roscpp_generate_messages_py
[ 11%] Built target roscpp_generate_messages_lisp
[ 11%] Built target roscpp_generate_messages_eus
[ 11%] Built target roscpp_generate_messages_cpp
[ 11%] Built target visualization_msgs_generate_messages_py
[ 11%] Built target visualization_msgs_generate_messages_lisp
[ 11%] Built target visualization_msgs_generate_messages_nodejs
[ 16%] Built target moveit_common_planning_interface_objects
[ 16%] Built target visualization_msgs_generate_messages_cpp
[ 16%] Built target moveit_ros_planning_gencfg
[ 16%] Built target octomap_msgs_generate_messages_py
[ 16%] Built target octomap_msgs_generate_messages_lisp
[ 22%] Built target moveit_py_bindings_tools
[ 22%] Built target visualization_msgs_generate_messages_eus
[ 22%] Built target moveit_msgs_generate_messages_nodejs
[ 22%] Built target _catkin_empty_exported_target
[ 22%] Built target actionlib_msgs_generate_messages_py
[ 22%] Built target moveit_msgs_generate_messages_lisp
[ 22%] Built target std_msgs_generate_messages_py
[ 22%] Built target geometry_msgs_generate_messages_eus
[ 22%] Built target actionlib_generate_messages_lisp
[ 22%] Built target std_msgs_generate_messages_eus
[ 22%] Built target actionlib_msgs_generate_messages_eus
[ 22%] Built target tf_generate_messages_cpp
[ 22%] Built target octomap_msgs_generate_messages_cpp
[ 22%] Built target trajectory_msgs_generate_messages_py
[ 22%] Built target trajectory_msgs_generate_messages_eus
[ 22%] Built target shape_msgs_generate_messages_cpp
[ 22%] Built target roscpp_generate_messages_nodejs
[ 22%] Built target geometry_msgs_generate_messages_nodejs
[ 22%] Built target shape_msgs_generate_messages_py
[ 22%] Built target geometry_msgs_generate_messages_lisp
[ 22%] Built target actionlib_msgs_generate_messages_lisp
[ 22%] Built target std_msgs_generate_messages_lisp
[ 22%] Built target object_recognition_msgs_generate_messages_lisp
[ 22%] Built target rosgraph_msgs_generate_messages_cpp
[ 22%] Built target actionlib_msgs_generate_messages_nodejs
[ 22%] Built target object_recognition_msgs_generate_messages_eus
[ 22%] Built target rosgraph_msgs_generate_messages_nodejs
[ 22%] Built target tf2_msgs_generate_messages_py
[ 22%] Built target sensor_msgs_generate_messages_cpp
[ 22%] Built target moveit_msgs_generate_messages_cpp
[ 22%] Built target tf_generate_messages_lisp
[ 22%] Built target moveit_msgs_generate_messages_eus
[ 22%] Built target rosgraph_msgs_generate_messages_py
[ 22%] Built target moveit_msgs_generate_messages_py
[ 22%] Built target actionlib_generate_messages_nodejs
[ 22%] Built target std_msgs_generate_messages_cpp
[ 22%] Built target actionlib_msgs_generate_messages_cpp
[ 22%] Built target sensor_msgs_generate_messages_eus
[ 22%] Built target sensor_msgs_generate_messages_nodejs
[ 22%] Built target actionlib_generate_messages_cpp
[ 22%] Built target sensor_msgs_generate_messages_py
[ 22%] Built target std_msgs_generate_messages_nodejs
[ 22%] Built target sensor_msgs_generate_messages_lisp
[ 22%] Built target object_recognition_msgs_generate_messages_py
[ 22%] Built target geometry_msgs_generate_messages_py
[ 22%] Built target trajectory_msgs_generate_messages_lisp
[ 22%] Built target tf_generate_messages_py
[ 22%] Built target object_recognition_msgs_generate_messages_nodejs
[ 22%] Built target trajectory_msgs_generate_messages_cpp
[ 22%] Built target geometry_msgs_generate_messages_cpp
[ 22%] Built target octomap_msgs_generate_messages_nodejs
[ 22%] Built target trajectory_msgs_generate_messages_nodejs
[ 22%] Built target shape_msgs_generate_messages_eus
[ 22%] Built target shape_msgs_generate_messages_lisp
[ 22%] Built target shape_msgs_generate_messages_nodejs
[ 22%] Built target octomap_msgs_generate_messages_eus
[ 22%] Built target object_recognition_msgs_generate_messages_cpp
[ 27%] [32m[1mLinking CXX shared library /home/nazir/ws_moveit/devel/.private/moveit_ros_planning_interface/lib/python2.7/dist-packages/moveit_ros_planning_interface/_moveit_roscpp_initializer.so[0m
[ 33%] [32m[1mLinking CXX shared library /home/nazir/ws_moveit/devel/.private/moveit_ros_planning_interface/lib/python2.7/dist-packages/moveit_ros_planning_interface/_moveit_robot_interface.so[0m
[ 38%] [32m[1mLinking CXX shared library /home/nazir/ws_moveit/devel/.private/moveit_ros_planning_interface/lib/libmoveit_planning_scene_interface.so[0m
[ 44%] Built target moveit_py_bindings_tools_python
[ 50%] Built target moveit_planning_scene_interface
[ 55%] [32m[1mLinking CXX shared library /home/nazir/ws_moveit/devel/.private/moveit_ros_planning_interface/lib/libmoveit_move_group_interface.so[0m
[ 61%] [32m[1mLinking CXX shared library /home/nazir/ws_moveit/devel/.private/moveit_ros_planning_interface/lib/python2.7/dist-packages/moveit_ros_planning_interface/_moveit_planning_scene_interface.so[0m
[ 66%] Built target moveit_robot_interface_python
[ 72%] Built target moveit_planning_scene_interface_python
[ 77%] Built target moveit_move_group_interface
[ 83%] [32m[1mLinking CXX shared library /home/nazir/ws_moveit/devel/.private/moveit_ros_planning_interface/lib/python2.7/dist-packages/moveit_ros_planning_interface/_moveit_move_group_interface.so[0m
[ 88%] [32m[1mLinking CXX executable /home/nazir/ws_moveit/devel/.private/moveit_ros_planning_interface/lib/moveit_ros_planning_interface/demo[0m
[ 94%] Built target moveit_move_group_interface_python
[100%] Built target demo
