[  0%] Built target tf2_msgs_generate_messages_lisp
[  0%] Built target tf2_msgs_generate_messages_nodejs
[  5%] [32m[1mLinking CXX shared library /home/nazir/ws_moveit/devel/.private/moveit_ros_planning_interface/lib/libmoveit_py_bindings_tools.so[0m
[ 11%] [32m[1mLinking CXX shared library /home/nazir/ws_moveit/devel/.private/moveit_ros_planning_interface/lib/libmoveit_common_planning_interface_objects.so[0m
[ 11%] Built target tf2_msgs_generate_messages_eus
[ 11%] Built target tf2_msgs_generate_messages_cpp
[ 11%] Built target actionlib_generate_messages_py
[ 11%] Built target actionlib_generate_messages_eus
[ 11%] Built target tf_generate_messages_eus
[ 11%] Built target moveit_ros_manipulation_gencfg
[ 11%] Built target rosgraph_msgs_generate_messages_lisp
[ 11%] Built target rosgraph_msgs_generate_messages_eus
[ 11%] Built target tf_generate_messages_nodejs
[ 11%] Built target roscpp_generate_messages_py
[ 11%] Built target roscpp_generate_messages_lisp
[ 11%] Built target roscpp_generate_messages_eus
[ 11%] Built target roscpp_generate_messages_cpp
[ 11%] Built target visualization_msgs_generate_messages_py
[ 11%] Built target visualization_msgs_generate_messages_lisp
[ 11%] Built target visualization_msgs_generate_messages_nodejs
[ 11%] Built target visualization_msgs_generate_messages_cpp
[ 16%] Built target moveit_common_planning_interface_objects
[ 16%] Built target moveit_ros_planning_gencfg
[ 16%] Built target visualization_msgs_generate_messages_eus
[ 16%] Built target octomap_msgs_generate_messages_py
[ 16%] Built target octomap_msgs_generate_messages_lisp
[ 22%] Built target moveit_py_bindings_tools
[ 22%] Built target actionlib_msgs_generate_messages_py
[ 22%] Built target _catkin_empty_exported_target
[ 22%] Built target moveit_msgs_generate_messages_nodejs
[ 22%] Built target geometry_msgs_generate_messages_eus
[ 22%] Built target moveit_msgs_generate_messages_lisp
[ 22%] Built target std_msgs_generate_messages_py
[ 22%] Built target std_msgs_generate_messages_eus
[ 22%] Built target tf_generate_messages_cpp
[ 22%] Built target actionlib_generate_messages_lisp
[ 22%] Built target actionlib_msgs_generate_messages_eus
[ 22%] Built target roscpp_generate_messages_nodejs
[ 22%] Built target octomap_msgs_generate_messages_cpp
[ 22%] Built target shape_msgs_generate_messages_cpp
[ 22%] Built target trajectory_msgs_generate_messages_py
[ 22%] Built target trajectory_msgs_generate_messages_eus
[ 22%] Built target shape_msgs_generate_messages_py
[ 22%] Built target geometry_msgs_generate_messages_nodejs
[ 22%] Built target actionlib_msgs_generate_messages_lisp
[ 22%] Built target geometry_msgs_generate_messages_lisp
[ 22%] Built target rosgraph_msgs_generate_messages_cpp
[ 22%] Built target std_msgs_generate_messages_lisp
[ 22%] Built target object_recognition_msgs_generate_messages_lisp
[ 22%] Built target tf2_msgs_generate_messages_py
[ 22%] Built target object_recognition_msgs_generate_messages_eus
[ 22%] Built target actionlib_msgs_generate_messages_nodejs
[ 22%] Built target rosgraph_msgs_generate_messages_nodejs
[ 22%] Built target tf_generate_messages_lisp
[ 22%] Built target sensor_msgs_generate_messages_cpp
[ 22%] Built target moveit_msgs_generate_messages_cpp
[ 22%] Built target rosgraph_msgs_generate_messages_py
[ 22%] Built target moveit_msgs_generate_messages_py
[ 22%] Built target actionlib_generate_messages_nodejs
[ 22%] Built target moveit_msgs_generate_messages_eus
[ 22%] Built target std_msgs_generate_messages_cpp
[ 22%] Built target actionlib_msgs_generate_messages_cpp
[ 22%] Built target sensor_msgs_generate_messages_eus
[ 22%] Built target sensor_msgs_generate_messages_nodejs
[ 22%] Built target actionlib_generate_messages_cpp
[ 22%] Built target sensor_msgs_generate_messages_py
[ 22%] Built target sensor_msgs_generate_messages_lisp
[ 22%] Built target geometry_msgs_generate_messages_py
[ 22%] Built target object_recognition_msgs_generate_messages_py
[ 22%] Built target std_msgs_generate_messages_nodejs
[ 22%] Built target trajectory_msgs_generate_messages_lisp
[ 22%] Built target tf_generate_messages_py
[ 22%] Built target object_recognition_msgs_generate_messages_nodejs
[ 22%] Built target trajectory_msgs_generate_messages_nodejs
[ 22%] Built target octomap_msgs_generate_messages_nodejs
[ 22%] Built target trajectory_msgs_generate_messages_cpp
[ 22%] Built target geometry_msgs_generate_messages_cpp
[ 22%] Built target shape_msgs_generate_messages_eus
[ 22%] Built target shape_msgs_generate_messages_lisp
[ 22%] Built target shape_msgs_generate_messages_nodejs
[ 22%] Built target octomap_msgs_generate_messages_eus
[ 22%] Built target object_recognition_msgs_generate_messages_cpp
[35m[1mScanning dependencies of target moveit_robot_interface_python[0m
[35m[1mScanning dependencies of target moveit_py_bindings_tools_python[0m
[ 27%] [32m[1mLinking CXX shared library /home/nazir/ws_moveit/devel/.private/moveit_ros_planning_interface/lib/libmoveit_planning_scene_interface.so[0m
[ 33%] [32mBuilding CXX object py_bindings_tools/CMakeFiles/moveit_py_bindings_tools_python.dir/src/wrap_python_roscpp_initializer.cpp.o[0m
[ 38%] [32mBuilding CXX object robot_interface/CMakeFiles/moveit_robot_interface_python.dir/src/wrap_python_robot_interface.cpp.o[0m
[ 44%] Built target moveit_planning_scene_interface
[35m[1mScanning dependencies of target moveit_planning_scene_interface_python[0m
[ 50%] [32m[1mLinking CXX shared library /home/nazir/ws_moveit/devel/.private/moveit_ros_planning_interface/lib/libmoveit_move_group_interface.so[0m
[ 55%] [32mBuilding CXX object planning_scene_interface/CMakeFiles/moveit_planning_scene_interface_python.dir/src/wrap_python_planning_scene_interface.cpp.o[0m
[ 61%] Built target moveit_move_group_interface
[35m[1mScanning dependencies of target moveit_move_group_interface_python[0m
[ 66%] [32mBuilding CXX object move_group_interface/CMakeFiles/moveit_move_group_interface_python.dir/src/wrap_python_move_group.cpp.o[0m
[ 72%] [32m[1mLinking CXX shared library /home/nazir/ws_moveit/devel/.private/moveit_ros_planning_interface/lib/python2.7/dist-packages/moveit_ros_planning_interface/_moveit_roscpp_initializer.so[0m
[ 72%] Built target moveit_py_bindings_tools_python
[ 77%] [32m[1mLinking CXX executable /home/nazir/ws_moveit/devel/.private/moveit_ros_planning_interface/lib/moveit_ros_planning_interface/demo[0m
[ 83%] Built target demo
[ 88%] [32m[1mLinking CXX shared library /home/nazir/ws_moveit/devel/.private/moveit_ros_planning_interface/lib/python2.7/dist-packages/moveit_ros_planning_interface/_moveit_planning_scene_interface.so[0m
[ 88%] Built target moveit_planning_scene_interface_python
[ 94%] [32m[1mLinking CXX shared library /home/nazir/ws_moveit/devel/.private/moveit_ros_planning_interface/lib/python2.7/dist-packages/moveit_ros_planning_interface/_moveit_robot_interface.so[0m
[ 94%] Built target moveit_robot_interface_python
[100%] [32m[1mLinking CXX shared library /home/nazir/ws_moveit/devel/.private/moveit_ros_planning_interface/lib/python2.7/dist-packages/moveit_ros_planning_interface/_moveit_move_group_interface.so[0m
[100%] Built target moveit_move_group_interface_python
