[  0%] Built target tf2_msgs_generate_messages_nodejs
[  0%] Built target tf2_msgs_generate_messages_lisp
[ 11%] Built target moveit_py_bindings_tools
[ 22%] Built target moveit_common_planning_interface_objects
[ 22%] Built target actionlib_generate_messages_py
[ 22%] Built target tf2_msgs_generate_messages_eus
[ 22%] Built target tf2_msgs_generate_messages_cpp
[ 22%] Built target actionlib_generate_messages_eus
[ 22%] Built target tf_generate_messages_eus
[ 22%] Built target moveit_ros_manipulation_gencfg
[ 22%] Built target rosgraph_msgs_generate_messages_lisp
[ 22%] Built target tf_generate_messages_nodejs
[ 22%] Built target rosgraph_msgs_generate_messages_eus
[ 22%] Built target roscpp_generate_messages_py
[ 22%] Built target roscpp_generate_messages_lisp
[ 22%] Built target roscpp_generate_messages_eus
[ 22%] Built target visualization_msgs_generate_messages_py
[ 22%] Built target roscpp_generate_messages_cpp
[ 22%] Built target visualization_msgs_generate_messages_nodejs
[ 22%] Built target visualization_msgs_generate_messages_lisp
[ 22%] Built target visualization_msgs_generate_messages_cpp
[ 22%] Built target moveit_ros_planning_gencfg
[ 22%] Built target octomap_msgs_generate_messages_py
[ 22%] Built target octomap_msgs_generate_messages_lisp
[ 22%] Built target _catkin_empty_exported_target
[ 22%] Built target actionlib_msgs_generate_messages_py
[ 22%] Built target visualization_msgs_generate_messages_eus
[ 22%] Built target moveit_msgs_generate_messages_nodejs
[ 22%] Built target geometry_msgs_generate_messages_eus
[ 22%] Built target std_msgs_generate_messages_py
[ 22%] Built target moveit_msgs_generate_messages_lisp
[ 22%] Built target actionlib_generate_messages_lisp
[ 22%] Built target std_msgs_generate_messages_eus
[ 22%] Built target actionlib_msgs_generate_messages_eus
[ 22%] Built target trajectory_msgs_generate_messages_py
[ 22%] Built target tf_generate_messages_cpp
[ 22%] Built target octomap_msgs_generate_messages_cpp
[ 22%] Built target roscpp_generate_messages_nodejs
[ 22%] Built target shape_msgs_generate_messages_cpp
[ 22%] Built target trajectory_msgs_generate_messages_eus
[ 22%] Built target geometry_msgs_generate_messages_nodejs
[ 22%] Built target shape_msgs_generate_messages_py
[ 22%] Built target actionlib_msgs_generate_messages_lisp
[ 22%] Built target geometry_msgs_generate_messages_lisp
[ 22%] Built target std_msgs_generate_messages_lisp
[ 22%] Built target rosgraph_msgs_generate_messages_cpp
[ 22%] Built target object_recognition_msgs_generate_messages_lisp
[ 22%] Built target actionlib_msgs_generate_messages_nodejs
[ 22%] Built target tf2_msgs_generate_messages_py
[ 22%] Built target object_recognition_msgs_generate_messages_eus
[ 22%] Built target moveit_msgs_generate_messages_cpp
[ 22%] Built target rosgraph_msgs_generate_messages_nodejs
[ 22%] Built target sensor_msgs_generate_messages_cpp
[ 22%] Built target tf_generate_messages_lisp
[ 22%] Built target rosgraph_msgs_generate_messages_py
[ 22%] Built target moveit_msgs_generate_messages_eus
[ 22%] Built target moveit_msgs_generate_messages_py
[ 22%] Built target actionlib_generate_messages_nodejs
[ 22%] Built target std_msgs_generate_messages_cpp
[ 22%] Built target sensor_msgs_generate_messages_eus
[ 22%] Built target actionlib_msgs_generate_messages_cpp
[ 22%] Built target sensor_msgs_generate_messages_nodejs
[ 22%] Built target sensor_msgs_generate_messages_lisp
[ 22%] Built target sensor_msgs_generate_messages_py
[ 22%] Built target actionlib_generate_messages_cpp
[ 22%] Built target geometry_msgs_generate_messages_py
[ 22%] Built target trajectory_msgs_generate_messages_lisp
[ 22%] Built target std_msgs_generate_messages_nodejs
[ 22%] Built target object_recognition_msgs_generate_messages_py
[ 22%] Built target object_recognition_msgs_generate_messages_nodejs
[ 22%] Built target tf_generate_messages_py
[ 22%] Built target trajectory_msgs_generate_messages_nodejs
[ 22%] Built target octomap_msgs_generate_messages_nodejs
[ 22%] Built target geometry_msgs_generate_messages_cpp
[ 22%] Built target trajectory_msgs_generate_messages_cpp
[ 22%] Built target shape_msgs_generate_messages_eus
[ 22%] Built target shape_msgs_generate_messages_lisp
[ 22%] Built target octomap_msgs_generate_messages_eus
[ 22%] Built target shape_msgs_generate_messages_nodejs
[ 22%] Built target object_recognition_msgs_generate_messages_cpp
[ 33%] Built target moveit_py_bindings_tools_python
[ 44%] Built target moveit_planning_scene_interface
[ 55%] Built target moveit_robot_interface_python
[ 66%] Built target moveit_planning_scene_interface_python
[ 77%] Built target moveit_move_group_interface
[ 88%] Built target moveit_move_group_interface_python
[100%] Built target demo
