Determining if the pthread_create exist failed with the following output:
Change Dir: /home/nazir/ws_moveit/build/moveit_ros_control_interface/CMakeFiles/CMakeTmp

Run Build Command:"/usr/bin/make" "cmTC_fc815/fast"
/usr/bin/make -f CMakeFiles/cmTC_fc815.dir/build.make CMakeFiles/cmTC_fc815.dir/build
make[1]: Entering directory '/home/nazir/ws_moveit/build/moveit_ros_control_interface/CMakeFiles/CMakeTmp'
Building C object CMakeFiles/cmTC_fc815.dir/CheckSymbolExists.c.o
/usr/bin/cc     -o CMakeFiles/cmTC_fc815.dir/CheckSymbolExists.c.o   -c /home/nazir/ws_moveit/build/moveit_ros_control_interface/CMakeFiles/CMakeTmp/CheckSymbolExists.c
Linking C executable cmTC_fc815
/usr/bin/cmake -E cmake_link_script CMakeFiles/cmTC_fc815.dir/link.txt --verbose=1
/usr/bin/cc       CMakeFiles/cmTC_fc815.dir/CheckSymbolExists.c.o  -o cmTC_fc815 -rdynamic 
CMakeFiles/cmTC_fc815.dir/CheckSymbolExists.c.o: In function `main':
CheckSymbolExists.c:(.text+0x16): undefined reference to `pthread_create'
collect2: error: ld returned 1 exit status
CMakeFiles/cmTC_fc815.dir/build.make:97: recipe for target 'cmTC_fc815' failed
make[1]: *** [cmTC_fc815] Error 1
make[1]: Leaving directory '/home/nazir/ws_moveit/build/moveit_ros_control_interface/CMakeFiles/CMakeTmp'
Makefile:126: recipe for target 'cmTC_fc815/fast' failed
make: *** [cmTC_fc815/fast] Error 2

File /home/nazir/ws_moveit/build/moveit_ros_control_interface/CMakeFiles/CMakeTmp/CheckSymbolExists.c:
/* */
#include <pthread.h>

int main(int argc, char** argv)
{
  (void)argv;
#ifndef pthread_create
  return ((int*)(&pthread_create))[argc];
#else
  (void)argc;
  return 0;
#endif
}

Determining if the function pthread_create exists in the pthreads failed with the following output:
Change Dir: /home/nazir/ws_moveit/build/moveit_ros_control_interface/CMakeFiles/CMakeTmp

Run Build Command:"/usr/bin/make" "cmTC_ed60a/fast"
/usr/bin/make -f CMakeFiles/cmTC_ed60a.dir/build.make CMakeFiles/cmTC_ed60a.dir/build
make[1]: Entering directory '/home/nazir/ws_moveit/build/moveit_ros_control_interface/CMakeFiles/CMakeTmp'
Building C object CMakeFiles/cmTC_ed60a.dir/CheckFunctionExists.c.o
/usr/bin/cc    -DCHECK_FUNCTION_EXISTS=pthread_create   -o CMakeFiles/cmTC_ed60a.dir/CheckFunctionExists.c.o   -c /usr/share/cmake-3.5/Modules/CheckFunctionExists.c
Linking C executable cmTC_ed60a
/usr/bin/cmake -E cmake_link_script CMakeFiles/cmTC_ed60a.dir/link.txt --verbose=1
/usr/bin/cc   -DCHECK_FUNCTION_EXISTS=pthread_create    CMakeFiles/cmTC_ed60a.dir/CheckFunctionExists.c.o  -o cmTC_ed60a -rdynamic -lpthreads 
/usr/bin/ld: cannot find -lpthreads
collect2: error: ld returned 1 exit status
CMakeFiles/cmTC_ed60a.dir/build.make:97: recipe for target 'cmTC_ed60a' failed
make[1]: *** [cmTC_ed60a] Error 1
make[1]: Leaving directory '/home/nazir/ws_moveit/build/moveit_ros_control_interface/CMakeFiles/CMakeTmp'
Makefile:126: recipe for target 'cmTC_ed60a/fast' failed
make: *** [cmTC_ed60a/fast] Error 2


