Determining if the pthread_create exist failed with the following output:
Change Dir: /home/nazir/ws_moveit/build/ur5_moveit_config/CMakeFiles/CMakeTmp

Run Build Command:"/usr/bin/make" "cmTC_ab16e/fast"
/usr/bin/make -f CMakeFiles/cmTC_ab16e.dir/build.make CMakeFiles/cmTC_ab16e.dir/build
make[1]: Entering directory '/home/nazir/ws_moveit/build/ur5_moveit_config/CMakeFiles/CMakeTmp'
Building C object CMakeFiles/cmTC_ab16e.dir/CheckSymbolExists.c.o
/usr/bin/cc     -o CMakeFiles/cmTC_ab16e.dir/CheckSymbolExists.c.o   -c /home/nazir/ws_moveit/build/ur5_moveit_config/CMakeFiles/CMakeTmp/CheckSymbolExists.c
Linking C executable cmTC_ab16e
/usr/bin/cmake -E cmake_link_script CMakeFiles/cmTC_ab16e.dir/link.txt --verbose=1
/usr/bin/cc       CMakeFiles/cmTC_ab16e.dir/CheckSymbolExists.c.o  -o cmTC_ab16e -rdynamic 
CMakeFiles/cmTC_ab16e.dir/CheckSymbolExists.c.o: In function `main':
CheckSymbolExists.c:(.text+0x16): undefined reference to `pthread_create'
collect2: error: ld returned 1 exit status
CMakeFiles/cmTC_ab16e.dir/build.make:97: recipe for target 'cmTC_ab16e' failed
make[1]: *** [cmTC_ab16e] Error 1
make[1]: Leaving directory '/home/nazir/ws_moveit/build/ur5_moveit_config/CMakeFiles/CMakeTmp'
Makefile:126: recipe for target 'cmTC_ab16e/fast' failed
make: *** [cmTC_ab16e/fast] Error 2

File /home/nazir/ws_moveit/build/ur5_moveit_config/CMakeFiles/CMakeTmp/CheckSymbolExists.c:
/* */
#include <pthread.h>

int main(int argc, char** argv)
{
  (void)argv;
#ifndef pthread_create
  return ((int*)(&pthread_create))[argc];
#else
  (void)argc;
  return 0;
#endif
}

Determining if the function pthread_create exists in the pthreads failed with the following output:
Change Dir: /home/nazir/ws_moveit/build/ur5_moveit_config/CMakeFiles/CMakeTmp

Run Build Command:"/usr/bin/make" "cmTC_5c698/fast"
/usr/bin/make -f CMakeFiles/cmTC_5c698.dir/build.make CMakeFiles/cmTC_5c698.dir/build
make[1]: Entering directory '/home/nazir/ws_moveit/build/ur5_moveit_config/CMakeFiles/CMakeTmp'
Building C object CMakeFiles/cmTC_5c698.dir/CheckFunctionExists.c.o
/usr/bin/cc    -DCHECK_FUNCTION_EXISTS=pthread_create   -o CMakeFiles/cmTC_5c698.dir/CheckFunctionExists.c.o   -c /usr/share/cmake-3.5/Modules/CheckFunctionExists.c
Linking C executable cmTC_5c698
/usr/bin/cmake -E cmake_link_script CMakeFiles/cmTC_5c698.dir/link.txt --verbose=1
/usr/bin/cc   -DCHECK_FUNCTION_EXISTS=pthread_create    CMakeFiles/cmTC_5c698.dir/CheckFunctionExists.c.o  -o cmTC_5c698 -rdynamic -lpthreads 
/usr/bin/ld: cannot find -lpthreads
collect2: error: ld returned 1 exit status
CMakeFiles/cmTC_5c698.dir/build.make:97: recipe for target 'cmTC_5c698' failed
make[1]: *** [cmTC_5c698] Error 1
make[1]: Leaving directory '/home/nazir/ws_moveit/build/ur5_moveit_config/CMakeFiles/CMakeTmp'
Makefile:126: recipe for target 'cmTC_5c698/fast' failed
make: *** [cmTC_5c698/fast] Error 2


