Linked: (/home/nazir/ws_moveit/devel/.private/moveit_core/include/moveit/version.h, /home/nazir/ws_moveit/devel/include/moveit/version.h)
Linked: (/home/nazir/ws_moveit/devel/.private/moveit_core/lib/libmoveit_collision_detection_fcl.so, /home/nazir/ws_moveit/devel/lib/libmoveit_collision_detection_fcl.so)
Linked: (/home/nazir/ws_moveit/devel/.private/moveit_core/lib/libmoveit_kinematic_constraints.so, /home/nazir/ws_moveit/devel/lib/libmoveit_kinematic_constraints.so)
Linked: (/home/nazir/ws_moveit/devel/.private/moveit_core/lib/libmoveit_exceptions.so.0.9.11, /home/nazir/ws_moveit/devel/lib/libmoveit_exceptions.so.0.9.11)
Linked: (/home/nazir/ws_moveit/devel/.private/moveit_core/lib/libmoveit_planning_scene.so.0.9.11, /home/nazir/ws_moveit/devel/lib/libmoveit_planning_scene.so.0.9.11)
Linked: (/home/nazir/ws_moveit/devel/.private/moveit_core/lib/libmoveit_robot_trajectory.so.0.9.11, /home/nazir/ws_moveit/devel/lib/libmoveit_robot_trajectory.so.0.9.11)
Linked: (/home/nazir/ws_moveit/devel/.private/moveit_core/lib/libmoveit_dynamics_solver.so.0.9.11, /home/nazir/ws_moveit/devel/lib/libmoveit_dynamics_solver.so.0.9.11)
Linked: (/home/nazir/ws_moveit/devel/.private/moveit_core/lib/libmoveit_transforms.so.0.9.11, /home/nazir/ws_moveit/devel/lib/libmoveit_transforms.so.0.9.11)
Linked: (/home/nazir/ws_moveit/devel/.private/moveit_core/lib/libmoveit_distance_field.so, /home/nazir/ws_moveit/devel/lib/libmoveit_distance_field.so)
Linked: (/home/nazir/ws_moveit/devel/.private/moveit_core/lib/libmoveit_kinematics_base.so, /home/nazir/ws_moveit/devel/lib/libmoveit_kinematics_base.so)
Linked: (/home/nazir/ws_moveit/devel/.private/moveit_core/lib/libmoveit_profiler.so, /home/nazir/ws_moveit/devel/lib/libmoveit_profiler.so)
Linked: (/home/nazir/ws_moveit/devel/.private/moveit_core/lib/libmoveit_robot_trajectory.so, /home/nazir/ws_moveit/devel/lib/libmoveit_robot_trajectory.so)
Linked: (/home/nazir/ws_moveit/devel/.private/moveit_core/lib/libmoveit_planning_interface.so.0.9.11, /home/nazir/ws_moveit/devel/lib/libmoveit_planning_interface.so.0.9.11)
Linked: (/home/nazir/ws_moveit/devel/.private/moveit_core/lib/libmoveit_kinematic_constraints.so.0.9.11, /home/nazir/ws_moveit/devel/lib/libmoveit_kinematic_constraints.so.0.9.11)
Linked: (/home/nazir/ws_moveit/devel/.private/moveit_core/lib/libmoveit_exceptions.so, /home/nazir/ws_moveit/devel/lib/libmoveit_exceptions.so)
Linked: (/home/nazir/ws_moveit/devel/.private/moveit_core/lib/libmoveit_collision_detection.so, /home/nazir/ws_moveit/devel/lib/libmoveit_collision_detection.so)
Linked: (/home/nazir/ws_moveit/devel/.private/moveit_core/lib/libmoveit_planning_interface.so, /home/nazir/ws_moveit/devel/lib/libmoveit_planning_interface.so)
Linked: (/home/nazir/ws_moveit/devel/.private/moveit_core/lib/libmoveit_kinematics_base.so.0.9.11, /home/nazir/ws_moveit/devel/lib/libmoveit_kinematics_base.so.0.9.11)
Linked: (/home/nazir/ws_moveit/devel/.private/moveit_core/lib/libmoveit_planning_request_adapter.so.0.9.11, /home/nazir/ws_moveit/devel/lib/libmoveit_planning_request_adapter.so.0.9.11)
Linked: (/home/nazir/ws_moveit/devel/.private/moveit_core/lib/libmoveit_robot_model.so, /home/nazir/ws_moveit/devel/lib/libmoveit_robot_model.so)
Linked: (/home/nazir/ws_moveit/devel/.private/moveit_core/lib/libmoveit_background_processing.so.0.9.11, /home/nazir/ws_moveit/devel/lib/libmoveit_background_processing.so.0.9.11)
Linked: (/home/nazir/ws_moveit/devel/.private/moveit_core/lib/libmoveit_constraint_samplers.so.0.9.11, /home/nazir/ws_moveit/devel/lib/libmoveit_constraint_samplers.so.0.9.11)
Linked: (/home/nazir/ws_moveit/devel/.private/moveit_core/lib/libmoveit_kinematics_metrics.so, /home/nazir/ws_moveit/devel/lib/libmoveit_kinematics_metrics.so)
Linked: (/home/nazir/ws_moveit/devel/.private/moveit_core/lib/libmoveit_robot_state.so.0.9.11, /home/nazir/ws_moveit/devel/lib/libmoveit_robot_state.so.0.9.11)
Linked: (/home/nazir/ws_moveit/devel/.private/moveit_core/lib/libmoveit_background_processing.so, /home/nazir/ws_moveit/devel/lib/libmoveit_background_processing.so)
Linked: (/home/nazir/ws_moveit/devel/.private/moveit_core/lib/libmoveit_constraint_samplers.so, /home/nazir/ws_moveit/devel/lib/libmoveit_constraint_samplers.so)
Linked: (/home/nazir/ws_moveit/devel/.private/moveit_core/lib/libmoveit_transforms.so, /home/nazir/ws_moveit/devel/lib/libmoveit_transforms.so)
Linked: (/home/nazir/ws_moveit/devel/.private/moveit_core/lib/libmoveit_trajectory_processing.so, /home/nazir/ws_moveit/devel/lib/libmoveit_trajectory_processing.so)
Linked: (/home/nazir/ws_moveit/devel/.private/moveit_core/lib/libmoveit_profiler.so.0.9.11, /home/nazir/ws_moveit/devel/lib/libmoveit_profiler.so.0.9.11)
Linked: (/home/nazir/ws_moveit/devel/.private/moveit_core/lib/libmoveit_distance_field.so.0.9.11, /home/nazir/ws_moveit/devel/lib/libmoveit_distance_field.so.0.9.11)
Linked: (/home/nazir/ws_moveit/devel/.private/moveit_core/lib/libmoveit_collision_detection_fcl.so.0.9.11, /home/nazir/ws_moveit/devel/lib/libmoveit_collision_detection_fcl.so.0.9.11)
Linked: (/home/nazir/ws_moveit/devel/.private/moveit_core/lib/libmoveit_kinematics_metrics.so.0.9.11, /home/nazir/ws_moveit/devel/lib/libmoveit_kinematics_metrics.so.0.9.11)
Linked: (/home/nazir/ws_moveit/devel/.private/moveit_core/lib/libmoveit_collision_detection.so.0.9.11, /home/nazir/ws_moveit/devel/lib/libmoveit_collision_detection.so.0.9.11)
Linked: (/home/nazir/ws_moveit/devel/.private/moveit_core/lib/libmoveit_planning_scene.so, /home/nazir/ws_moveit/devel/lib/libmoveit_planning_scene.so)
Linked: (/home/nazir/ws_moveit/devel/.private/moveit_core/lib/libmoveit_robot_state.so, /home/nazir/ws_moveit/devel/lib/libmoveit_robot_state.so)
Linked: (/home/nazir/ws_moveit/devel/.private/moveit_core/lib/libmoveit_robot_model.so.0.9.11, /home/nazir/ws_moveit/devel/lib/libmoveit_robot_model.so.0.9.11)
Linked: (/home/nazir/ws_moveit/devel/.private/moveit_core/lib/libmoveit_planning_request_adapter.so, /home/nazir/ws_moveit/devel/lib/libmoveit_planning_request_adapter.so)
Linked: (/home/nazir/ws_moveit/devel/.private/moveit_core/lib/libmoveit_trajectory_processing.so.0.9.11, /home/nazir/ws_moveit/devel/lib/libmoveit_trajectory_processing.so.0.9.11)
Linked: (/home/nazir/ws_moveit/devel/.private/moveit_core/lib/libmoveit_dynamics_solver.so, /home/nazir/ws_moveit/devel/lib/libmoveit_dynamics_solver.so)
Linked: (/home/nazir/ws_moveit/devel/.private/moveit_core/lib/pkgconfig/moveit_core.pc, /home/nazir/ws_moveit/devel/lib/pkgconfig/moveit_core.pc)
Linked: (/home/nazir/ws_moveit/devel/.private/moveit_core/lib/moveit_core/moveit_version, /home/nazir/ws_moveit/devel/lib/moveit_core/moveit_version)
Linked: (/home/nazir/ws_moveit/devel/.private/moveit_core/share/moveit_core/cmake/moveit_coreConfig-version.cmake, /home/nazir/ws_moveit/devel/share/moveit_core/cmake/moveit_coreConfig-version.cmake)
Linked: (/home/nazir/ws_moveit/devel/.private/moveit_core/share/moveit_core/cmake/moveit_coreConfig.cmake, /home/nazir/ws_moveit/devel/share/moveit_core/cmake/moveit_coreConfig.cmake)
