[  2%] Built target moveit_version
[  4%] [32m[1mLinking CXX shared library /home/nazir/ws_moveit/devel/.private/moveit_core/lib/libmoveit_exceptions.so[0m
[  5%] Built target moveit_exceptions
[  7%] [32m[1mLinking CXX shared library /home/nazir/ws_moveit/devel/.private/moveit_core/lib/libmoveit_profiler.so[0m
[  8%] Built target moveit_profiler
[ 10%] [32m[1mLinking CXX shared library /home/nazir/ws_moveit/devel/.private/moveit_core/lib/libmoveit_background_processing.so[0m
[ 10%] Built target sensor_msgs_generate_messages_cpp
[ 10%] Built target octomap_msgs_generate_messages_py
[ 10%] Built target octomap_msgs_generate_messages_lisp
[ 10%] Built target object_recognition_msgs_generate_messages_nodejs
[ 10%] Built target object_recognition_msgs_generate_messages_eus
[ 10%] Built target octomap_msgs_generate_messages_eus
[ 10%] Built target trajectory_msgs_generate_messages_py
[ 11%] Built target moveit_background_processing
[ 11%] Built target object_recognition_msgs_generate_messages_cpp
[ 11%] Built target trajectory_msgs_generate_messages_nodejs
[ 11%] Built target trajectory_msgs_generate_messages_lisp
[ 11%] Built target trajectory_msgs_generate_messages_eus
[ 11%] Built target sensor_msgs_generate_messages_py
[ 11%] Built target shape_msgs_generate_messages_py
[ 11%] Built target sensor_msgs_generate_messages_nodejs
[ 11%] Built target geometry_msgs_generate_messages_nodejs
[ 11%] Built target shape_msgs_generate_messages_nodejs
[ 11%] Built target visualization_msgs_generate_messages_py
[ 11%] Built target std_msgs_generate_messages_eus
[ 11%] Built target roscpp_generate_messages_lisp
[ 11%] Built target actionlib_msgs_generate_messages_eus
[ 11%] Built target octomap_msgs_generate_messages_cpp
[ 11%] Built target visualization_msgs_generate_messages_eus
[ 11%] Built target actionlib_msgs_generate_messages_lisp
[ 11%] Built target std_msgs_generate_messages_lisp
[ 11%] Built target geometry_msgs_generate_messages_lisp
[ 11%] Built target object_recognition_msgs_generate_messages_py
[ 11%] Built target sensor_msgs_generate_messages_lisp
[ 11%] Built target shape_msgs_generate_messages_cpp
[ 11%] Built target roscpp_generate_messages_nodejs
[ 11%] Built target rosgraph_msgs_generate_messages_lisp
[ 11%] Built target std_msgs_generate_messages_py
[ 11%] Built target rosgraph_msgs_generate_messages_nodejs
[ 11%] Built target moveit_msgs_generate_messages_cpp
[ 11%] Built target moveit_msgs_generate_messages_lisp
[ 11%] Built target geometry_msgs_generate_messages_eus
[ 11%] Built target roscpp_generate_messages_cpp
[ 11%] Built target moveit_msgs_generate_messages_nodejs
[ 11%] Built target actionlib_msgs_generate_messages_py
[ 11%] Built target shape_msgs_generate_messages_lisp
[ 11%] Built target actionlib_msgs_generate_messages_cpp
[ 11%] Built target sensor_msgs_generate_messages_eus
[ 11%] Built target object_recognition_msgs_generate_messages_lisp
[ 11%] Built target std_msgs_generate_messages_cpp
[ 11%] Built target rosgraph_msgs_generate_messages_cpp
[ 11%] Built target octomap_msgs_generate_messages_nodejs
[ 11%] Built target shape_msgs_generate_messages_eus
[ 11%] Built target trajectory_msgs_generate_messages_cpp
[ 11%] Built target geometry_msgs_generate_messages_cpp
[ 11%] Built target std_msgs_generate_messages_nodejs
[ 11%] Built target visualization_msgs_generate_messages_cpp
[ 11%] Built target geometry_msgs_generate_messages_py
[ 11%] Built target visualization_msgs_generate_messages_lisp
[ 11%] Built target roscpp_generate_messages_eus
[ 11%] Built target visualization_msgs_generate_messages_nodejs
[ 11%] Built target roscpp_generate_messages_py
[ 11%] Built target rosgraph_msgs_generate_messages_py
[ 11%] Built target rosgraph_msgs_generate_messages_eus
[ 11%] Built target moveit_msgs_generate_messages_eus
[ 11%] Built target moveit_msgs_generate_messages_py
[ 11%] Built target actionlib_msgs_generate_messages_nodejs
[ 13%] [32m[1mLinking CXX shared library /home/nazir/ws_moveit/devel/.private/moveit_core/lib/libmoveit_kinematics_base.so[0m
[ 14%] [32m[1mLinking CXX shared library /home/nazir/ws_moveit/devel/.private/moveit_core/lib/libmoveit_distance_field.so[0m
[ 16%] [32m[1mLinking CXX shared library /home/nazir/ws_moveit/devel/.private/moveit_core/lib/libmoveit_transforms.so[0m
[ 17%] Built target moveit_kinematics_base
[ 22%] Built target moveit_distance_field
[ 23%] Built target moveit_transforms
[ 25%] [32m[1mLinking CXX shared library /home/nazir/ws_moveit/devel/.private/moveit_core/lib/libmoveit_robot_model.so[0m
[ 39%] Built target moveit_robot_model
[ 41%] [32m[1mLinking CXX shared library /home/nazir/ws_moveit/devel/.private/moveit_core/lib/libmoveit_robot_state.so[0m
[ 44%] Built target moveit_robot_state
[ 45%] [32m[1mLinking CXX shared library /home/nazir/ws_moveit/devel/.private/moveit_core/lib/libmoveit_robot_trajectory.so[0m
[ 47%] Built target moveit_robot_trajectory
[ 48%] [32m[1mLinking CXX shared library /home/nazir/ws_moveit/devel/.private/moveit_core/lib/libmoveit_collision_detection.so[0m
[ 50%] [32m[1mLinking CXX shared library /home/nazir/ws_moveit/devel/.private/moveit_core/lib/libmoveit_trajectory_processing.so[0m
[ 67%] Built target moveit_trajectory_processing
[ 67%] Built target moveit_collision_detection
[ 69%] [32m[1mLinking CXX shared library /home/nazir/ws_moveit/devel/.private/moveit_core/lib/libmoveit_kinematics_metrics.so[0m
[ 70%] [32m[1mLinking CXX shared library /home/nazir/ws_moveit/devel/.private/moveit_core/lib/libmoveit_planning_interface.so[0m
[ 72%] Built target moveit_kinematics_metrics
[ 73%] Built target moveit_planning_interface
[ 75%] [32m[1mLinking CXX shared library /home/nazir/ws_moveit/devel/.private/moveit_core/lib/libmoveit_dynamics_solver.so[0m
[ 76%] Built target moveit_dynamics_solver
[ 77%] [32m[1mLinking CXX shared library /home/nazir/ws_moveit/devel/.private/moveit_core/lib/libmoveit_collision_detection_fcl.so[0m
[ 82%] Built target moveit_collision_detection_fcl
[ 83%] [32m[1mLinking CXX shared library /home/nazir/ws_moveit/devel/.private/moveit_core/lib/libmoveit_kinematic_constraints.so[0m
[ 86%] Built target moveit_kinematic_constraints
[ 88%] [32m[1mLinking CXX shared library /home/nazir/ws_moveit/devel/.private/moveit_core/lib/libmoveit_planning_scene.so[0m
[ 89%] Built target moveit_planning_scene
[ 91%] [32m[1mLinking CXX shared library /home/nazir/ws_moveit/devel/.private/moveit_core/lib/libmoveit_planning_request_adapter.so[0m
[ 92%] [32m[1mLinking CXX shared library /home/nazir/ws_moveit/devel/.private/moveit_core/lib/libmoveit_constraint_samplers.so[0m
[ 94%] Built target moveit_planning_request_adapter
[100%] Built target moveit_constraint_samplers
