Symlinking /home/nazir/ws_moveit/devel/include/moveit/version.h
Symlinking /home/nazir/ws_moveit/devel/lib/libmoveit_collision_detection_fcl.so
Symlinking /home/nazir/ws_moveit/devel/lib/libmoveit_kinematic_constraints.so
Symlinking /home/nazir/ws_moveit/devel/lib/libmoveit_exceptions.so.0.9.11
Symlinking /home/nazir/ws_moveit/devel/lib/libmoveit_planning_scene.so.0.9.11
Symlinking /home/nazir/ws_moveit/devel/lib/libmoveit_robot_trajectory.so.0.9.11
Symlinking /home/nazir/ws_moveit/devel/lib/libmoveit_dynamics_solver.so.0.9.11
Symlinking /home/nazir/ws_moveit/devel/lib/libmoveit_transforms.so.0.9.11
Symlinking /home/nazir/ws_moveit/devel/lib/libmoveit_distance_field.so
Symlinking /home/nazir/ws_moveit/devel/lib/libmoveit_kinematics_base.so
Symlinking /home/nazir/ws_moveit/devel/lib/libmoveit_profiler.so
Symlinking /home/nazir/ws_moveit/devel/lib/libmoveit_robot_trajectory.so
Symlinking /home/nazir/ws_moveit/devel/lib/libmoveit_planning_interface.so.0.9.11
Symlinking /home/nazir/ws_moveit/devel/lib/libmoveit_kinematic_constraints.so.0.9.11
Symlinking /home/nazir/ws_moveit/devel/lib/libmoveit_exceptions.so
Symlinking /home/nazir/ws_moveit/devel/lib/libmoveit_collision_detection.so
Symlinking /home/nazir/ws_moveit/devel/lib/libmoveit_planning_interface.so
Symlinking /home/nazir/ws_moveit/devel/lib/libmoveit_kinematics_base.so.0.9.11
Symlinking /home/nazir/ws_moveit/devel/lib/libmoveit_planning_request_adapter.so.0.9.11
Symlinking /home/nazir/ws_moveit/devel/lib/libmoveit_robot_model.so
Symlinking /home/nazir/ws_moveit/devel/lib/libmoveit_background_processing.so.0.9.11
Symlinking /home/nazir/ws_moveit/devel/lib/libmoveit_constraint_samplers.so.0.9.11
Symlinking /home/nazir/ws_moveit/devel/lib/libmoveit_kinematics_metrics.so
Symlinking /home/nazir/ws_moveit/devel/lib/libmoveit_robot_state.so.0.9.11
Symlinking /home/nazir/ws_moveit/devel/lib/libmoveit_background_processing.so
Symlinking /home/nazir/ws_moveit/devel/lib/libmoveit_constraint_samplers.so
Symlinking /home/nazir/ws_moveit/devel/lib/libmoveit_transforms.so
Symlinking /home/nazir/ws_moveit/devel/lib/libmoveit_trajectory_processing.so
Symlinking /home/nazir/ws_moveit/devel/lib/libmoveit_profiler.so.0.9.11
Symlinking /home/nazir/ws_moveit/devel/lib/libmoveit_distance_field.so.0.9.11
Symlinking /home/nazir/ws_moveit/devel/lib/libmoveit_collision_detection_fcl.so.0.9.11
Symlinking /home/nazir/ws_moveit/devel/lib/libmoveit_kinematics_metrics.so.0.9.11
Symlinking /home/nazir/ws_moveit/devel/lib/libmoveit_collision_detection.so.0.9.11
Symlinking /home/nazir/ws_moveit/devel/lib/libmoveit_planning_scene.so
Symlinking /home/nazir/ws_moveit/devel/lib/libmoveit_robot_state.so
Symlinking /home/nazir/ws_moveit/devel/lib/libmoveit_robot_model.so.0.9.11
Symlinking /home/nazir/ws_moveit/devel/lib/libmoveit_planning_request_adapter.so
Symlinking /home/nazir/ws_moveit/devel/lib/libmoveit_trajectory_processing.so.0.9.11
Symlinking /home/nazir/ws_moveit/devel/lib/libmoveit_dynamics_solver.so
Symlinking /home/nazir/ws_moveit/devel/lib/pkgconfig/moveit_core.pc
Symlinking /home/nazir/ws_moveit/devel/lib/moveit_core/moveit_version
Symlinking /home/nazir/ws_moveit/devel/share/moveit_core/cmake/moveit_coreConfig-version.cmake
Symlinking /home/nazir/ws_moveit/devel/share/moveit_core/cmake/moveit_coreConfig.cmake
